<?xml version="1.0"?><coverage lines-covered="5331" lines-valid="5813" line-rate="0.9170824015138482" branches-covered="0" branches-valid="0" branch-rate="0" complexity="0" version="1.9" timestamp="1774891036"><sources><source>/app</source></sources><packages><package name="benches" line-rate="0" branch-rate="0" complexity="0"><classes></classes></package><package name="relvar-core/tests" line-rate="0.9506976744186046" branch-rate="0" complexity="0"><classes><class name="sentry_check_constraint_coverage" filename="relvar-core/tests/sentry_check_constraint_coverage.rs" line-rate="1" branch-rate="0" complexity="0"><methods/><lines><line number="1" hits="1"/><line number="6" hits="3"/><line number="7" hits="2"/><line number="10" hits="1"/><line number="11" hits="1"/><line number="13" hits="1"/><line number="15" hits="1"/><line number="17" hits="2"/><line number="18" hits="2"/><line number="19" hits="1"/><line number="20" hits="1"/><line number="21" hits="2"/></lines></class><class name="sentry_check_constraint_validation" filename="relvar-core/tests/sentry_check_constraint_validation.rs" line-rate="0.92" branch-rate="0" complexity="0"><methods/><lines><line number="1" hits="1"/><line number="15" hits="3"/><line number="16" hits="1"/><line number="18" hits="2"/><line number="19" hits="1"/><line number="20" hits="1"/><line number="24" hits="1"/><line number="27" hits="1"/><line number="28" hits="1"/><line number="30" hits="1"/><line number="32" hits="1"/><line number="33" hits="2"/><line number="36" hits="1"/><line number="38" hits="0"/><line number="39" hits="2"/><line number="43" hits="2"/><line number="44" hits="1"/><line number="45" hits="2"/><line number="46" hits="1"/><line number="47" hits="1"/><line number="48" hits="0"/><line number="49" hits="1"/><line number="52" hits="1"/><line number="53" hits="2"/><line number="54" hits="2"/></lines></class><class name="sentry_correctness" filename="relvar-core/tests/sentry_correctness.rs" line-rate="0.9615384615384616" branch-rate="0" complexity="0"><methods/><lines><line number="1" hits="1"/><line number="6" hits="2"/><line number="8" hits="3"/><line number="9" hits="1"/><line number="10" hits="1"/><line number="13" hits="2"/><line number="21" hits="3"/><line number="22" hits="1"/><line number="26" hits="2"/><line number="27" hits="1"/><line number="29" hits="2"/><line number="32" hits="3"/><line number="33" hits="1"/><line number="34" hits="1"/><line number="35" hits="1"/><line number="37" hits="3"/><line number="38" hits="1"/><line number="40" hits="2"/><line number="44" hits="3"/><line number="48" hits="1"/><line number="52" hits="1"/><line number="53" hits="1"/><line number="54" hits="2"/><line number="55" hits="0"/><line number="59" hits="2"/><line number="60" hits="2"/><line number="61" hits="1"/><line number="64" hits="1"/><line number="65" hits="1"/><line number="67" hits="1"/><line number="71" hits="2"/><line number="72" hits="2"/><line number="73" hits="1"/><line number="74" hits="2"/><line number="75" hits="2"/><line number="78" hits="3"/><line number="83" hits="1"/><line number="84" hits="1"/><line number="85" hits="1"/><line number="87" hits="1"/><line number="90" hits="3"/><line number="91" hits="1"/><line number="92" hits="1"/><line number="93" hits="1"/><line number="95" hits="1"/><line number="97" hits="1"/><line number="98" hits="0"/><line number="101" hits="1"/><line number="104" hits="2"/><line number="105" hits="2"/><line number="106" hits="1"/><line number="107" hits="2"/></lines></class><class name="sentry_correctness_algebra" filename="relvar-core/tests/sentry_correctness_algebra.rs" line-rate="0.9402985074626866" branch-rate="0" complexity="0"><methods/><lines><line number="1" hits="1"/><line number="10" hits="3"/><line number="15" hits="1"/><line number="16" hits="1"/><line number="17" hits="1"/><line number="19" hits="1"/><line number="20" hits="1"/><line number="22" hits="2"/><line number="25" hits="1"/><line number="27" hits="2"/><line number="28" hits="1"/><line number="29" hits="1"/><line number="31" hits="1"/><line number="33" hits="1"/><line number="35" hits="1"/><line number="36" hits="2"/><line number="39" hits="3"/><line number="44" hits="1"/><line number="45" hits="2"/><line number="47" hits="2"/><line number="48" hits="1"/><line number="49" hits="1"/><line number="51" hits="2"/><line number="52" hits="1"/><line number="54" hits="1"/><line number="55" hits="1"/><line number="58" hits="2"/><line number="62" hits="3"/><line number="64" hits="1"/><line number="66" hits="1"/><line number="69" hits="1"/><line number="72" hits="2"/><line number="73" hits="2"/><line number="76" hits="3"/><line number="83" hits="1"/><line number="84" hits="2"/><line number="86" hits="2"/><line number="87" hits="1"/><line number="88" hits="1"/><line number="90" hits="2"/><line number="91" hits="1"/><line number="93" hits="1"/><line number="94" hits="1"/><line number="97" hits="2"/><line number="98" hits="2"/><line number="102" hits="2"/><line number="104" hits="1"/><line number="106" hits="1"/><line number="109" hits="1"/><line number="111" hits="2"/><line number="113" hits="1"/><line number="124" hits="2"/><line number="125" hits="1"/><line number="126" hits="0"/><line number="127" hits="0"/><line number="129" hits="0"/><line number="131" hits="2"/><line number="134" hits="3"/><line number="142" hits="1"/><line number="144" hits="1"/><line number="147" hits="1"/><line number="149" hits="1"/><line number="152" hits="2"/><line number="153" hits="2"/><line number="157" hits="0"/><line number="158" hits="1"/><line number="161" hits="3"/></lines></class><class name="sentry_database_data_coverage" filename="relvar-core/tests/sentry_database_data_coverage.rs" line-rate="1" branch-rate="0" complexity="0"><methods/><lines><line number="1" hits="1"/><line number="12" hits="4"/><line number="13" hits="4"/><line number="14" hits="4"/><line number="15" hits="4"/><line number="16" hits="4"/><line number="17" hits="4"/><line number="19" hits="1"/><line number="20" hits="1"/><line number="21" hits="4"/><line number="22" hits="4"/><line number="25" hits="3"/><line number="26" hits="1"/><line number="29" hits="1"/><line number="30" hits="1"/><line number="31" hits="1"/><line number="32" hits="1"/><line number="34" hits="1"/><line number="36" hits="1"/><line number="37" hits="1"/><line number="38" hits="2"/><line number="39" hits="2"/><line number="40" hits="1"/><line number="41" hits="1"/><line number="43" hits="2"/><line number="44" hits="1"/><line number="45" hits="1"/><line number="47" hits="1"/><line number="48" hits="1"/><line number="51" hits="3"/><line number="52" hits="2"/><line number="53" hits="1"/><line number="54" hits="2"/><line number="57" hits="3"/><line number="58" hits="1"/><line number="60" hits="1"/><line number="61" hits="1"/><line number="62" hits="1"/><line number="64" hits="1"/><line number="67" hits="2"/><line number="69" hits="1"/><line number="72" hits="1"/><line number="74" hits="2"/><line number="75" hits="2"/><line number="78" hits="2"/><line number="79" hits="1"/><line number="80" hits="2"/><line number="83" hits="3"/><line number="84" hits="1"/><line number="86" hits="1"/><line number="87" hits="1"/><line number="89" hits="1"/><line number="91" hits="4"/><line number="92" hits="2"/><line number="93" hits="1"/><line number="94" hits="1"/><line number="95" hits="2"/><line number="96" hits="1"/><line number="99" hits="1"/><line number="100" hits="2"/><line number="101" hits="1"/><line number="102" hits="2"/><line number="105" hits="3"/><line number="106" hits="1"/><line number="108" hits="1"/><line number="109" hits="1"/><line number="110" hits="1"/><line number="112" hits="1"/><line number="115" hits="2"/><line number="117" hits="1"/><line number="120" hits="1"/><line number="122" hits="2"/><line number="123" hits="1"/><line number="124" hits="2"/><line number="127" hits="3"/><line number="128" hits="1"/><line number="130" hits="2"/><line number="131" hits="2"/><line number="132" hits="1"/><line number="135" hits="1"/><line number="136" hits="2"/><line number="137" hits="1"/><line number="138" hits="2"/><line number="141" hits="3"/><line number="142" hits="1"/><line number="147" hits="1"/><line number="148" hits="1"/><line number="149" hits="1"/><line number="150" hits="1"/><line number="152" hits="1"/><line number="154" hits="1"/><line number="155" hits="1"/><line number="156" hits="2"/><line number="157" hits="2"/><line number="158" hits="1"/><line number="159" hits="1"/><line number="161" hits="2"/><line number="162" hits="1"/><line number="163" hits="1"/><line number="165" hits="1"/><line number="166" hits="1"/><line number="169" hits="1"/><line number="171" hits="2"/><line number="172" hits="2"/><line number="174" hits="2"/><line number="175" hits="1"/><line number="176" hits="2"/><line number="179" hits="3"/><line number="180" hits="1"/><line number="182" hits="2"/><line number="183" hits="2"/><line number="184" hits="1"/><line number="186" hits="1"/><line number="189" hits="1"/><line number="191" hits="2"/><line number="192" hits="2"/><line number="194" hits="2"/><line number="195" hits="1"/><line number="196" hits="2"/><line number="199" hits="3"/><line number="200" hits="1"/><line number="202" hits="1"/><line number="203" hits="1"/><line number="205" hits="1"/><line number="207" hits="4"/><line number="208" hits="2"/><line number="209" hits="1"/><line number="210" hits="1"/><line number="211" hits="2"/><line number="212" hits="1"/><line number="215" hits="1"/><line number="217" hits="2"/><line number="218" hits="2"/><line number="220" hits="2"/><line number="221" hits="1"/><line number="222" hits="2"/><line number="225" hits="3"/><line number="226" hits="1"/><line number="228" hits="1"/><line number="229" hits="1"/><line number="230" hits="1"/><line number="231" hits="1"/><line number="233" hits="1"/><line number="235" hits="1"/><line number="236" hits="1"/><line number="237" hits="2"/><line number="238" hits="2"/><line number="239" hits="1"/><line number="240" hits="1"/><line number="242" hits="2"/><line number="243" hits="1"/><line number="244" hits="1"/><line number="247" hits="1"/><line number="248" hits="2"/><line number="249" hits="1"/><line number="250" hits="2"/><line number="253" hits="3"/><line number="254" hits="1"/><line number="256" hits="1"/><line number="257" hits="1"/><line number="258" hits="1"/><line number="259" hits="1"/><line number="261" hits="1"/><line number="263" hits="1"/><line number="264" hits="1"/><line number="265" hits="2"/><line number="266" hits="2"/><line number="267" hits="1"/><line number="268" hits="1"/><line number="270" hits="2"/><line number="271" hits="1"/><line number="272" hits="1"/><line number="274" hits="1"/><line number="275" hits="1"/><line number="278" hits="1"/><line number="280" hits="2"/><line number="281" hits="2"/><line number="283" hits="2"/><line number="284" hits="1"/><line number="285" hits="2"/></lines></class><class name="sentry_database_dml_coverage" filename="relvar-core/tests/sentry_database_dml_coverage.rs" line-rate="1" branch-rate="0" complexity="0"><methods/><lines><line number="1" hits="1"/><line number="8" hits="3"/><line number="9" hits="1"/><line number="10" hits="1"/><line number="11" hits="1"/><line number="12" hits="1"/><line number="13" hits="1"/><line number="15" hits="1"/><line number="16" hits="1"/><line number="19" hits="1"/><line number="21" hits="2"/><line number="22" hits="2"/><line number="25" hits="2"/><line number="26" hits="1"/><line number="27" hits="2"/></lines></class><class name="sentry_database_integrity_coverage" filename="relvar-core/tests/sentry_database_integrity_coverage.rs" line-rate="1" branch-rate="0" complexity="0"><methods/><lines><line number="1" hits="1"/><line number="10" hits="4"/><line number="11" hits="4"/><line number="12" hits="2"/><line number="13" hits="2"/><line number="14" hits="2"/><line number="15" hits="2"/><line number="17" hits="2"/><line number="18" hits="2"/><line number="19" hits="3"/><line number="20" hits="1"/><line number="21" hits="3"/><line number="24" hits="3"/><line number="25" hits="1"/><line number="27" hits="2"/><line number="30" hits="1"/><line number="31" hits="2"/><line number="33" hits="1"/><line number="34" hits="2"/><line number="35" hits="1"/><line number="36" hits="2"/><line number="39" hits="3"/><line number="40" hits="1"/><line number="42" hits="1"/><line number="43" hits="1"/><line number="44" hits="1"/><line number="45" hits="1"/><line number="47" hits="1"/><line number="50" hits="1"/><line number="51" hits="1"/><line number="53" hits="1"/><line number="54" hits="1"/><line number="55" hits="2"/><line number="56" hits="2"/><line number="57" hits="1"/><line number="58" hits="1"/><line number="59" hits="2"/><line number="61" hits="1"/><line number="62" hits="2"/><line number="63" hits="1"/><line number="64" hits="2"/><line number="67" hits="3"/><line number="68" hits="1"/><line number="70" hits="1"/><line number="71" hits="1"/><line number="72" hits="1"/><line number="76" hits="2"/><line number="79" hits="1"/><line number="80" hits="2"/><line number="81" hits="1"/><line number="82" hits="2"/><line number="85" hits="3"/><line number="86" hits="1"/><line number="88" hits="1"/><line number="89" hits="1"/><line number="91" hits="1"/><line number="97" hits="4"/><line number="98" hits="2"/><line number="99" hits="1"/><line number="100" hits="1"/><line number="101" hits="2"/><line number="104" hits="1"/><line number="105" hits="2"/><line number="106" hits="1"/><line number="107" hits="2"/><line number="110" hits="3"/><line number="111" hits="1"/><line number="112" hits="1"/><line number="113" hits="1"/><line number="114" hits="2"/><line number="115" hits="3"/><line number="116" hits="3"/><line number="121" hits="2"/><line number="124" hits="3"/><line number="125" hits="1"/><line number="126" hits="1"/><line number="127" hits="1"/><line number="128" hits="2"/><line number="129" hits="3"/><line number="130" hits="3"/><line number="135" hits="2"/><line number="138" hits="3"/><line number="139" hits="1"/><line number="140" hits="2"/><line number="141" hits="1"/><line number="142" hits="2"/><line number="144" hits="1"/><line number="145" hits="2"/><line number="148" hits="3"/><line number="149" hits="1"/><line number="150" hits="1"/><line number="151" hits="1"/><line number="152" hits="2"/><line number="153" hits="3"/><line number="154" hits="3"/><line number="159" hits="2"/></lines></class><class name="sentry_database_schema_coverage" filename="relvar-core/tests/sentry_database_schema_coverage.rs" line-rate="0.8064516129032258" branch-rate="0" complexity="0"><methods/><lines><line number="1" hits="1"/><line number="7" hits="3"/><line number="8" hits="1"/><line number="9" hits="1"/><line number="10" hits="2"/><line number="11" hits="1"/><line number="12" hits="2"/><line number="15" hits="3"/><line number="16" hits="1"/><line number="17" hits="1"/><line number="18" hits="2"/><line number="19" hits="1"/><line number="20" hits="2"/><line number="23" hits="3"/><line number="24" hits="1"/><line number="25" hits="2"/><line number="26" hits="2"/><line number="27" hits="0"/><line number="28" hits="0"/><line number="30" hits="0"/><line number="31" hits="1"/><line number="33" hits="1"/><line number="34" hits="2"/><line number="35" hits="1"/><line number="36" hits="2"/><line number="39" hits="3"/><line number="40" hits="1"/><line number="41" hits="2"/><line number="44" hits="2"/><line number="47" hits="1"/><line number="48" hits="2"/><line number="49" hits="2"/><line number="50" hits="2"/><line number="53" hits="2"/><line number="56" hits="3"/><line number="57" hits="1"/><line number="58" hits="2"/><line number="61" hits="2"/><line number="64" hits="1"/><line number="65" hits="0"/><line number="66" hits="0"/><line number="68" hits="0"/><line number="69" hits="2"/><line number="70" hits="2"/><line number="71" hits="2"/><line number="74" hits="2"/><line number="77" hits="3"/><line number="78" hits="1"/><line number="79" hits="2"/><line number="81" hits="2"/><line number="82" hits="0"/><line number="83" hits="0"/><line number="85" hits="0"/><line number="86" hits="1"/><line number="89" hits="1"/><line number="90" hits="0"/><line number="91" hits="0"/><line number="93" hits="0"/><line number="94" hits="2"/><line number="95" hits="2"/><line number="96" hits="2"/><line number="99" hits="2"/></lines></class><class name="sentry_database_transaction_coverage" filename="relvar-core/tests/sentry_database_transaction_coverage.rs" line-rate="1" branch-rate="0" complexity="0"><methods/><lines><line number="1" hits="1"/><line number="6" hits="1"/><line number="7" hits="1"/><line number="8" hits="1"/><line number="9" hits="1"/><line number="10" hits="1"/><line number="12" hits="1"/><line number="15" hits="3"/><line number="16" hits="1"/><line number="19" hits="2"/><line number="20" hits="3"/><line number="21" hits="2"/><line number="22" hits="2"/><line number="26" hits="1"/><line number="27" hits="3"/><line number="28" hits="2"/><line number="29" hits="2"/><line number="33" hits="1"/><line number="34" hits="1"/><line number="35" hits="3"/><line number="36" hits="2"/><line number="37" hits="2"/><line number="41" hits="1"/><line number="42" hits="2"/><line number="45" hits="3"/><line number="46" hits="1"/><line number="49" hits="3"/><line number="50" hits="1"/><line number="51" hits="1"/><line number="53" hits="1"/><line number="54" hits="1"/><line number="56" hits="1"/><line number="57" hits="3"/><line number="58" hits="2"/><line number="59" hits="2"/><line number="61" hits="3"/></lines></class><class name="sentry_database_update_fk_coverage" filename="relvar-core/tests/sentry_database_update_fk_coverage.rs" line-rate="1" branch-rate="0" complexity="0"><methods/><lines><line number="1" hits="1"/><line number="10" hits="3"/><line number="11" hits="1"/><line number="14" hits="1"/><line number="15" hits="1"/><line number="16" hits="1"/><line number="17" hits="1"/><line number="19" hits="1"/><line number="20" hits="1"/><line number="21" hits="2"/><line number="22" hits="1"/><line number="25" hits="1"/><line number="26" hits="1"/><line number="27" hits="1"/><line number="28" hits="1"/><line number="30" hits="1"/><line number="31" hits="1"/><line number="32" hits="1"/><line number="33" hits="2"/><line number="34" hits="2"/><line number="35" hits="1"/><line number="36" hits="1"/><line number="37" hits="2"/><line number="38" hits="1"/><line number="41" hits="1"/><line number="42" hits="1"/><line number="43" hits="1"/><line number="44" hits="1"/><line number="45" hits="1"/><line number="46" hits="1"/><line number="49" hits="1"/><line number="51" hits="2"/><line number="52" hits="2"/><line number="54" hits="2"/><line number="55" hits="3"/><line number="56" hits="3"/><line number="63" hits="1"/><line number="64" hits="1"/><line number="66" hits="2"/><line number="67" hits="2"/><line number="69" hits="1"/><line number="70" hits="1"/><line number="73" hits="1"/><line number="74" hits="1"/><line number="76" hits="2"/><line number="77" hits="2"/><line number="79" hits="1"/><line number="80" hits="1"/><line number="81" hits="2"/></lines></class><class name="sentry_delta_error_paths" filename="relvar-core/tests/sentry_delta_error_paths.rs" line-rate="1" branch-rate="0" complexity="0"><methods/><lines><line number="1" hits="1"/><line number="6" hits="1"/><line number="7" hits="3"/><line number="8" hits="1"/><line number="10" hits="2"/><line number="11" hits="2"/><line number="12" hits="3"/><line number="15" hits="3"/><line number="16" hits="1"/><line number="17" hits="2"/><line number="19" hits="1"/><line number="20" hits="1"/><line number="21" hits="3"/><line number="24" hits="3"/><line number="25" hits="1"/><line number="26" hits="2"/><line number="28" hits="1"/><line number="29" hits="1"/><line number="30" hits="3"/><line number="33" hits="3"/><line number="34" hits="1"/><line number="35" hits="2"/><line number="36" hits="2"/><line number="38" hits="2"/><line number="39" hits="1"/><line number="40" hits="1"/><line number="41" hits="3"/><line number="44" hits="3"/><line number="45" hits="1"/><line number="46" hits="2"/><line number="47" hits="2"/><line number="48" hits="2"/><line number="50" hits="2"/><line number="51" hits="2"/><line number="53" hits="1"/><line number="54" hits="1"/><line number="55" hits="3"/></lines></class><class name="sentry_scalar_type_coverage" filename="relvar-core/tests/sentry_scalar_type_coverage.rs" line-rate="0.9661016949152542" branch-rate="0" complexity="0"><methods/><lines><line number="1" hits="1"/><line number="6" hits="3"/><line number="7" hits="1"/><line number="8" hits="2"/><line number="10" hits="1"/><line number="11" hits="1"/><line number="12" hits="2"/><line number="13" hits="1"/><line number="14" hits="0"/><line number="16" hits="2"/><line number="19" hits="3"/><line number="20" hits="1"/><line number="21" hits="2"/><line number="23" hits="1"/><line number="24" hits="1"/><line number="25" hits="2"/><line number="26" hits="1"/><line number="27" hits="0"/><line number="29" hits="2"/><line number="32" hits="3"/><line number="33" hits="1"/><line number="35" hits="1"/><line number="36" hits="1"/><line number="37" hits="1"/><line number="39" hits="2"/><line number="40" hits="2"/><line number="42" hits="2"/><line number="43" hits="1"/><line number="44" hits="2"/><line number="47" hits="3"/><line number="48" hits="1"/><line number="50" hits="2"/><line number="52" hits="2"/><line number="53" hits="2"/><line number="55" hits="2"/><line number="56" hits="1"/><line number="57" hits="2"/><line number="60" hits="3"/><line number="61" hits="1"/><line number="63" hits="2"/><line number="65" hits="2"/><line number="66" hits="2"/><line number="68" hits="2"/><line number="69" hits="1"/><line number="70" hits="2"/><line number="73" hits="3"/><line number="76" hits="1"/><line number="77" hits="2"/><line number="81" hits="4"/><line number="82" hits="1"/><line number="83" hits="3"/><line number="85" hits="2"/><line number="87" hits="1"/><line number="91" hits="4"/><line number="92" hits="1"/><line number="93" hits="3"/><line number="94" hits="2"/><line number="95" hits="1"/><line number="97" hits="1"/><line number="101" hits="4"/><line number="102" hits="1"/><line number="103" hits="3"/><line number="104" hits="1"/><line number="105" hits="2"/><line number="109" hits="0"/><line number="110" hits="1"/><line number="113" hits="3"/><line number="115" hits="1"/><line number="116" hits="2"/><line number="119" hits="1"/><line number="120" hits="2"/><line number="123" hits="1"/><line number="124" hits="2"/><line number="127" hits="1"/><line number="128" hits="2"/><line number="131" hits="1"/><line number="132" hits="2"/><line number="135" hits="1"/><line number="136" hits="1"/><line number="138" hits="2"/><line number="141" hits="1"/><line number="142" hits="2"/><line number="143" hits="2"/><line number="146" hits="3"/><line number="147" hits="1"/><line number="148" hits="1"/><line number="149" hits="1"/><line number="151" hits="1"/><line number="152" hits="1"/><line number="153" hits="1"/><line number="155" hits="2"/><line number="156" hits="2"/><line number="162" hits="2"/><line number="163" hits="1"/><line number="164" hits="2"/><line number="167" hits="3"/><line number="168" hits="1"/><line number="169" hits="1"/><line number="170" hits="1"/><line number="171" hits="1"/><line number="172" hits="1"/><line number="174" hits="1"/><line number="175" hits="1"/><line number="177" hits="2"/><line number="179" hits="1"/><line number="180" hits="2"/><line number="181" hits="2"/><line number="184" hits="3"/><line number="185" hits="1"/><line number="186" hits="1"/><line number="189" hits="2"/><line number="190" hits="1"/><line number="191" hits="2"/><line number="194" hits="3"/><line number="195" hits="1"/><line number="196" hits="1"/><line number="197" hits="2"/><line number="201" hits="4"/><line number="202" hits="1"/><line number="203" hits="3"/><line number="204" hits="2"/><line number="206" hits="1"/><line number="209" hits="3"/><line number="213" hits="1"/><line number="216" hits="1"/><line number="217" hits="1"/><line number="218" hits="1"/><line number="219" hits="1"/><line number="220" hits="1"/><line number="221" hits="2"/><line number="224" hits="3"/><line number="225" hits="1"/><line number="231" hits="1"/><line number="232" hits="2"/><line number="233" hits="1"/><line number="234" hits="1"/><line number="235" hits="1"/><line number="236" hits="1"/><line number="238" hits="2"/><line number="239" hits="1"/><line number="240" hits="1"/><line number="241" hits="0"/><line number="243" hits="2"/><line number="246" hits="3"/><line number="247" hits="1"/><line number="248" hits="1"/><line number="250" hits="0"/><line number="252" hits="1"/><line number="253" hits="2"/><line number="254" hits="2"/><line number="257" hits="3"/><line number="261" hits="1"/><line number="263" hits="1"/><line number="264" hits="1"/><line number="265" hits="1"/><line number="267" hits="1"/><line number="268" hits="1"/><line number="269" hits="1"/><line number="272" hits="3"/><line number="273" hits="1"/><line number="274" hits="1"/><line number="275" hits="1"/><line number="277" hits="1"/><line number="278" hits="1"/><line number="279" hits="1"/><line number="281" hits="2"/><line number="282" hits="2"/><line number="286" hits="2"/><line number="287" hits="2"/><line number="290" hits="3"/><line number="292" hits="1"/><line number="293" hits="3"/><line number="294" hits="3"/><line number="297" hits="0"/><line number="300" hits="1"/><line number="301" hits="2"/><line number="302" hits="2"/></lines></class><class name="sentry_stack_overflow" filename="relvar-core/tests/sentry_stack_overflow.rs" line-rate="0.8846153846153846" branch-rate="0" complexity="0"><methods/><lines><line number="1" hits="1"/><line number="7" hits="3"/><line number="8" hits="1"/><line number="9" hits="1"/><line number="12" hits="3"/><line number="13" hits="1"/><line number="14" hits="1"/><line number="15" hits="1"/><line number="16" hits="0"/><line number="18" hits="2"/><line number="21" hits="3"/><line number="22" hits="1"/><line number="23" hits="1"/><line number="24" hits="1"/><line number="26" hits="3"/><line number="27" hits="1"/><line number="28" hits="1"/><line number="29" hits="1"/><line number="30" hits="0"/><line number="31" hits="1"/><line number="32" hits="1"/><line number="33" hits="1"/><line number="34" hits="0"/><line number="37" hits="1"/><line number="38" hits="2"/><line number="41" hits="3"/><line number="42" hits="1"/><line number="43" hits="1"/><line number="45" hits="3"/><line number="46" hits="1"/><line number="47" hits="1"/><line number="48" hits="1"/><line number="49" hits="0"/><line number="52" hits="1"/><line number="53" hits="1"/><line number="54" hits="1"/><line number="55" hits="2"/><line number="58" hits="3"/><line number="59" hits="1"/><line number="60" hits="1"/><line number="61" hits="1"/><line number="63" hits="3"/><line number="64" hits="1"/><line number="65" hits="1"/><line number="66" hits="1"/><line number="67" hits="0"/><line number="68" hits="1"/><line number="69" hits="1"/><line number="70" hits="1"/><line number="71" hits="0"/><line number="75" hits="1"/><line number="76" hits="2"/></lines></class><class name="sentry_tuple_type_coverage" filename="relvar-core/tests/sentry_tuple_type_coverage.rs" line-rate="1" branch-rate="0" complexity="0"><methods/><lines><line number="1" hits="1"/><line number="7" hits="4"/><line number="8" hits="1"/><line number="12" hits="3"/><line number="13" hits="2"/><line number="17" hits="1"/><line number="21" hits="1"/><line number="22" hits="1"/><line number="25" hits="3"/><line number="26" hits="1"/><line number="27" hits="2"/><line number="28" hits="2"/></lines></class><class name="warden_exploit_like" filename="relvar-core/tests/warden_exploit_like.rs" line-rate="1" branch-rate="0" complexity="0"><methods/><lines><line number="1" hits="1"/><line number="5" hits="3"/><line number="16" hits="1"/><line number="17" hits="1"/><line number="18" hits="2"/><line number="20" hits="2"/><line number="21" hits="2"/><line number="24" hits="2"/><line number="25" hits="2"/></lines></class><class name="warden_exploit_like_memory" filename="relvar-core/tests/warden_exploit_like_memory.rs" line-rate="1" branch-rate="0" complexity="0"><methods/><lines><line number="1" hits="1"/><line number="5" hits="3"/><line number="10" hits="1"/><line number="11" hits="2"/><line number="13" hits="2"/><line number="14" hits="2"/><line number="16" hits="2"/><line number="18" hits="1"/><line number="19" hits="2"/><line number="20" hits="2"/><line number="21" hits="3"/><line number="24" hits="3"/><line number="27" hits="2"/><line number="28" hits="1"/><line number="30" hits="1"/><line number="31" hits="2"/><line number="33" hits="2"/><line number="34" hits="2"/></lines></class><class name="warden_exploit_scalar_type_recursion" filename="relvar-core/tests/warden_exploit_scalar_type_recursion.rs" line-rate="0.918918918918919" branch-rate="0" complexity="0"><methods/><lines><line number="1" hits="1"/><line number="5" hits="3"/><line number="10" hits="1"/><line number="17" hits="3"/><line number="18" hits="3"/><line number="20" hits="2"/><line number="26" hits="1"/><line number="29" hits="2"/><line number="31" hits="2"/><line number="33" hits="1"/><line number="34" hits="1"/><line number="40" hits="0"/><line number="41" hits="1"/><line number="42" hits="2"/><line number="43" hits="0"/><line number="47" hits="3"/><line number="50" hits="3"/><line number="54" hits="1"/><line number="55" hits="2"/><line number="58" hits="2"/><line number="59" hits="2"/><line number="64" hits="2"/><line number="65" hits="1"/><line number="66" hits="2"/><line number="69" hits="1"/><line number="70" hits="2"/><line number="71" hits="2"/><line number="76" hits="1"/><line number="77" hits="1"/><line number="80" hits="1"/><line number="82" hits="2"/><line number="83" hits="1"/><line number="84" hits="2"/><line number="86" hits="0"/><line number="87" hits="1"/><line number="88" hits="2"/><line number="92" hits="3"/></lines></class><class name="warden_exploit_scalar_value_deserialization" filename="relvar-core/tests/warden_exploit_scalar_value_deserialization.rs" line-rate="0.8333333333333334" branch-rate="0" complexity="0"><methods/><lines><line number="1" hits="1"/><line number="5" hits="3"/><line number="9" hits="1"/><line number="13" hits="1"/><line number="15" hits="3"/><line number="16" hits="2"/><line number="24" hits="1"/><line number="28" hits="2"/><line number="32" hits="1"/><line number="36" hits="0"/><line number="40" hits="0"/><line number="41" hits="2"/></lines></class><class name="warden_exploit_scalar_value_inconsistency" filename="relvar-core/tests/warden_exploit_scalar_value_inconsistency.rs" line-rate="0.8333333333333334" branch-rate="0" complexity="0"><methods/><lines><line number="1" hits="1"/><line number="5" hits="3"/><line number="10" hits="1"/><line number="17" hits="1"/><line number="20" hits="1"/><line number="21" hits="0"/><line number="22" hits="1"/><line number="23" hits="1"/><line number="30" hits="0"/><line number="31" hits="2"/><line number="35" hits="2"/><line number="37" hits="2"/></lines></class><class name="warden_exploit_scalar_value_mismatch" filename="relvar-core/tests/warden_exploit_scalar_value_mismatch.rs" line-rate="0.75" branch-rate="0" complexity="0"><methods/><lines><line number="1" hits="1"/><line number="5" hits="3"/><line number="9" hits="1"/><line number="21" hits="1"/><line number="23" hits="1"/><line number="24" hits="0"/><line number="25" hits="1"/><line number="26" hits="1"/><line number="28" hits="0"/><line number="29" hits="2"/><line number="33" hits="0"/><line number="34" hits="2"/><line number="37" hits="0"/><line number="38" hits="2"/><line number="41" hits="2"/><line number="43" hits="2"/></lines></class><class name="warden_exploit_scalar_value_recursion" filename="relvar-core/tests/warden_exploit_scalar_value_recursion.rs" line-rate="0.8285714285714286" branch-rate="0" complexity="0"><methods/><lines><line number="1" hits="1"/><line number="5" hits="3"/><line number="7" hits="1"/><line number="8" hits="1"/><line number="14" hits="3"/><line number="15" hits="1"/><line number="16" hits="1"/><line number="17" hits="1"/><line number="18" hits="0"/><line number="22" hits="1"/><line number="25" hits="2"/><line number="27" hits="0"/><line number="28" hits="2"/><line number="32" hits="2"/><line number="38" hits="0"/><line number="39" hits="1"/><line number="40" hits="2"/><line number="44" hits="3"/><line number="47" hits="3"/><line number="51" hits="1"/><line number="52" hits="1"/><line number="55" hits="3"/><line number="56" hits="1"/><line number="57" hits="1"/><line number="58" hits="1"/><line number="59" hits="0"/><line number="63" hits="1"/><line number="66" hits="2"/><line number="68" hits="0"/><line number="69" hits="2"/><line number="73" hits="2"/><line number="76" hits="0"/><line number="77" hits="2"/><line number="78" hits="2"/><line number="82" hits="3"/></lines></class><class name="warden_exploit_serde_stack_overflow" filename="relvar-core/tests/warden_exploit_serde_stack_overflow.rs" line-rate="0.9" branch-rate="0" complexity="0"><methods/><lines><line number="1" hits="1"/><line number="4" hits="3"/><line number="5" hits="1"/><line number="6" hits="1"/><line number="9" hits="2"/><line number="10" hits="3"/><line number="13" hits="1"/><line number="17" hits="1"/><line number="20" hits="1"/><line number="21" hits="2"/><line number="25" hits="1"/><line number="27" hits="1"/><line number="28" hits="0"/><line number="29" hits="1"/><line number="30" hits="1"/><line number="31" hits="2"/><line number="32" hits="0"/><line number="33" hits="2"/><line number="35" hits="2"/><line number="37" hits="2"/></lines></class><class name="warden_query_restrict_error" filename="relvar-core/tests/warden_query_restrict_error.rs" line-rate="1" branch-rate="0" complexity="0"><methods/><lines><line number="1" hits="1"/><line number="10" hits="3"/><line number="11" hits="1"/><line number="13" hits="1"/><line number="14" hits="1"/><line number="15" hits="1"/><line number="17" hits="1"/><line number="18" hits="1"/><line number="19" hits="1"/><line number="20" hits="1"/><line number="23" hits="2"/><line number="24" hits="1"/><line number="26" hits="1"/><line number="27" hits="1"/><line number="29" hits="1"/><line number="30" hits="2"/><line number="33" hits="2"/><line number="34" hits="1"/><line number="36" hits="1"/><line number="37" hits="1"/><line number="39" hits="1"/><line number="40" hits="2"/><line number="41" hits="2"/></lines></class><class name="warden_scalar_type_coverage" filename="relvar-core/tests/warden_scalar_type_coverage.rs" line-rate="0.9047619047619048" branch-rate="0" complexity="0"><methods/><lines><line number="1" hits="1"/><line number="4" hits="3"/><line number="6" hits="1"/><line number="18" hits="1"/><line number="21" hits="2"/><line number="22" hits="1"/><line number="23" hits="1"/><line number="24" hits="1"/><line number="25" hits="1"/><line number="26" hits="1"/><line number="29" hits="1"/><line number="30" hits="2"/><line number="32" hits="0"/><line number="36" hits="1"/><line number="37" hits="1"/><line number="38" hits="1"/><line number="39" hits="1"/><line number="41" hits="2"/><line number="42" hits="1"/><line number="44" hits="0"/><line number="46" hits="2"/></lines></class></classes></package><package name="relvar/src/experimental" line-rate="0.9447983014861996" branch-rate="0" complexity="0"><classes><class name="automl" filename="relvar/src/experimental/automl.rs" line-rate="0.9871794871794872" branch-rate="0" complexity="0"><methods/><lines><line number="91" hits="1"/><line number="92" hits="1"/><line number="94" hits="1"/><line number="95" hits="1"/><line number="96" hits="1"/><line number="97" hits="1"/><line number="103" hits="3"/><line number="109" hits="1"/><line number="110" hits="3"/><line number="111" hits="1"/><line number="113" hits="1"/><line number="114" hits="1"/><line number="115" hits="1"/><line number="116" hits="1"/><line number="118" hits="3"/><line number="119" hits="2"/><line number="120" hits="1"/><line number="121" hits="1"/><line number="124" hits="2"/><line number="125" hits="1"/><line number="126" hits="1"/><line number="131" hits="1"/><line number="132" hits="1"/><line number="134" hits="2"/><line number="136" hits="1"/><line number="137" hits="2"/><line number="138" hits="1"/><line number="143" hits="1"/><line number="144" hits="1"/><line number="146" hits="4"/><line number="147" hits="2"/><line number="148" hits="1"/><line number="149" hits="1"/><line number="151" hits="1"/><line number="152" hits="2"/><line number="154" hits="2"/><line number="155" hits="2"/><line number="163" hits="1"/><line number="164" hits="2"/><line number="165" hits="3"/><line number="166" hits="2"/><line number="168" hits="2"/><line number="170" hits="1"/><line number="171" hits="3"/><line number="174" hits="4"/><line number="175" hits="1"/><line number="176" hits="2"/><line number="177" hits="1"/><line number="179" hits="1"/><line number="180" hits="1"/><line number="185" hits="2"/><line number="186" hits="1"/><line number="187" hits="1"/><line number="188" hits="1"/><line number="189" hits="2"/><line number="190" hits="2"/><line number="199" hits="2"/><line number="200" hits="2"/><line number="201" hits="2"/><line number="203" hits="4"/><line number="205" hits="4"/><line number="208" hits="2"/><line number="209" hits="6"/><line number="210" hits="2"/><line number="211" hits="4"/><line number="216" hits="4"/><line number="217" hits="2"/><line number="221" hits="3"/><line number="222" hits="2"/><line number="223" hits="1"/><line number="230" hits="1"/><line number="235" hits="1"/><line number="236" hits="1"/><line number="237" hits="1"/><line number="238" hits="1"/><line number="239" hits="1"/><line number="240" hits="1"/><line number="241" hits="0"/></lines></class><class name="cellular_automaton" filename="relvar/src/experimental/cellular_automaton.rs" line-rate="0.9777777777777777" branch-rate="0" complexity="0"><methods/><lines><line number="38" hits="1"/><line number="43" hits="1"/><line number="45" hits="3"/><line number="46" hits="2"/><line number="47" hits="2"/><line number="48" hits="2"/><line number="50" hits="2"/><line number="51" hits="2"/><line number="52" hits="2"/><line number="53" hits="1"/><line number="54" hits="2"/><line number="55" hits="1"/><line number="56" hits="1"/><line number="63" hits="1"/><line number="66" hits="2"/><line number="67" hits="2"/><line number="68" hits="1"/><line number="69" hits="1"/><line number="70" hits="1"/><line number="72" hits="1"/><line number="73" hits="2"/><line number="74" hits="1"/><line number="75" hits="1"/><line number="76" hits="1"/><line number="78" hits="1"/><line number="82" hits="1"/><line number="83" hits="1"/><line number="84" hits="1"/><line number="87" hits="1"/><line number="88" hits="2"/><line number="94" hits="1"/><line number="95" hits="1"/><line number="96" hits="2"/><line number="97" hits="1"/><line number="98" hits="1"/><line number="100" hits="0"/><line number="104" hits="3"/><line number="105" hits="1"/><line number="108" hits="1"/><line number="109" hits="1"/><line number="110" hits="1"/><line number="113" hits="1"/><line number="114" hits="1"/><line number="115" hits="1"/><line number="117" hits="1"/></lines></class><class name="ecs" filename="relvar/src/experimental/ecs.rs" line-rate="0.8648648648648649" branch-rate="0" complexity="0"><methods/><lines><line number="78" hits="1"/><line number="80" hits="1"/><line number="91" hits="1"/><line number="92" hits="1"/><line number="93" hits="1"/><line number="94" hits="1"/><line number="106" hits="1"/><line number="111" hits="1"/><line number="113" hits="2"/><line number="115" hits="3"/><line number="116" hits="2"/><line number="117" hits="0"/><line number="118" hits="0"/><line number="119" hits="0"/><line number="122" hits="1"/><line number="125" hits="1"/><line number="126" hits="2"/><line number="130" hits="2"/><line number="131" hits="1"/><line number="132" hits="2"/><line number="133" hits="2"/><line number="135" hits="1"/><line number="148" hits="1"/><line number="154" hits="1"/><line number="161" hits="2"/><line number="162" hits="2"/><line number="165" hits="1"/><line number="166" hits="2"/><line number="168" hits="2"/><line number="169" hits="1"/><line number="171" hits="2"/><line number="186" hits="0"/><line number="187" hits="0"/><line number="188" hits="0"/><line number="190" hits="0"/><line number="199" hits="1"/><line number="204" hits="1"/><line number="205" hits="2"/><line number="207" hits="0"/><line number="209" hits="3"/><line number="211" hits="1"/><line number="231" hits="1"/><line number="240" hits="1"/><line number="244" hits="2"/><line number="246" hits="2"/><line number="247" hits="1"/><line number="248" hits="2"/><line number="249" hits="2"/><line number="255" hits="1"/><line number="258" hits="2"/><line number="259" hits="2"/><line number="261" hits="1"/><line number="262" hits="1"/><line number="263" hits="1"/><line number="264" hits="1"/><line number="266" hits="1"/><line number="269" hits="2"/><line number="270" hits="2"/><line number="272" hits="2"/><line number="273" hits="1"/><line number="275" hits="2"/><line number="278" hits="1"/><line number="279" hits="0"/><line number="287" hits="2"/><line number="288" hits="1"/><line number="289" hits="1"/><line number="290" hits="1"/><line number="291" hits="1"/><line number="293" hits="0"/><line number="296" hits="1"/><line number="297" hits="1"/><line number="298" hits="1"/><line number="303" hits="1"/><line number="304" hits="1"/></lines></class><class name="graph" filename="relvar/src/experimental/graph.rs" line-rate="0.9805825242718447" branch-rate="0" complexity="0"><methods/><lines><line number="70" hits="1"/><line number="80" hits="1"/><line number="81" hits="1"/><line number="82" hits="1"/><line number="95" hits="1"/><line number="97" hits="2"/><line number="99" hits="2"/><line number="100" hits="1"/><line number="101" hits="1"/><line number="102" hits="1"/><line number="103" hits="1"/><line number="104" hits="1"/><line number="105" hits="1"/><line number="107" hits="1"/><line number="109" hits="2"/><line number="112" hits="2"/><line number="113" hits="1"/><line number="114" hits="2"/><line number="115" hits="1"/><line number="117" hits="1"/><line number="118" hits="2"/><line number="119" hits="1"/><line number="123" hits="1"/><line number="127" hits="2"/><line number="137" hits="2"/><line number="138" hits="2"/><line number="141" hits="2"/><line number="144" hits="2"/><line number="147" hits="2"/><line number="148" hits="2"/><line number="151" hits="1"/><line number="152" hits="2"/><line number="153" hits="1"/><line number="154" hits="1"/><line number="156" hits="1"/><line number="160" hits="2"/><line number="161" hits="1"/><line number="181" hits="1"/><line number="183" hits="2"/><line number="185" hits="1"/><line number="186" hits="1"/><line number="187" hits="1"/><line number="192" hits="2"/><line number="200" hits="2"/><line number="205" hits="2"/><line number="206" hits="1"/><line number="207" hits="1"/><line number="208" hits="1"/><line number="211" hits="1"/><line number="228" hits="1"/><line number="233" hits="1"/><line number="234" hits="1"/><line number="235" hits="0"/><line number="238" hits="1"/><line number="242" hits="2"/><line number="244" hits="1"/><line number="245" hits="2"/><line number="246" hits="1"/><line number="248" hits="1"/><line number="253" hits="2"/><line number="256" hits="1"/><line number="257" hits="1"/><line number="259" hits="1"/><line number="265" hits="1"/><line number="272" hits="2"/><line number="273" hits="2"/><line number="276" hits="2"/><line number="279" hits="2"/><line number="282" hits="1"/><line number="283" hits="2"/><line number="284" hits="1"/><line number="285" hits="1"/><line number="286" hits="2"/><line number="287" hits="0"/><line number="289" hits="1"/><line number="292" hits="1"/><line number="295" hits="2"/><line number="298" hits="2"/><line number="299" hits="2"/><line number="302" hits="1"/><line number="304" hits="2"/><line number="305" hits="1"/><line number="307" hits="1"/><line number="316" hits="1"/><line number="317" hits="2"/><line number="318" hits="1"/><line number="319" hits="1"/><line number="320" hits="1"/><line number="322" hits="1"/><line number="323" hits="1"/><line number="324" hits="1"/><line number="326" hits="1"/><line number="327" hits="1"/><line number="328" hits="1"/><line number="331" hits="1"/><line number="333" hits="3"/><line number="334" hits="2"/><line number="335" hits="1"/><line number="336" hits="1"/><line number="338" hits="1"/><line number="339" hits="2"/><line number="340" hits="2"/><line number="343" hits="1"/></lines></class><class name="image" filename="relvar/src/experimental/image.rs" line-rate="0.9727272727272728" branch-rate="0" complexity="0"><methods/><lines><line number="37" hits="1"/><line number="38" hits="1"/><line number="39" hits="1"/><line number="40" hits="1"/><line number="41" hits="1"/><line number="42" hits="2"/><line number="43" hits="1"/><line number="45" hits="2"/><line number="46" hits="1"/><line number="48" hits="3"/><line number="49" hits="3"/><line number="50" hits="2"/><line number="51" hits="3"/><line number="52" hits="1"/><line number="53" hits="3"/><line number="54" hits="3"/><line number="57" hits="2"/><line number="58" hits="3"/><line number="70" hits="2"/><line number="78" hits="1"/><line number="79" hits="1"/><line number="80" hits="0"/><line number="84" hits="1"/><line number="85" hits="1"/><line number="86" hits="1"/><line number="87" hits="1"/><line number="89" hits="2"/><line number="90" hits="1"/><line number="91" hits="1"/><line number="93" hits="2"/><line number="94" hits="1"/><line number="96" hits="2"/><line number="97" hits="1"/><line number="99" hits="2"/><line number="100" hits="1"/><line number="102" hits="2"/><line number="103" hits="1"/><line number="107" hits="1"/><line number="108" hits="2"/><line number="109" hits="2"/><line number="111" hits="2"/><line number="112" hits="2"/><line number="113" hits="1"/><line number="114" hits="1"/><line number="115" hits="1"/><line number="116" hits="1"/><line number="118" hits="1"/><line number="119" hits="2"/><line number="121" hits="3"/><line number="122" hits="1"/><line number="123" hits="2"/><line number="124" hits="1"/><line number="125" hits="1"/><line number="129" hits="1"/><line number="147" hits="1"/><line number="148" hits="2"/><line number="149" hits="0"/><line number="152" hits="6"/><line number="153" hits="2"/><line number="154" hits="0"/><line number="160" hits="2"/><line number="162" hits="4"/><line number="163" hits="2"/><line number="164" hits="2"/><line number="165" hits="2"/><line number="166" hits="2"/><line number="179" hits="4"/><line number="180" hits="2"/><line number="181" hits="2"/><line number="184" hits="3"/><line number="185" hits="1"/><line number="186" hits="1"/><line number="192" hits="2"/><line number="193" hits="1"/><line number="194" hits="1"/><line number="197" hits="2"/><line number="198" hits="2"/><line number="199" hits="2"/><line number="202" hits="4"/><line number="203" hits="2"/><line number="204" hits="2"/><line number="210" hits="4"/><line number="217" hits="2"/><line number="218" hits="1"/><line number="219" hits="1"/><line number="220" hits="1"/><line number="221" hits="1"/><line number="222" hits="1"/><line number="225" hits="1"/><line number="226" hits="2"/><line number="228" hits="1"/><line number="233" hits="2"/><line number="234" hits="3"/><line number="235" hits="2"/><line number="244" hits="1"/><line number="245" hits="1"/><line number="246" hits="1"/><line number="247" hits="1"/><line number="255" hits="3"/><line number="256" hits="1"/><line number="257" hits="1"/><line number="260" hits="2"/><line number="261" hits="1"/><line number="262" hits="1"/><line number="265" hits="2"/><line number="266" hits="1"/><line number="267" hits="1"/><line number="274" hits="1"/><line number="277" hits="1"/><line number="278" hits="1"/></lines></class><class name="matrix" filename="relvar/src/experimental/matrix.rs" line-rate="0.9183673469387755" branch-rate="0" complexity="0"><methods/><lines><line number="32" hits="1"/><line number="33" hits="1"/><line number="34" hits="1"/><line number="35" hits="1"/><line number="36" hits="1"/><line number="39" hits="1"/><line number="46" hits="1"/><line number="47" hits="2"/><line number="49" hits="1"/><line number="50" hits="2"/><line number="51" hits="1"/><line number="53" hits="0"/><line number="54" hits="0"/><line number="58" hits="1"/><line number="68" hits="1"/><line number="83" hits="1"/><line number="85" hits="2"/><line number="86" hits="1"/><line number="88" hits="1"/><line number="90" hits="1"/><line number="92" hits="2"/><line number="93" hits="1"/><line number="95" hits="1"/><line number="97" hits="1"/><line number="98" hits="1"/><line number="99" hits="1"/><line number="101" hits="1"/><line number="102" hits="2"/><line number="103" hits="1"/><line number="106" hits="1"/><line number="108" hits="1"/><line number="120" hits="1"/><line number="122" hits="1"/><line number="125" hits="1"/><line number="129" hits="1"/><line number="130" hits="1"/><line number="131" hits="1"/><line number="134" hits="1"/><line number="135" hits="2"/><line number="136" hits="1"/><line number="137" hits="1"/><line number="138" hits="1"/><line number="140" hits="1"/><line number="143" hits="1"/><line number="144" hits="2"/><line number="145" hits="1"/><line number="148" hits="1"/><line number="153" hits="0"/><line number="154" hits="0"/></lines></class><class name="mock" filename="relvar/src/experimental/mock.rs" line-rate="0.975" branch-rate="0" complexity="0"><methods/><lines><line number="65" hits="1"/><line number="78" hits="1"/><line number="79" hits="1"/><line number="80" hits="1"/><line number="84" hits="1"/><line number="85" hits="1"/><line number="86" hits="1"/><line number="90" hits="1"/><line number="91" hits="2"/><line number="92" hits="1"/><line number="93" hits="2"/><line number="95" hits="0"/><line number="98" hits="3"/><line number="99" hits="3"/><line number="100" hits="1"/><line number="104" hits="1"/><line number="107" hits="2"/><line number="108" hits="2"/><line number="110" hits="5"/><line number="111" hits="2"/><line number="112" hits="1"/><line number="113" hits="4"/><line number="116" hits="1"/><line number="119" hits="1"/><line number="120" hits="1"/><line number="121" hits="1"/><line number="122" hits="1"/><line number="125" hits="1"/><line number="127" hits="6"/><line number="129" hits="1"/><line number="131" hits="1"/><line number="133" hits="1"/><line number="134" hits="3"/><line number="135" hits="1"/><line number="137" hits="1"/><line number="139" hits="2"/><line number="141" hits="1"/><line number="143" hits="2"/><line number="145" hits="1"/><line number="146" hits="1"/></lines></class><class name="pivot" filename="relvar/src/experimental/pivot.rs" line-rate="0.9672131147540983" branch-rate="0" complexity="0"><methods/><lines><line number="86" hits="1"/><line number="92" hits="2"/><line number="94" hits="1"/><line number="95" hits="1"/><line number="96" hits="1"/><line number="97" hits="1"/><line number="100" hits="2"/><line number="101" hits="1"/><line number="102" hits="1"/><line number="103" hits="1"/><line number="109" hits="3"/><line number="114" hits="1"/><line number="115" hits="3"/><line number="116" hits="2"/><line number="117" hits="1"/><line number="118" hits="1"/><line number="122" hits="1"/><line number="123" hits="2"/><line number="124" hits="1"/><line number="132" hits="1"/><line number="133" hits="3"/><line number="134" hits="2"/><line number="135" hits="1"/><line number="138" hits="1"/><line number="139" hits="1"/><line number="140" hits="1"/><line number="142" hits="1"/><line number="147" hits="3"/><line number="148" hits="1"/><line number="151" hits="1"/><line number="152" hits="2"/><line number="155" hits="1"/><line number="158" hits="2"/><line number="159" hits="4"/><line number="161" hits="3"/><line number="162" hits="2"/><line number="163" hits="2"/><line number="164" hits="2"/><line number="167" hits="1"/><line number="168" hits="1"/><line number="169" hits="2"/><line number="172" hits="1"/><line number="174" hits="1"/><line number="178" hits="2"/><line number="179" hits="1"/><line number="180" hits="2"/><line number="181" hits="2"/><line number="183" hits="2"/><line number="184" hits="2"/><line number="185" hits="2"/><line number="187" hits="2"/><line number="188" hits="1"/><line number="189" hits="2"/><line number="192" hits="1"/><line number="195" hits="1"/><line number="196" hits="1"/><line number="197" hits="0"/><line number="198" hits="1"/><line number="199" hits="0"/><line number="200" hits="1"/><line number="202" hits="1"/></lines></class><class name="raytracer" filename="relvar/src/experimental/raytracer.rs" line-rate="0.959349593495935" branch-rate="0" complexity="0"><methods/><lines><line number="60" hits="1"/><line number="61" hits="1"/><line number="62" hits="1"/><line number="63" hits="1"/><line number="64" hits="1"/><line number="65" hits="1"/><line number="66" hits="1"/><line number="67" hits="1"/><line number="68" hits="1"/><line number="69" hits="1"/><line number="72" hits="1"/><line number="85" hits="1"/><line number="95" hits="1"/><line number="96" hits="1"/><line number="98" hits="1"/><line number="109" hits="1"/><line number="112" hits="1"/><line number="113" hits="1"/><line number="114" hits="1"/><line number="115" hits="1"/><line number="116" hits="1"/><line number="117" hits="1"/><line number="118" hits="1"/><line number="119" hits="1"/><line number="120" hits="1"/><line number="121" hits="3"/><line number="122" hits="2"/><line number="124" hits="1"/><line number="127" hits="1"/><line number="128" hits="1"/><line number="129" hits="1"/><line number="131" hits="2"/><line number="132" hits="1"/><line number="133" hits="3"/><line number="134" hits="1"/><line number="136" hits="2"/><line number="137" hits="4"/><line number="140" hits="1"/><line number="141" hits="2"/><line number="144" hits="1"/><line number="145" hits="2"/><line number="146" hits="1"/><line number="149" hits="2"/><line number="150" hits="1"/><line number="151" hits="2"/><line number="152" hits="1"/><line number="154" hits="2"/><line number="168" hits="3"/><line number="171" hits="3"/><line number="174" hits="1"/><line number="176" hits="5"/><line number="177" hits="1"/><line number="180" hits="2"/><line number="193" hits="1"/><line number="194" hits="2"/><line number="195" hits="1"/><line number="196" hits="1"/><line number="197" hits="1"/><line number="198" hits="1"/><line number="199" hits="1"/><line number="200" hits="1"/><line number="201" hits="1"/><line number="202" hits="1"/><line number="203" hits="1"/><line number="204" hits="1"/><line number="206" hits="1"/><line number="207" hits="1"/><line number="208" hits="2"/><line number="210" hits="1"/><line number="211" hits="1"/><line number="212" hits="1"/><line number="214" hits="1"/><line number="216" hits="2"/><line number="218" hits="1"/><line number="221" hits="1"/><line number="222" hits="1"/><line number="223" hits="1"/><line number="225" hits="2"/><line number="226" hits="1"/><line number="227" hits="0"/><line number="228" hits="0"/><line number="230" hits="0"/><line number="234" hits="1"/><line number="236" hits="1"/><line number="239" hits="1"/><line number="245" hits="2"/><line number="246" hits="1"/><line number="247" hits="1"/><line number="253" hits="1"/><line number="254" hits="1"/><line number="255" hits="1"/><line number="256" hits="1"/><line number="257" hits="1"/><line number="260" hits="2"/><line number="261" hits="2"/><line number="262" hits="1"/><line number="264" hits="1"/><line number="266" hits="1"/><line number="272" hits="1"/><line number="277" hits="2"/><line number="280" hits="1"/><line number="284" hits="1"/><line number="285" hits="1"/><line number="287" hits="1"/><line number="288" hits="1"/><line number="289" hits="1"/><line number="292" hits="4"/><line number="293" hits="3"/><line number="294" hits="1"/><line number="295" hits="3"/><line number="296" hits="1"/><line number="297" hits="3"/><line number="298" hits="1"/><line number="301" hits="1"/><line number="302" hits="1"/><line number="303" hits="1"/><line number="305" hits="1"/><line number="311" hits="1"/><line number="312" hits="1"/><line number="313" hits="4"/><line number="314" hits="1"/><line number="319" hits="0"/><line number="320" hits="0"/></lines></class><class name="recommend" filename="relvar/src/experimental/recommend.rs" line-rate="0.8775510204081632" branch-rate="0" complexity="0"><methods/><lines><line number="40" hits="1"/><line number="48" hits="1"/><line number="49" hits="1"/><line number="50" hits="1"/><line number="58" hits="1"/><line number="63" hits="1"/><line number="65" hits="3"/><line number="67" hits="2"/><line number="68" hits="0"/><line number="70" hits="0"/><line number="71" hits="0"/><line number="72" hits="0"/><line number="73" hits="0"/><line number="74" hits="0"/><line number="75" hits="0"/><line number="76" hits="0"/><line number="78" hits="0"/><line number="79" hits="0"/><line number="84" hits="2"/><line number="85" hits="1"/><line number="88" hits="1"/><line number="91" hits="2"/><line number="94" hits="1"/><line number="97" hits="1"/><line number="102" hits="1"/><line number="103" hits="3"/><line number="106" hits="2"/><line number="107" hits="2"/><line number="108" hits="1"/><line number="109" hits="1"/><line number="110" hits="1"/><line number="112" hits="1"/><line number="113" hits="2"/><line number="114" hits="1"/><line number="115" hits="1"/><line number="117" hits="1"/><line number="118" hits="2"/><line number="119" hits="1"/><line number="120" hits="1"/><line number="122" hits="0"/><line number="125" hits="1"/><line number="129" hits="1"/><line number="131" hits="2"/><line number="132" hits="1"/><line number="133" hits="1"/><line number="134" hits="1"/><line number="135" hits="1"/><line number="138" hits="1"/><line number="141" hits="2"/><line number="142" hits="1"/><line number="143" hits="1"/><line number="144" hits="1"/><line number="146" hits="1"/><line number="147" hits="1"/><line number="148" hits="1"/><line number="150" hits="1"/><line number="151" hits="3"/><line number="154" hits="1"/><line number="159" hits="2"/><line number="160" hits="1"/><line number="163" hits="1"/><line number="169" hits="1"/><line number="173" hits="1"/><line number="175" hits="3"/><line number="181" hits="2"/><line number="182" hits="1"/><line number="183" hits="1"/><line number="184" hits="1"/><line number="188" hits="1"/><line number="191" hits="1"/><line number="196" hits="2"/><line number="198" hits="1"/><line number="199" hits="2"/><line number="200" hits="1"/><line number="201" hits="1"/><line number="202" hits="1"/><line number="204" hits="1"/><line number="205" hits="2"/><line number="206" hits="1"/><line number="207" hits="1"/><line number="209" hits="0"/><line number="212" hits="1"/><line number="216" hits="1"/><line number="218" hits="2"/><line number="219" hits="1"/><line number="220" hits="1"/><line number="221" hits="1"/><line number="224" hits="1"/><line number="227" hits="2"/><line number="228" hits="1"/><line number="229" hits="1"/><line number="231" hits="1"/><line number="232" hits="1"/><line number="234" hits="1"/><line number="235" hits="3"/><line number="238" hits="1"/><line number="243" hits="1"/><line number="245" hits="1"/></lines></class><class name="search" filename="relvar/src/experimental/search.rs" line-rate="0.88" branch-rate="0" complexity="0"><methods/><lines><line number="65" hits="1"/><line number="66" hits="1"/><line number="69" hits="3"/><line number="70" hits="1"/><line number="71" hits="3"/><line number="72" hits="3"/><line number="74" hits="2"/><line number="77" hits="1"/><line number="120" hits="1"/><line number="122" hits="1"/><line number="130" hits="1"/><line number="131" hits="4"/><line number="132" hits="2"/><line number="133" hits="2"/><line number="134" hits="2"/><line number="136" hits="1"/><line number="137" hits="2"/><line number="145" hits="1"/><line number="151" hits="1"/><line number="155" hits="3"/><line number="156" hits="1"/><line number="157" hits="2"/><line number="158" hits="1"/><line number="159" hits="1"/><line number="164" hits="4"/><line number="165" hits="2"/><line number="166" hits="2"/><line number="167" hits="2"/><line number="169" hits="1"/><line number="170" hits="0"/><line number="173" hits="2"/><line number="176" hits="1"/><line number="182" hits="1"/><line number="188" hits="1"/><line number="189" hits="2"/><line number="191" hits="2"/><line number="193" hits="0"/><line number="194" hits="0"/><line number="195" hits="0"/><line number="196" hits="0"/><line number="200" hits="2"/><line number="204" hits="1"/><line number="206" hits="2"/><line number="207" hits="1"/><line number="208" hits="1"/><line number="210" hits="0"/><line number="216" hits="1"/><line number="217" hits="2"/><line number="218" hits="1"/><line number="223" hits="1"/></lines></class><class name="spatial" filename="relvar/src/experimental/spatial.rs" line-rate="0.9459459459459459" branch-rate="0" complexity="0"><methods/><lines><line number="37" hits="1"/><line number="38" hits="1"/><line number="39" hits="1"/><line number="40" hits="1"/><line number="42" hits="1"/><line number="44" hits="1"/><line number="61" hits="1"/><line number="62" hits="1"/><line number="65" hits="1"/><line number="66" hits="2"/><line number="67" hits="2"/><line number="73" hits="1"/><line number="75" hits="2"/><line number="80" hits="1"/><line number="97" hits="1"/><line number="98" hits="1"/><line number="101" hits="2"/><line number="102" hits="2"/><line number="104" hits="2"/><line number="105" hits="2"/><line number="109" hits="2"/><line number="110" hits="1"/><line number="112" hits="1"/><line number="128" hits="1"/><line number="129" hits="1"/><line number="130" hits="1"/><line number="134" hits="1"/><line number="136" hits="1"/><line number="138" hits="1"/><line number="139" hits="1"/><line number="140" hits="2"/><line number="141" hits="0"/><line number="143" hits="2"/><line number="144" hits="1"/><line number="145" hits="1"/><line number="146" hits="1"/><line number="148" hits="0"/></lines></class><class name="timeseries" filename="relvar/src/experimental/timeseries.rs" line-rate="0.9705882352941176" branch-rate="0" complexity="0"><methods/><lines><line number="70" hits="2"/><line number="80" hits="2"/><line number="81" hits="2"/><line number="82" hits="4"/><line number="85" hits="2"/><line number="86" hits="2"/><line number="87" hits="2"/><line number="88" hits="2"/><line number="95" hits="6"/><line number="98" hits="4"/><line number="105" hits="2"/><line number="106" hits="4"/><line number="109" hits="6"/><line number="112" hits="4"/><line number="114" hits="4"/><line number="115" hits="2"/><line number="119" hits="4"/><line number="121" hits="4"/><line number="122" hits="1"/><line number="123" hits="1"/><line number="124" hits="1"/><line number="125" hits="1"/><line number="130" hits="9"/><line number="131" hits="9"/><line number="133" hits="2"/><line number="134" hits="2"/><line number="136" hits="0"/><line number="145" hits="6"/><line number="148" hits="4"/><line number="151" hits="4"/><line number="154" hits="3"/><line number="155" hits="5"/><line number="156" hits="2"/><line number="162" hits="3"/></lines></class><class name="turing" filename="relvar/src/experimental/turing.rs" line-rate="0.95" branch-rate="0" complexity="0"><methods/><lines><line number="35" hits="1"/><line number="51" hits="1"/><line number="55" hits="1"/><line number="57" hits="4"/><line number="60" hits="1"/><line number="61" hits="2"/><line number="62" hits="2"/><line number="63" hits="1"/><line number="65" hits="1"/><line number="67" hits="1"/><line number="73" hits="1"/><line number="74" hits="1"/><line number="78" hits="1"/><line number="80" hits="2"/><line number="82" hits="1"/><line number="89" hits="1"/><line number="90" hits="1"/><line number="96" hits="1"/><line number="97" hits="2"/><line number="99" hits="1"/><line number="100" hits="1"/><line number="103" hits="2"/><line number="104" hits="1"/><line number="105" hits="1"/><line number="110" hits="1"/><line number="111" hits="2"/><line number="112" hits="1"/><line number="113" hits="1"/><line number="114" hits="1"/><line number="116" hits="1"/><line number="117" hits="1"/><line number="118" hits="1"/><line number="119" hits="0"/><line number="121" hits="1"/><line number="123" hits="1"/><line number="127" hits="1"/><line number="128" hits="2"/><line number="129" hits="1"/><line number="130" hits="1"/><line number="133" hits="0"/></lines></class></classes></package><package name="relvar-core/benches" line-rate="0" branch-rate="0" complexity="0"><classes></classes></package><package name="relvar/tests" line-rate="0.9294478527607362" branch-rate="0" complexity="0"><classes><class name="query_builder" filename="relvar/tests/query_builder.rs" line-rate="1" branch-rate="0" complexity="0"><methods/><lines><line number="1" hits="1"/><line number="9" hits="3"/><line number="11" hits="1"/><line number="14" hits="1"/><line number="15" hits="1"/><line number="16" hits="1"/><line number="17" hits="1"/><line number="18" hits="1"/><line number="20" hits="1"/><line number="21" hits="1"/><line number="23" hits="1"/><line number="25" hits="1"/><line number="27" hits="1"/><line number="28" hits="1"/><line number="30" hits="1"/><line number="32" hits="1"/><line number="33" hits="1"/><line number="35" hits="1"/><line number="37" hits="1"/><line number="40" hits="1"/><line number="41" hits="1"/><line number="42" hits="1"/><line number="44" hits="1"/><line number="45" hits="1"/><line number="47" hits="1"/><line number="49" hits="1"/><line number="51" hits="1"/><line number="52" hits="1"/><line number="53" hits="1"/><line number="57" hits="3"/><line number="58" hits="3"/><line number="59" hits="1"/><line number="61" hits="1"/><line number="62" hits="1"/><line number="63" hits="2"/><line number="66" hits="2"/><line number="68" hits="2"/><line number="72" hits="1"/><line number="73" hits="2"/><line number="74" hits="1"/><line number="75" hits="1"/><line number="76" hits="1"/><line number="79" hits="1"/><line number="80" hits="2"/><line number="81" hits="1"/><line number="83" hits="2"/><line number="84" hits="2"/><line number="85" hits="2"/><line number="88" hits="3"/><line number="89" hits="1"/><line number="92" hits="1"/><line number="93" hits="1"/><line number="94" hits="1"/><line number="95" hits="1"/><line number="97" hits="1"/><line number="98" hits="1"/><line number="99" hits="1"/><line number="101" hits="1"/><line number="103" hits="1"/><line number="104" hits="1"/><line number="106" hits="1"/><line number="108" hits="1"/><line number="109" hits="1"/><line number="111" hits="1"/><line number="113" hits="1"/><line number="116" hits="1"/><line number="117" hits="1"/><line number="118" hits="1"/><line number="120" hits="1"/><line number="121" hits="1"/><line number="122" hits="1"/><line number="124" hits="1"/><line number="126" hits="1"/><line number="127" hits="1"/><line number="128" hits="1"/><line number="131" hits="3"/><line number="132" hits="2"/><line number="133" hits="1"/><line number="134" hits="2"/><line number="135" hits="3"/><line number="136" hits="1"/><line number="137" hits="1"/><line number="139" hits="1"/><line number="141" hits="2"/><line number="143" hits="2"/><line number="146" hits="1"/><line number="147" hits="1"/><line number="148" hits="3"/><line number="149" hits="1"/><line number="151" hits="1"/><line number="152" hits="1"/><line number="153" hits="2"/><line number="156" hits="3"/><line number="157" hits="1"/><line number="159" hits="1"/><line number="160" hits="1"/><line number="161" hits="1"/><line number="163" hits="1"/><line number="164" hits="1"/><line number="165" hits="1"/><line number="166" hits="1"/><line number="167" hits="1"/><line number="168" hits="1"/><line number="169" hits="1"/><line number="170" hits="1"/><line number="173" hits="3"/><line number="174" hits="2"/><line number="175" hits="1"/><line number="176" hits="2"/><line number="177" hits="3"/><line number="178" hits="1"/><line number="179" hits="1"/><line number="180" hits="1"/><line number="182" hits="1"/><line number="184" hits="2"/><line number="185" hits="2"/><line number="187" hits="1"/><line number="188" hits="1"/><line number="189" hits="3"/><line number="190" hits="1"/><line number="191" hits="1"/><line number="192" hits="1"/><line number="193" hits="1"/><line number="196" hits="1"/><line number="197" hits="2"/><line number="198" hits="2"/></lines></class><class name="sentry_timeseries_collision" filename="relvar/tests/sentry_timeseries_collision.rs" line-rate="0.9545454545454546" branch-rate="0" complexity="0"><methods/><lines><line number="1" hits="1"/><line number="7" hits="4"/><line number="27" hits="2"/><line number="28" hits="1"/><line number="29" hits="1"/><line number="30" hits="1"/><line number="31" hits="1"/><line number="35" hits="2"/><line number="36" hits="1"/><line number="38" hits="1"/><line number="39" hits="1"/><line number="56" hits="1"/><line number="58" hits="1"/><line number="59" hits="1"/><line number="60" hits="3"/><line number="61" hits="1"/><line number="63" hits="1"/><line number="66" hits="1"/><line number="70" hits="2"/><line number="72" hits="2"/><line number="74" hits="0"/><line number="76" hits="2"/></lines></class><class name="visualizer_security" filename="relvar/tests/visualizer_security.rs" line-rate="1" branch-rate="0" complexity="0"><methods/><lines><line number="1" hits="1"/><line number="5" hits="3"/><line number="6" hits="1"/><line number="9" hits="1"/><line number="11" hits="2"/><line number="12" hits="1"/><line number="14" hits="1"/><line number="15" hits="1"/><line number="17" hits="2"/><line number="21" hits="2"/><line number="24" hits="3"/><line number="25" hits="1"/><line number="27" hits="1"/><line number="30" hits="2"/><line number="31" hits="1"/><line number="33" hits="1"/><line number="34" hits="1"/><line number="36" hits="2"/><line number="39" hits="2"/></lines></class><class name="warden_exploit_nested_limit" filename="relvar/tests/warden_exploit_nested_limit.rs" line-rate="0.7096774193548387" branch-rate="0" complexity="0"><methods/><lines><line number="1" hits="1"/><line number="6" hits="3"/><line number="9" hits="1"/><line number="10" hits="1"/><line number="12" hits="2"/><line number="13" hits="1"/><line number="14" hits="2"/><line number="15" hits="1"/><line number="19" hits="1"/><line number="20" hits="1"/><line number="21" hits="1"/><line number="22" hits="1"/><line number="23" hits="1"/><line number="24" hits="1"/><line number="26" hits="2"/><line number="28" hits="1"/><line number="33" hits="1"/><line number="35" hits="1"/><line number="36" hits="0"/><line number="38" hits="0"/><line number="39" hits="0"/><line number="40" hits="0"/><line number="42" hits="0"/><line number="44" hits="0"/><line number="45" hits="0"/><line number="47" hits="0"/><line number="50" hits="0"/><line number="51" hits="1"/><line number="52" hits="2"/><line number="53" hits="1"/><line number="55" hits="3"/></lines></class><class name="warden_import_limits" filename="relvar/tests/warden_import_limits.rs" line-rate="0.9452054794520548" branch-rate="0" complexity="0"><methods/><lines><line number="1" hits="1"/><line number="5" hits="3"/><line number="6" hits="1"/><line number="7" hits="1"/><line number="13" hits="1"/><line number="14" hits="1"/><line number="15" hits="1"/><line number="16" hits="1"/><line number="17" hits="1"/><line number="19" hits="2"/><line number="21" hits="1"/><line number="23" hits="1"/><line number="25" hits="2"/><line number="26" hits="1"/><line number="27" hits="1"/><line number="28" hits="2"/><line number="29" hits="1"/><line number="35" hits="0"/><line number="36" hits="1"/><line number="37" hits="3"/><line number="40" hits="3"/><line number="41" hits="1"/><line number="42" hits="1"/><line number="45" hits="1"/><line number="46" hits="1"/><line number="47" hits="1"/><line number="48" hits="2"/><line number="51" hits="1"/><line number="53" hits="2"/><line number="54" hits="1"/><line number="55" hits="1"/><line number="56" hits="2"/><line number="57" hits="1"/><line number="58" hits="0"/><line number="59" hits="1"/><line number="60" hits="3"/><line number="63" hits="3"/><line number="64" hits="1"/><line number="65" hits="1"/><line number="68" hits="1"/><line number="69" hits="1"/><line number="71" hits="1"/><line number="72" hits="1"/><line number="73" hits="2"/><line number="75" hits="1"/><line number="76" hits="1"/><line number="78" hits="1"/><line number="80" hits="2"/><line number="81" hits="1"/><line number="82" hits="1"/><line number="83" hits="2"/><line number="84" hits="1"/><line number="85" hits="0"/><line number="86" hits="1"/><line number="87" hits="3"/><line number="90" hits="3"/><line number="91" hits="1"/><line number="92" hits="1"/><line number="95" hits="1"/><line number="96" hits="1"/><line number="97" hits="1"/><line number="98" hits="1"/><line number="99" hits="2"/><line number="101" hits="1"/><line number="104" hits="1"/><line number="106" hits="2"/><line number="107" hits="1"/><line number="108" hits="1"/><line number="109" hits="2"/><line number="110" hits="1"/><line number="111" hits="0"/><line number="112" hits="1"/><line number="113" hits="3"/></lines></class><class name="warden_json_import" filename="relvar/tests/warden_json_import.rs" line-rate="0.8363636363636363" branch-rate="0" complexity="0"><methods/><lines><line number="1" hits="1"/><line number="6" hits="3"/><line number="7" hits="1"/><line number="8" hits="1"/><line number="9" hits="1"/><line number="10" hits="1"/><line number="12" hits="2"/><line number="13" hits="2"/><line number="20" hits="2"/><line number="22" hits="2"/><line number="24" hits="2"/><line number="25" hits="1"/><line number="26" hits="2"/><line number="27" hits="1"/><line number="28" hits="0"/><line number="32" hits="0"/><line number="33" hits="0"/><line number="34" hits="0"/><line number="36" hits="2"/><line number="39" hits="3"/><line number="40" hits="1"/><line number="41" hits="1"/><line number="42" hits="1"/><line number="43" hits="1"/><line number="45" hits="2"/><line number="46" hits="1"/><line number="47" hits="1"/><line number="48" hits="1"/><line number="49" hits="1"/><line number="51" hits="2"/><line number="53" hits="1"/><line number="55" hits="1"/><line number="57" hits="0"/><line number="58" hits="2"/><line number="62" hits="2"/><line number="63" hits="1"/><line number="64" hits="2"/><line number="65" hits="1"/><line number="66" hits="0"/><line number="67" hits="0"/><line number="68" hits="0"/><line number="69" hits="0"/><line number="71" hits="2"/><line number="74" hits="3"/><line number="75" hits="1"/><line number="76" hits="1"/><line number="79" hits="1"/><line number="80" hits="2"/><line number="81" hits="2"/><line number="83" hits="1"/><line number="84" hits="2"/><line number="86" hits="1"/><line number="88" hits="1"/><line number="93" hits="2"/><line number="94" hits="2"/></lines></class></classes></package><package name="relvar-core/src/types" line-rate="0.8819444444444444" branch-rate="0" complexity="0"><classes><class name="relation_type" filename="relvar-core/src/types/relation_type.rs" line-rate="0.9230769230769231" branch-rate="0" complexity="0"><methods/><lines><line number="101" hits="36"/><line number="102" hits="74"/><line number="103" hits="0"/><line number="123" hits="9"/><line number="124" hits="8"/><line number="152" hits="20"/><line number="184" hits="4"/><line number="185" hits="4"/><line number="213" hits="17"/><line number="246" hits="9"/><line number="247" hits="9"/><line number="252" hits="4"/><line number="254" hits="4"/></lines></class><class name="scalar" filename="relvar-core/src/types/scalar.rs" line-rate="0.8686868686868687" branch-rate="0" complexity="0"><methods/><lines><line number="231" hits="5"/><line number="232" hits="10"/><line number="233" hits="5"/><line number="234" hits="2"/><line number="235" hits="3"/><line number="236" hits="2"/><line number="237" hits="2"/><line number="238" hits="1"/><line number="239" hits="3"/><line number="260" hits="57"/><line number="261" hits="55"/><line number="262" hits="18"/><line number="263" hits="16"/><line number="264" hits="56"/><line number="293" hits="12"/><line number="294" hits="26"/><line number="295" hits="2"/><line number="296" hits="0"/><line number="297" hits="0"/><line number="298" hits="0"/><line number="302" hits="12"/><line number="303" hits="10"/><line number="345" hits="3"/><line number="351" hits="3"/><line number="352" hits="3"/><line number="354" hits="12"/><line number="355" hits="2"/><line number="356" hits="4"/><line number="357" hits="6"/><line number="360" hits="3"/><line number="361" hits="3"/><line number="362" hits="3"/><line number="367" hits="4"/><line number="368" hits="2"/><line number="369" hits="4"/><line number="370" hits="6"/><line number="373" hits="1"/><line number="380" hits="18"/><line number="382" hits="21"/><line number="385" hits="19"/><line number="386" hits="0"/><line number="387" hits="0"/><line number="388" hits="0"/><line number="389" hits="0"/><line number="390" hits="0"/><line number="391" hits="4"/><line number="393" hits="8"/><line number="395" hits="4"/><line number="396" hits="0"/><line number="397" hits="0"/><line number="398" hits="0"/><line number="399" hits="4"/><line number="400" hits="4"/><line number="407" hits="1"/><line number="408" hits="1"/><line number="413" hits="4"/><line number="417" hits="11"/><line number="427" hits="3"/><line number="428" hits="4"/><line number="429" hits="3"/><line number="433" hits="9"/><line number="434" hits="4"/><line number="439" hits="2"/><line number="440" hits="3"/><line number="456" hits="3"/><line number="461" hits="2"/><line number="464" hits="7"/><line number="469" hits="12"/><line number="472" hits="8"/><line number="474" hits="3"/><line number="475" hits="3"/><line number="476" hits="12"/><line number="477" hits="5"/><line number="479" hits="2"/><line number="480" hits="4"/><line number="481" hits="4"/><line number="483" hits="1"/><line number="485" hits="3"/><line number="488" hits="1"/><line number="490" hits="2"/><line number="494" hits="3"/><line number="501" hits="3"/><line number="502" hits="3"/><line number="503" hits="1"/><line number="802" hits="9"/><line number="803" hits="8"/><line number="804" hits="8"/><line number="805" hits="1"/><line number="806" hits="2"/><line number="807" hits="1"/><line number="808" hits="2"/><line number="809" hits="2"/><line number="810" hits="5"/><line number="815" hits="15"/><line number="818" hits="5"/><line number="823" hits="16"/><line number="824" hits="0"/><line number="826" hits="0"/><line number="830" hits="8"/></lines></class><class name="tuple_type" filename="relvar-core/src/types/tuple_type.rs" line-rate="0.90625" branch-rate="0" complexity="0"><methods/><lines><line number="98" hits="45"/><line number="100" hits="48"/><line number="134" hits="55"/><line number="135" hits="115"/><line number="136" hits="4"/><line number="137" hits="0"/><line number="138" hits="0"/><line number="139" hits="0"/><line number="142" hits="113"/><line number="143" hits="57"/><line number="174" hits="23"/><line number="175" hits="24"/><line number="204" hits="12"/><line number="205" hits="12"/><line number="236" hits="24"/><line number="237" hits="23"/><line number="254" hits="41"/><line number="255" hits="37"/><line number="256" hits="38"/><line number="257" hits="120"/><line number="258" hits="40"/><line number="259" hits="42"/><line number="289" hits="8"/><line number="290" hits="9"/><line number="320" hits="6"/><line
[...]
s" line-rate="0.873015873015873" branch-rate="0" complexity="0"><methods/><lines><line number="72" hits="3"/><line number="73" hits="6"/><line number="78" hits="3"/><line number="81" hits="8"/><line number="82" hits="3"/><line number="84" hits="3"/><line number="85" hits="4"/><line number="86" hits="4"/><line number="87" hits="4"/><line number="88" hits="0"/><line number="89" hits="4"/><line number="99" hits="2"/><line number="100" hits="4"/><line number="103" hits="2"/><line number="105" hits="6"/><line number="107" hits="3"/><line number="108" hits="1"/><line number="109" hits="1"/><line number="110" hits="1"/><line number="116" hits="5"/><line number="118" hits="2"/><line number="119" hits="2"/><line number="120" hits="0"/><line number="121" hits="2"/><line number="122" hits="0"/><line number="123" hits="0"/><line number="136" hits="1"/><line number="137" hits="3"/><line number="141" hits="2"/><line number="142" hits="1"/><line number="146" hits="3"/><line number="147" hits="3"/><line number="150" hits="2"/><line number="152" hits="2"/><line number="153" hits="2"/><line number="155" hits="2"/><line number="166" hits="1"/><line number="167" hits="2"/><line number="168" hits="1"/><line number="172" hits="1"/><line number="175" hits="1"/><line number="178" hits="1"/><line number="181" hits="1"/><line number="183" hits="1"/><line number="190" hits="1"/><line number="191" hits="3"/><line number="198" hits="1"/><line number="199" hits="1"/><line number="206" hits="1"/><line number="207" hits="1"/><line number="211" hits="1"/><line number="212" hits="1"/><line number="224" hits="2"/><line number="228" hits="1"/><line number="231" hits="1"/><line number="232" hits="2"/><line number="233" hits="0"/><line number="235" hits="0"/><line number="243" hits="2"/><line number="244" hits="2"/><line number="246" hits="2"/><line number="247" hits="1"/><line number="250" hits="3"/><line number="251" hits="1"/><line number="252" hits="2"/><line number="254" hits="2"/><line number="255" hits="2"/><line number="257" hits="1"/><line number="262" hits="2"/><line number="264" hits="1"/><line number="265" hits="1"/><line number="266" hits="1"/><line number="269" hits="3"/><line number="271" hits="1"/><line number="272" hits="1"/><line number="273" hits="2"/><line number="274" hits="0"/><line number="275" hits="0"/><line number="276" hits="0"/><line number="279" hits="1"/><line number="282" hits="5"/><line number="283" hits="1"/><line number="286" hits="1"/><line number="287" hits="0"/><line number="289" hits="0"/><line number="293" hits="4"/><line number="294" hits="5"/><line number="295" hits="5"/><line number="297" hits="2"/><line number="298" hits="2"/><line number="302" hits="3"/><line number="304" hits="2"/><line number="311" hits="1"/><line number="315" hits="1"/><line number="318" hits="1"/><line number="319" hits="1"/><line number="320" hits="0"/><line number="322" hits="0"/><line number="329" hits="1"/><line number="330" hits="1"/><line number="331" hits="1"/><line number="332" hits="1"/><line number="334" hits="1"/><line number="335" hits="1"/><line number="337" hits="2"/><line number="339" hits="1"/><line number="344" hits="2"/><line number="346" hits="1"/><line number="347" hits="1"/><line number="348" hits="1"/><line number="349" hits="1"/><line number="352" hits="4"/><line number="354" hits="1"/><line number="355" hits="2"/><line number="356" hits="2"/><line number="357" hits="0"/><line number="358" hits="0"/><line number="359" hits="0"/><line number="362" hits="2"/><line number="365" hits="2"/><line number="366" hits="1"/><line number="370" hits="1"/><line number="374" hits="1"/><line number="378" hits="3"/><line number="381" hits="1"/><line number="383" hits="2"/></lines></class><class name="record" filename="relvar-storage/src/wal/record.rs" line-rate="0.9375" branch-rate="0" complexity="0"><methods/><lines><line number="143" hits="2"/><line number="144" hits="1"/><line number="146" hits="4"/><line number="147" hits="2"/><line number="150" hits="3"/><line number="167" hits="2"/><line number="169" hits="2"/><line number="170" hits="1"/><line number="174" hits="3"/><line number="175" hits="2"/><line number="197" hits="1"/><line number="198" hits="6"/><line number="199" hits="0"/><line number="206" hits="1"/><line number="222" hits="1"/><line number="223" hits="1"/></lines></class><class name="recovery" filename="relvar-storage/src/wal/recovery.rs" line-rate="0.9615384615384616" branch-rate="0" complexity="0"><methods/><lines><line number="57" hits="1"/><line number="59" hits="1"/><line number="61" hits="1"/><line number="62" hits="2"/><line number="63" hits="1"/><line number="66" hits="3"/><line number="67" hits="2"/><line number="68" hits="2"/><line number="69" hits="2"/><line number="71" hits="1"/><line number="72" hits="2"/><line number="74" hits="1"/><line number="75" hits="1"/><line number="83" hits="2"/><line number="84" hits="2"/><line number="85" hits="1"/><line number="86" hits="2"/><line number="87" hits="1"/><line number="125" hits="1"/><line number="127" hits="3"/><line number="131" hits="2"/><line number="132" hits="3"/><line number="134" hits="1"/><line number="136" hits="2"/><line number="137" hits="2"/><line number="138" hits="2"/><line number="140" hits="1"/><line number="143" hits="2"/><line number="144" hits="1"/><line number="149" hits="2"/><line number="150" hits="1"/><line number="151" hits="1"/><line number="152" hits="0"/><line number="155" hits="1"/><line number="156" hits="1"/><line number="157" hits="1"/><line number="158" hits="0"/><line number="163" hits="2"/><line number="165" hits="3"/><line number="166" hits="1"/><line number="167" hits="1"/><line number="168" hits="1"/><line number="169" hits="1"/><line number="170" hits="1"/><line number="171" hits="1"/><line number="173" hits="1"/><line number="174" hits="1"/><line number="175" hits="1"/><line number="180" hits="2"/><line number="181" hits="1"/><line number="182" hits="2"/><line number="183" hits="1"/></lines></class></classes></package><package name="relvar-core/src/query" line-rate="0.9487179487179487" branch-rate="0" complexity="0"><classes><class name="mod" filename="relvar-core/src/query/mod.rs" line-rate="0.9487179487179487" branch-rate="0" complexity="0"><methods/><lines><line number="197" hits="3"/><line number="198" hits="3"/><line number="199" hits="4"/><line number="200" hits="3"/><line number="201" hits="6"/><line number="205" hits="3"/><line number="208" hits="3"/><line number="209" hits="6"/><line number="210" hits="3"/><line number="211" hits="2"/><line number="212" hits="1"/><line number="213" hits="3"/><line number="214" hits="1"/><line number="216" hits="1"/><line number="221" hits="3"/><line number="222" hits="1"/><line number="225" hits="2"/><line number="227" hits="2"/><line number="228" hits="6"/><line number="229" hits="8"/><line number="230" hits="2"/><line number="232" hits="2"/><line number="233" hits="4"/><line number="234" hits="2"/><line number="236" hits="6"/><line number="238" hits="4"/><line number="240" hits="2"/><line number="241" hits="4"/><line number="242" hits="4"/><line number="243" hits="4"/><line number="245" hits="3"/><line number="246" hits="0"/><line number="247" hits="0"/><line number="248" hits="0"/><line number="249" hits="0"/><line number="250" hits="6"/><line number="252" hits="8"/><line number="253" hits="4"/><line number="254" hits="4"/><line number="255" hits="5"/><line number="271" hits="2"/><line number="272" hits="2"/><line number="275" hits="2"/><line number="276" hits="2"/><line number="277" hits="2"/><line number="278" hits="4"/><line number="279" hits="2"/><line number="280" hits="2"/><line number="284" hits="4"/><line number="287" hits="2"/><line number="288" hits="2"/><line number="292" hits="4"/><line number="295" hits="2"/><line number="296" hits="2"/><line number="300" hits="4"/><line number="303" hits="1"/><line number="304" hits="1"/><line number="307" hits="2"/><line number="308" hits="1"/><line number="311" hits="2"/><line number="316" hits="2"/><line number="321" hits="4"/><line number="335" hits="3"/><line number="336" hits="3"/><line number="354" hits="3"/><line number="356" hits="3"/><line number="369" hits="2"/><line number="371" hits="4"/><line number="372" hits="8"/><line number="384" hits="2"/><line number="386" hits="4"/><line number="387" hits="2"/><line number="404" hits="2"/><line number="406" hits="4"/><line number="407" hits="2"/><line number="420" hits="2"/><line number="426" hits="5"/><line number="427" hits="12"/></lines></class></classes></package><package name="" line-rate="0.9170824015138482" branch-rate="0" complexity="0"><classes></classes></package><package name="relvar-storage/benches" line-rate="0" branch-rate="0" complexity="0"><classes></classes></package><package name="relvar-storage/src" line-rate="0.896421845574388" branch-rate="0" complexity="0"><classes><class name="persistent_engine" filename="relvar-storage/src/persistent_engine.rs" line-rate="0.9025974025974026" branch-rate="0" complexity="0"><methods/><lines><line number="90" hits="1"/><line number="91" hits="3"/><line number="92" hits="4"/><line number="95" hits="3"/><line number="97" hits="3"/><line number="100" hits="3"/><line number="101" hits="0"/><line number="105" hits="2"/><line number="108" hits="2"/><line number="111" hits="2"/><line number="112" hits="1"/><line number="117" hits="3"/><line number="119" hits="1"/><line number="123" hits="1"/><line number="127" hits="1"/><line number="130" hits="2"/><line number="131" hits="0"/><line number="135" hits="0"/><line number="137" hits="0"/><line number="141" hits="2"/><line number="145" hits="2"/><line number="149" hits="1"/><line number="151" hits="2"/><line number="156" hits="0"/><line number="161" hits="0"/><line number="164" hits="0"/><line number="167" hits="0"/><line number="171" hits="0"/><line number="172" hits="0"/><line number="195" hits="1"/><line number="197" hits="1"/><line number="200" hits="1"/><line number="203" hits="1"/><line number="206" hits="1"/><line number="209" hits="1"/><line number="212" hits="2"/><line number="213" hits="6"/><line number="216" hits="4"/><line number="218" hits="2"/><line number="222" hits="1"/><line number="223" hits="1"/><line number="225" hits="1"/><line number="229" hits="1"/><line number="230" hits="1"/><line number="232" hits="3"/><line number="236" hits="1"/><line number="242" hits="1"/><line number="244" hits="2"/><line number="245" hits="1"/><line number="249" hits="1"/><line number="250" hits="1"/><line number="254" hits="1"/><line number="257" hits="1"/><line number="259" hits="1"/><line number="260" hits="1"/><line number="262" hits="1"/><line number="263" hits="0"/><line number="267" hits="1"/><line number="268" hits="1"/><line number="269" hits="1"/><line number="270" hits="1"/><line number="276" hits="2"/><line number="277" hits="2"/><line number="278" hits="1"/><line number="280" hits="1"/><line number="281" hits="1"/><line number="289" hits="2"/><line number="294" hits="4"/><line number="297" hits="0"/><line number="300" hits="1"/><line number="301" hits="1"/><line number="304" hits="1"/><line number="305" hits="1"/><line number="308" hits="1"/><line number="309" hits="2"/><line number="312" hits="0"/><line number="315" hits="1"/><line number="316" hits="1"/><line number="319" hits="1"/><line number="321" hits="1"/><line number="322" hits="2"/><line number="325" hits="1"/><line number="328" hits="1"/><line number="329" hits="1"/><line number="331" hits="5"/><line number="334" hits="3"/><line number="336" hits="1"/><line number="337" hits="1"/><line number="338" hits="1"/><line number="341" hits="1"/><line number="344" hits="2"/><line number="345" hits="3"/><line number="348" hits="2"/><line number="349" hits="2"/><line number="352" hits="3"/><line number="353" hits="1"/><line number="355" hits="1"/><line number="356" hits="2"/><line number="358" hits="2"/><line number="360" hits="5"/><line number="363" hits="3"/><line number="365" hits="2"/><line number="366" hits="1"/><line number="367" hits="1"/><line number="370" hits="1"/><line number="373" hits="2"/><line number="374" hits="2"/><line number="375" hits="2"/><line number="377" hits="3"/><line number="378" hits="3"/><line number="379" hits="2"/><line number="381" hits="2"/><line number="382" hits="2"/><line number="384" hits="2"/><line number="387" hits="1"/><line number="388" hits="2"/><line number="389" hits="1"/><line number="392" hits="1"/><line number="394" hits="3"/><line number="396" hits="2"/><line number="398" hits="2"/><line number="400" hits="1"/><line number="401" hits="1"/><line number="402" hits="1"/><line number="404" hits="1"/><line number="407" hits="1"/><line number="408" hits="2"/><line number="409" hits="1"/><line number="412" hits="1"/><line number="414" hits="1"/><line number="415" hits="1"/><line number="417" hits="1"/><line number="426" hits="2"/><line number="427" hits="3"/><line number="428" hits="2"/><line number="430" hits="1"/><line number="431" hits="1"/><line number="436" hits="1"/><line number="441" hits="2"/><line number="443" hits="1"/><line number="444" hits="1"/><line number="445" hits="0"/><line number="449" hits="2"/><line number="452" hits="1"/><line number="456" hits="1"/><line number="463" hits="2"/><line number="464" hits="1"/><line number="466" hits="2"/><line number="467" hits="1"/><line number="469" hits="1"/><line number="470" hits="1"/><line number="472" hits="1"/><line number="474" hits="2"/><line number="477" hits="0"/></lines></class></classes></package><package name="relvar-core/src" line-rate="0.9100346020761245" branch-rate="0" complexity="0"><classes></classes></package><package name="relvar-core/src/database" line-rate="0.8439306358381503" branch-rate="0" complexity="0"><classes><class name="data" filename="relvar-core/src/database/data.rs" line-rate="0.711864406779661" branch-rate="0" complexity="0"><methods/><lines><line number="25" hits="12"/><line number="26" hits="23"/><line number="27" hits="14"/><line number="30" hits="12"/><line number="31" hits="13"/><line number="74" hits="12"/><line number="76" hits="14"/><line number="77" hits="2"/><line number="81" hits="12"/><line number="142" hits="8"/><line number="146" hits="17"/><line number="149" hits="7"/><line number="152" hits="8"/><line number="153" hits="0"/><line number="155" hits="18"/><line number="156" hits="0"/><line number="157" hits="0"/><line number="158" hits="0"/><line number="162" hits="5"/><line number="163" hits="5"/><line number="243" hits="16"/><line number="253" hits="33"/><line number="256" hits="15"/><line number="259" hits="19"/><line number="260" hits="0"/><line number="262" hits="35"/><line number="264" hits="11"/><line number="265" hits="0"/><line number="266" hits="0"/><line number="267" hits="0"/><line number="271" hits="5"/><line number="272" hits="5"/><line number="277" hits="14"/><line number="278" hits="20"/><line number="279" hits="1"/><line number="280" hits="1"/><line number="283" hits="14"/><line number="287" hits="12"/><line number="293" hits="20"/><line number="294" hits="14"/><line number="296" hits="16"/><line number="297" hits="0"/><line number="298" hits="0"/><line number="299" hits="0"/><line number="303" hits="11"/><line number="304" hits="28"/><line number="305" hits="0"/><line number="306" hits="0"/><line number="307" hits="0"/><line number="310" hits="12"/><line number="313" hits="4"/><line number="319" hits="4"/><line number="320" hits="10"/><line number="321" hits="6"/><line number="327" hits="6"/><line number="328" hits="0"/><line number="329" hits="0"/><line number="330" hits="0"/><line number="333" hits="4"/></lines></class><class name="dml" filename="relvar-core/src/database/dml.rs" line-rate="1" branch-rate="0" complexity="0"><methods/><lines><line number="10" hits="7"/><line number="17" hits="14"/><line number="18" hits="7"/><line number="25" hits="7"/><line number="26" hits="7"/><line number="27" hits="7"/><line number="28" hits="21"/><line number="31" hits="14"/><line number="33" hits="7"/><line number="36" hits="15"/><line number="45" hits="30"/><line number="46" hits="30"/><line number="47" hits="30"/><line number="49" hits="31"/><line number="50" hits="30"/><line number="51" hits="45"/><line number="52" hits="30"/><line number="53" hits="8"/><line number="54" hits="8"/><line number="57" hits="30"/><line number="59" hits="30"/><line number="60" hits="1"/><line number="63" hits="14"/><line number="64" hits="14"/><line number="71" hits="14"/><line number="73" hits="14"/></lines></class><class name="integrity" filename="relvar-core/src/database/integrity.rs" line-rate="0.6086956521739131" branch-rate="0" complexity="0"><methods/><lines><line number="49" hits="3"/><line number="50" hits="3"/><line number="84" hits="3"/><line number="88" hits="3"/><line number="112" hits="5"/><line number="117" hits="11"/><line number="118" hits="0"/><line number="119" hits="6"/><line number="155" hits="5"/><line number="160" hits="7"/><line number="161" hits="0"/><line number="162" hits="0"/><line number="163" hits="0"/><line number="190" hits="3"/><line number="196" hits="4"/><line number="197" hits="0"/><line number="198" hits="0"/><line number="199" hits="0"/><line number="200" hits="0"/><line number="236" hits="4"/><line number="241" hits="11"/><line number="242" hits="0"/><line number="243" hits="7"/></lines></class><class name="mod" filename="relvar-core/src/database/mod.rs" line-rate="1" branch-rate="0" complexity="0"><methods/><lines><line number="166" hits="25"/><line number="169" hits="25"/><line number="172" hits="25"/></lines></class><class name="schema" filename="relvar-core/src/database/schema.rs" line-rate="0.9705882352941176" branch-rate="0" complexity="0"><methods/><lines><line number="31" hits="16"/><line number="36" hits="51"/><line number="37" hits="4"/><line number="40" hits="15"/><line number="41" hits="17"/><line number="71" hits="2"/><line number="73" hits="2"/><line number="76" hits="2"/><line number="77" hits="1"/><line number="96" hits="3"/><line number="97" hits="3"/><line number="125" hits="2"/><line number="126" hits="2"/><line number="127" hits="4"/><line number="128" hits="2"/><line number="153" hits="4"/><line number="155" hits="4"/><line number="156" hits="2"/><line number="160" hits="6"/><line number="161" hits="3"/><line number="204" hits="3"/><line number="210" hits="6"/><line number="211" hits="4"/><line number="214" hits="6"/><line number="215" hits="3"/><line number="216" hits="3"/><line number="217" hits="3"/><line number="218" hits="0"/><line number="222" hits="3"/><line number="253" hits="1"/><line number="254" hits="3"/><line number="255" hits="1"/><line number="256" hits="5"/><line number="257" hits="1"/></lines></class><class name="tests" filename="relvar-core/src/database/tests.rs" line-rate="1" branch-rate="0" complexity="0"><methods/><lines><line number="13" hits="2"/><line number="15" hits="2"/><line number="16" hits="2"/><line number="17" hits="2"/></lines></class><class name="transaction" filename="relvar-core/src/database/transaction.rs" line-rate="1" branch-rate="0" complexity="0"><methods/><lines><line number="32" hits="2"/><line number="33" hits="2"/><line number="34" hits="2"/><line number="35" hits="2"/><line number="39" hits="4"/><line number="40" hits="4"/><line number="41" hits="2"/><line number="42" hits="2"/><line number="67" hits="2"/><line number="68" hits="2"/><line number="69" hits="2"/><line number="70" hits="2"/><line number="74" hits="2"/><line number="75" hits="1"/><line number="78" hits="1"/><line number="79" hits="1"/><line number="100" hits="2"/><line number="101" hits="2"/><line number="102" hits="2"/><line number="103" hits="2"/><line number="107" hits="4"/><line number="108" hits="2"/><line number="111" hits="2"/><line number="112" hits="2"/></lines></class></classes></package><package name="relvar/benches" line-rate="0" branch-rate="0" complexity="0"><classes></classes></package></packages></coverage>