TN:
SF:/app/relvar/src/experimental/automata.rs
FN:33,RelationalNfa::new
FN:41,RelationalNfa::accepts
FNF:2
FNDA:1,RelationalNfa::new
FNDA:2,RelationalNfa::accepts
DA:33,1
DA:41,2
DA:43,1
DA:46,5
DA:47,0
DA:51,2
DA:52,2
DA:53,3
DA:55,3
DA:56,3
DA:57,4
DA:58,2
DA:61,1
DA:62,4
DA:63,2
DA:64,2
DA:65,2
DA:66,3
DA:73,7
DA:74,0
DA:76,3
DA:78,1
DA:79,6
DA:80,3
DA:81,1
DA:82,4
DA:85,1
DA:88,3
DA:89,1
DA:91,3
DA:92,1
DA:95,7
DA:97,3
DA:98,4
DA:99,1
DA:100,3
DA:102,2
DA:104,1
DA:105,1
DA:113,9
DA:114,0
DA:116,4
DA:117,8
LF:43
LH:40
end_of_record
TN:
SF:/app/relvar/src/experimental/automl.rs
FN:105,NaiveBayesClassifier::train
FN:220,NaiveBayesClassifier::predict
FN:256,scalar_to_string
FNF:3
FNDA:1,NaiveBayesClassifier::train
FNDA:2,NaiveBayesClassifier::predict
FNDA:1,scalar_to_string
DA:105,1
DA:106,1
DA:108,1
DA:109,1
DA:110,1
DA:111,1
DA:117,6
DA:123,1
DA:124,4
DA:125,1
DA:127,1
DA:128,1
DA:129,1
DA:130,1
DA:132,3
DA:133,2
DA:134,1
DA:135,1
DA:138,2
DA:139,1
DA:140,1
DA:145,1
DA:146,1
DA:148,2
DA:150,1
DA:151,2
DA:152,1
DA:157,1
DA:158,1
DA:160,6
DA:161,2
DA:162,1
DA:163,1
DA:165,1
DA:166,2
DA:168,3
DA:169,2
DA:177,2
DA:178,2
DA:179,2
DA:180,1
DA:182,1
DA:184,1
DA:185,2
DA:188,4
DA:189,1
DA:190,1
DA:191,2
DA:193,2
DA:194,2
DA:199,2
DA:200,1
DA:201,1
DA:202,2
DA:203,2
DA:204,2
DA:220,2
DA:221,2
DA:222,2
DA:224,4
DA:226,4
DA:229,2
DA:230,5
DA:231,2
DA:232,3
DA:237,2
DA:238,1
DA:242,2
DA:243,1
DA:244,1
DA:251,1
DA:256,1
DA:257,1
DA:258,1
DA:259,1
DA:260,1
DA:261,1
DA:262,0
LF:78
LH:77
end_of_record
TN:
SF:/app/relvar/src/experimental/blockchain.rs
FN:48,Blockchain::new
FN:69,Blockchain::compute_balances
FN:117,Blockchain::is_valid
FNF:3
FNDA:1,Blockchain::new
FNDA:1,Blockchain::compute_balances
FNDA:1,Blockchain::is_valid
DA:48,1
DA:69,1
DA:71,2
DA:73,1
DA:74,2
DA:75,1
DA:80,1
DA:82,1
DA:83,1
DA:84,0
DA:88,1
DA:90,1
DA:91,1
DA:94,1
DA:95,1
DA:96,1
DA:100,2
DA:101,0
DA:117,1
DA:119,1
DA:121,2
DA:122,1
DA:123,2
DA:124,1
DA:127,2
DA:128,1
DA:135,1
DA:141,1
DA:147,2
DA:148,1
DA:149,1
DA:150,1
DA:154,3
DA:155,1
DA:156,0
DA:160,2
DA:161,1
DA:162,2
DA:163,1
DA:166,2
DA:167,1
DA:170,1
LF:42
LH:39
end_of_record
TN:
SF:/app/relvar/src/experimental/cellular_automaton.rs
FN:52,CellularAutomaton::new
FN:64,CellularAutomaton::next_generation
FNF:2
FNDA:1,CellularAutomaton::new
FNDA:1,CellularAutomaton::next_generation
DA:52,1
DA:64,1
DA:66,3
DA:67,2
DA:68,2
DA:69,2
DA:71,2
DA:72,2
DA:73,2
DA:74,1
DA:75,2
DA:76,1
DA:77,1
DA:84,1
DA:87,2
DA:88,2
DA:89,1
DA:90,1
DA:91,1
DA:93,1
DA:94,2
DA:95,1
DA:96,1
DA:97,1
DA:99,1
DA:103,1
DA:104,1
DA:105,1
DA:108,1
DA:109,2
DA:115,1
DA:116,1
DA:117,2
DA:118,1
DA:119,1
DA:121,0
DA:125,3
DA:126,1
DA:129,1
DA:130,1
DA:131,1
DA:134,1
DA:135,1
DA:136,1
DA:138,1
LF:45
LH:44
end_of_record
TN:
SF:/app/relvar/src/experimental/circuit.rs
FN:51,LogicSimulator::new
FN:71,LogicSimulator::tick
FN:162,LogicSimulator::run_until_stable
FNF:3
FNDA:1,LogicSimulator::new
FNDA:1,LogicSimulator::tick
FNDA:1,LogicSimulator::run_until_stable
DA:51,1
DA:71,1
DA:80,1
DA:81,1
DA:83,2
DA:84,2
DA:86,1
DA:87,3
DA:88,1
DA:89,2
DA:90,1
DA:92,1
DA:93,3
DA:94,3
DA:95,3
DA:96,0
DA:97,0
DA:98,0
DA:99,0
DA:101,1
DA:103,1
DA:104,1
DA:105,0
DA:110,1
DA:111,2
DA:113,1
DA:114,2
DA:115,1
DA:116,2
DA:118,1
DA:119,2
DA:120,0
DA:123,1
DA:125,1
DA:126,1
DA:127,0
DA:131,1
DA:132,1
DA:133,1
DA:139,1
DA:140,1
DA:141,2
DA:142,1
DA:144,2
DA:145,1
DA:146,1
DA:148,2
DA:162,1
DA:168,1
DA:170,3
DA:171,2
DA:173,1
DA:174,1
DA:175,1
DA:176,1
DA:177,1
DA:178,1
DA:180,3
DA:181,1
DA:183,1
DA:186,1
DA:188,1
LF:62
LH:55
end_of_record
TN:
SF:/app/relvar/src/experimental/ecs.rs
FN:90,World<E>::new
FN:109,World<E>::spawn
FN:130,World<E>::register_component
FN:178,World<E>::add_component
FN:222,World<E>::remove_component
FN:241,World<E>::get_component
FN:279,World<E>::run_update_system
FN:351,World<E>::component_rel_name
FNF:8
FNDA:1,World<E>::new
FNDA:1,World<E>::spawn
FNDA:1,World<E>::register_component
FNDA:1,World<E>::add_component
FNDA:0,World<E>::remove_component
FNDA:1,World<E>::get_component
FNDA:1,World<E>::run_update_system
FNDA:1,World<E>::component_rel_name
DA:90,1
DA:92,1
DA:109,1
DA:110,1
DA:111,1
DA:112,1
DA:130,1
DA:135,1
DA:137,2
DA:139,3
DA:140,2
DA:141,0
DA:142,0
DA:143,0
DA:146,1
DA:149,1
DA:150,2
DA:154,2
DA:155,1
DA:156,2
DA:157,2
DA:159,1
DA:178,1
DA:184,1
DA:191,2
DA:192,2
DA:195,1
DA:196,2
DA:198,2
DA:199,1
DA:201,2
DA:222,0
DA:223,0
DA:224,0
DA:226,0
DA:241,1
DA:246,1
DA:247,2
DA:249,0
DA:251,3
DA:253,1
DA:279,1
DA:288,1
DA:292,2
DA:294,2
DA:295,1
DA:296,2
DA:297,2
DA:303,1
DA:306,2
DA:307,2
DA:309,1
DA:310,1
DA:311,1
DA:312,1
DA:314,1
DA:317,2
DA:318,2
DA:320,2
DA:321,1
DA:323,2
DA:326,1
DA:327,0
DA:335,2
DA:336,1
DA:337,1
DA:338,1
DA:339,1
DA:341,0
DA:344,1
DA:345,1
DA:346,1
DA:351,1
DA:352,1
LF:74
LH:64
end_of_record
TN:
SF:/app/relvar/src/experimental/graph.rs
FN:82,Graph::new
FN:113,Graph::bfs
FN:252,Graph::pagerank
FNF:3
FNDA:1,Graph::new
FNDA:1,Graph::bfs
FNDA:1,Graph::pagerank
DA:82,1
DA:92,1
DA:93,1
DA:94,1
DA:113,1
DA:115,2
DA:117,2
DA:118,1
DA:119,1
DA:120,1
DA:121,1
DA:122,1
DA:123,1
DA:125,1
DA:127,2
DA:130,2
DA:131,1
DA:132,2
DA:133,1
DA:135,1
DA:136,2
DA:137,1
DA:141,1
DA:145,2
DA:155,2
DA:156,2
DA:159,2
DA:162,2
DA:165,2
DA:166,2
DA:169,1
DA:170,2
DA:171,1
DA:172,1
DA:174,1
DA:178,2
DA:179,1
DA:199,1
DA:201,2
DA:203,1
DA:204,1
DA:205,1
DA:210,2
DA:218,2
DA:223,2
DA:224,1
DA:225,1
DA:226,1
DA:229,1
DA:252,1
DA:257,1
DA:258,1
DA:259,0
DA:262,1
DA:266,2
DA:268,1
DA:269,2
DA:270,1
DA:272,1
DA:277,2
DA:280,1
DA:281,1
DA:283,1
DA:289,1
DA:296,2
DA:297,2
DA:300,2
DA:303,2
DA:306,1
DA:307,2
DA:308,1
DA:309,1
DA:310,2
DA:311,0
DA:313,1
DA:316,1
DA:319,2
DA:322,2
DA:323,2
DA:326,1
DA:328,2
DA:329,1
DA:331,1
DA:340,1
DA:341,2
DA:342,1
DA:343,1
DA:344,1
DA:346,1
DA:347,1
DA:348,1
DA:350,1
DA:351,1
DA:352,1
DA:355,1
DA:357,3
DA:358,2
DA:359,1
DA:360,1
DA:362,1
DA:363,2
DA:364,2
DA:367,1
LF:103
LH:101
end_of_record
TN:
SF:/app/relvar/src/experimental/image.rs
FN:49,load
FN:100,save
FN:180,apply_kernel
FNF:3
FNDA:2,load
FNDA:2,save
FNDA:1,apply_kernel
DA:49,2
DA:50,2
DA:51,2
DA:52,2
DA:53,2
DA:54,2
DA:55,2
DA:57,5
DA:58,2
DA:61,2
DA:62,2
DA:64,4
DA:65,4
DA:66,1
DA:67,2
DA:68,1
DA:69,2
DA:70,2
DA:73,2
DA:74,3
DA:86,1
DA:100,2
DA:101,2
DA:102,0
DA:106,2
DA:107,2
DA:108,2
DA:109,2
DA:111,4
DA:112,2
DA:113,2
DA:115,4
DA:116,2
DA:118,4
DA:119,2
DA:121,4
DA:122,2
DA:124,4
DA:125,2
DA:129,2
DA:130,2
DA:132,2
DA:133,1
DA:136,2
DA:138,2
DA:139,2
DA:140,1
DA:141,1
DA:142,1
DA:143,1
DA:145,1
DA:146,2
DA:148,3
DA:149,1
DA:150,2
DA:151,1
DA:152,1
DA:156,1
DA:180,1
DA:181,1
DA:182,0
DA:185,3
DA:186,1
DA:187,0
DA:193,1
DA:195,2
DA:196,1
DA:197,1
DA:198,1
DA:199,1
DA:212,2
DA:213,1
DA:214,1
DA:217,3
DA:218,2
DA:219,2
DA:225,2
DA:226,1
DA:227,1
DA:230,2
DA:231,1
DA:232,1
DA:235,2
DA:236,1
DA:237,1
DA:243,3
DA:250,2
DA:251,1
DA:252,1
DA:253,1
DA:254,1
DA:255,1
DA:258,1
DA:259,2
DA:261,1
DA:266,1
DA:267,3
DA:268,2
DA:277,1
DA:278,1
DA:279,1
DA:280,1
DA:288,2
DA:289,1
DA:290,1
DA:293,2
DA:294,1
DA:295,1
DA:298,2
DA:299,1
DA:300,1
DA:307,1
DA:310,2
DA:311,2
LF:114
LH:111
end_of_record
TN:
SF:/app/relvar/src/experimental/matrix.rs
FN:46,Matrix::new
FN:67,Matrix::from_relation
FN:96,Matrix::add
FN:155,Matrix::multiply
FN:188,<impl Default for Matrix>::default
FNF:5
FNDA:1,Matrix::new
FNDA:1,Matrix::from_relation
FNDA:1,Matrix::add
FNDA:1,Matrix::multiply
FNDA:0,<impl Default for Matrix>::default
DA:46,1
DA:47,1
DA:48,1
DA:49,1
DA:50,1
DA:53,1
DA:67,1
DA:68,2
DA:70,1
DA:71,2
DA:72,1
DA:74,0
DA:75,0
DA:79,1
DA:96,1
DA:111,1
DA:113,2
DA:114,1
DA:116,1
DA:118,1
DA:120,2
DA:121,1
DA:123,1
DA:125,1
DA:126,1
DA:127,1
DA:129,1
DA:130,2
DA:131,1
DA:134,1
DA:136,1
DA:155,1
DA:157,1
DA:160,1
DA:164,1
DA:165,1
DA:166,1
DA:169,1
DA:170,2
DA:171,1
DA:172,1
DA:173,1
DA:175,1
DA:178,1
DA:179,2
DA:180,1
DA:183,1
DA:188,0
DA:189,0
LF:49
LH:45
end_of_record
TN:
SF:/app/relvar/src/experimental/mock.rs
FN:72,MockRelation::new
FN:92,MockRelation::count
FN:105,MockRelation::seed
FN:118,MockRelation::generate
FN:135,MockRelation::generate_tuple
FN:147,MockRelation::generate_value
FNF:6
FNDA:1,MockRelation::new
FNDA:1,MockRelation::count
FNDA:1,MockRelation::seed
FNDA:1,MockRelation::generate
FNDA:1,MockRelation::generate_tuple
FNDA:1,MockRelation::generate_value
DA:72,1
DA:92,1
DA:93,1
DA:94,1
DA:105,1
DA:106,1
DA:107,1
DA:118,1
DA:119,2
DA:120,1
DA:121,2
DA:123,0
DA:126,2
DA:127,2
DA:128,1
DA:132,1
DA:135,1
DA:136,1
DA:138,3
DA:139,2
DA:140,1
DA:141,2
DA:144,1
DA:147,1
DA:148,1
DA:149,1
DA:150,1
DA:153,1
DA:155,3
DA:157,1
DA:159,1
DA:161,1
DA:162,3
DA:163,1
DA:165,1
DA:167,2
DA:169,1
DA:171,2
DA:173,1
DA:174,1
LF:40
LH:39
end_of_record
TN:
SF:/app/relvar/src/experimental/neural_network.rs
FN:54,NeuralNetwork::new
FN:73,NeuralNetwork::forward_layer
FN:151,NeuralNetwork::forward_pass
FN:165,NeuralNetwork::get_layer_activations
FNF:4
FNDA:1,NeuralNetwork::new
FNDA:1,NeuralNetwork::forward_layer
FNDA:0,NeuralNetwork::forward_pass
FNDA:1,NeuralNetwork::get_layer_activations
DA:54,1
DA:73,1
DA:77,3
DA:80,1
DA:82,3
DA:86,1
DA:87,2
DA:90,1
DA:91,2
DA:92,1
DA:93,1
DA:94,1
DA:96,1
DA:101,2
DA:103,2
DA:106,1
DA:108,1
DA:109,1
DA:110,2
DA:111,1
DA:113,1
DA:116,1
DA:119,1
DA:120,2
DA:121,1
DA:122,1
DA:123,1
DA:125,1
DA:126,1
DA:128,1
DA:129,1
DA:132,2
DA:134,1
DA:135,1
DA:137,1
DA:151,0
DA:152,0
DA:153,0
DA:155,0
DA:165,1
DA:167,3
LF:41
LH:37
end_of_record
TN:
SF:/app/relvar/src/experimental/physics.rs
FN:43,PhysicsEngine::new
FN:55,PhysicsEngine::next_step
FNF:2
FNDA:1,PhysicsEngine::new
FNDA:1,PhysicsEngine::next_step
DA:43,1
DA:55,1
DA:58,1
DA:67,1
DA:76,2
DA:79,2
DA:80,1
DA:81,1
DA:82,1
DA:86,1
DA:87,2
DA:88,2
DA:89,1
DA:90,1
DA:91,1
DA:92,1
DA:93,1
DA:94,1
DA:96,1
DA:97,1
DA:98,1
DA:101,1
DA:102,0
DA:105,1
DA:106,1
DA:107,1
DA:109,1
DA:111,1
DA:112,2
DA:113,1
DA:114,1
DA:115,1
DA:116,1
DA:117,1
DA:118,1
DA:120,1
DA:121,1
DA:122,1
DA:124,1
DA:125,0
DA:128,1
DA:129,1
DA:130,1
DA:132,1
DA:134,1
DA:137,1
DA:140,1
DA:141,1
DA:142,1
DA:145,1
DA:152,1
DA:153,2
DA:155,1
DA:156,2
DA:157,1
DA:158,1
DA:159,1
DA:162,3
DA:164,1
DA:165,1
DA:166,1
DA:167,1
DA:168,1
DA:169,1
DA:171,1
DA:172,1
DA:173,1
DA:176,1
DA:177,4
DA:178,2
DA:179,1
DA:180,1
DA:181,1
DA:182,1
DA:183,1
DA:185,1
DA:186,2
DA:187,1
DA:188,1
DA:189,1
DA:190,1
DA:191,1
DA:193,1
DA:194,2
DA:195,1
DA:196,1
DA:197,1
DA:199,1
DA:200,2
DA:201,1
DA:202,1
DA:203,1
DA:205,1
DA:209,1
DA:210,1
DA:218,1
LF:96
LH:94
end_of_record
TN:
SF:/app/relvar/src/experimental/pivot.rs
FN:86,pivot
FN:195,scalar_to_string_key
FNF:2
FNDA:1,pivot
FNDA:1,scalar_to_string_key
DA:86,1
DA:92,2
DA:94,1
DA:95,1
DA:96,1
DA:97,1
DA:100,2
DA:101,1
DA:102,1
DA:103,1
DA:109,3
DA:114,1
DA:115,3
DA:116,2
DA:117,1
DA:118,1
DA:122,1
DA:123,2
DA:124,1
DA:132,1
DA:133,3
DA:134,2
DA:135,1
DA:138,2
DA:139,2
DA:140,1
DA:142,1
DA:147,4
DA:148,1
DA:151,1
DA:152,4
DA:155,2
DA:158,4
DA:159,8
DA:161,4
DA:162,4
DA:163,4
DA:164,3
DA:167,1
DA:168,1
DA:169,2
DA:172,1
DA:174,2
DA:178,4
DA:179,2
DA:180,4
DA:181,4
DA:183,4
DA:184,4
DA:185,4
DA:187,4
DA:188,2
DA:189,4
DA:192,2
DA:195,1
DA:196,1
DA:197,0
DA:198,1
DA:199,0
DA:200,1
DA:202,1
LF:61
LH:59
end_of_record
TN:
SF:/app/relvar/src/experimental/raytracer.rs
FN:74,Scene::new
FN:106,Scene::add_sphere
FN:133,Scene::generate_rays
FN:192,Scene::compute_intersections
FN:260,Scene::calculate_visible_pixels
FN:339,Scene::render
FN:347,<impl Default for Scene>::default
FNF:7
FNDA:1,Scene::new
FNDA:1,Scene::add_sphere
FNDA:1,Scene::generate_rays
FNDA:1,Scene::compute_intersections
FNDA:1,Scene::calculate_visible_pixels
FNDA:1,Scene::render
FNDA:0,<impl Default for Scene>::default
DA:74,1
DA:75,1
DA:76,1
DA:77,1
DA:78,1
DA:79,1
DA:80,1
DA:81,1
DA:82,1
DA:83,1
DA:86,1
DA:106,1
DA:116,1
DA:117,1
DA:119,1
DA:130,1
DA:133,1
DA:134,2
DA:135,2
DA:136,2
DA:137,2
DA:138,2
DA:139,2
DA:140,2
DA:141,2
DA:142,2
DA:143,2
DA:145,1
DA:148,1
DA:149,1
DA:150,1
DA:152,1
DA:153,1
DA:154,2
DA:155,1
DA:157,1
DA:158,3
DA:161,1
DA:162,1
DA:165,1
DA:166,1
DA:167,1
DA:170,1
DA:171,1
DA:172,1
DA:173,1
DA:175,1
DA:189,1
DA:192,1
DA:195,1
DA:197,3
DA:198,1
DA:201,2
DA:214,1
DA:215,2
DA:216,1
DA:217,1
DA:218,1
DA:219,1
DA:220,1
DA:221,1
DA:222,1
DA:223,1
DA:224,1
DA:225,1
DA:227,1
DA:228,1
DA:229,2
DA:231,2
DA:232,1
DA:233,1
DA:235,1
DA:237,2
DA:239,1
DA:242,1
DA:243,1
DA:244,1
DA:246,2
DA:247,1
DA:248,0
DA:249,0
DA:251,0
DA:255,1
DA:257,1
DA:260,1
DA:266,2
DA:267,1
DA:268,2
DA:274,1
DA:275,1
DA:276,1
DA:277,1
DA:278,1
DA:281,2
DA:282,2
DA:283,1
DA:285,1
DA:287,1
DA:293,1
DA:298,2
DA:301,1
DA:305,1
DA:306,1
DA:308,1
DA:309,1
DA:310,1
DA:313,3
DA:314,4
DA:315,1
DA:316,3
DA:317,1
DA:318,4
DA:319,1
DA:322,1
DA:323,1
DA:324,1
DA:326,1
DA:339,1
DA:340,1
DA:341,2
DA:342,1
DA:347,0
DA:348,0
LF:123
LH:118
end_of_record
TN:
SF:/app/relvar/src/experimental/recommend.rs
FN:54,CollaborativeFilter::new
FN:79,CollaborativeFilter::recommend_user_based
FN:118,CollaborativeFilter::compute_similarity_products
FN:146,CollaborativeFilter::summarize_and_calculate_similarity
FN:175,CollaborativeFilter::compute_user_similarities
FN:184,CollaborativeFilter::find_unseen_ratings
FN:212,CollaborativeFilter::compute_prediction_components
FN:233,CollaborativeFilter::summarize_and_calculate_predictions
FN:259,CollaborativeFilter::predict_unseen_items
FNF:9
FNDA:1,CollaborativeFilter::new
FNDA:1,CollaborativeFilter::recommend_user_based
FNDA:1,CollaborativeFilter::compute_similarity_products
FNDA:1,CollaborativeFilter::summarize_and_calculate_similarity
FNDA:1,CollaborativeFilter::compute_user_similarities
FNDA:1,CollaborativeFilter::find_unseen_ratings
FNDA:1,CollaborativeFilter::compute_prediction_components
FNDA:1,CollaborativeFilter::summarize_and_calculate_predictions
FNDA:1,CollaborativeFilter::predict_unseen_items
DA:54,1
DA:62,1
DA:63,1
DA:64,1
DA:79,1
DA:84,1
DA:86,3
DA:88,2
DA:89,0
DA:91,0
DA:92,0
DA:93,0
DA:94,0
DA:95,0
DA:96,0
DA:97,0
DA:99,0
DA:100,0
DA:105,2
DA:106,1
DA:109,1
DA:112,2
DA:115,1
DA:118,1
DA:123,1
DA:124,3
DA:127,2
DA:128,2
DA:129,1
DA:130,1
DA:131,1
DA:133,1
DA:134,2
DA:135,1
DA:136,1
DA:138,1
DA:139,2
DA:140,1
DA:141,1
DA:143,0
DA:146,1
DA:150,1
DA:152,2
DA:153,1
DA:154,1
DA:155,1
DA:156,1
DA:159,1
DA:162,2
DA:163,1
DA:164,1
DA:165,1
DA:167,1
DA:168,1
DA:169,1
DA:171,1
DA:172,3
DA:175,1
DA:180,2
DA:181,1
DA:184,1
DA:190,1
DA:194,1
DA:196,3
DA:202,2
DA:203,1
DA:204,1
DA:205,1
DA:209,1
DA:212,1
DA:217,2
DA:219,1
DA:220,2
DA:221,1
DA:222,1
DA:223,1
DA:225,1
DA:226,2
DA:227,1
DA:228,1
DA:230,0
DA:233,1
DA:237,1
DA:239,2
DA:240,1
DA:241,1
DA:242,1
DA:245,1
DA:248,2
DA:249,1
DA:250,1
DA:252,1
DA:253,1
DA:255,1
DA:256,3
DA:259,1
DA:264,2
DA:266,1
LF:98
LH:86
end_of_record
TN:
SF:/app/relvar/src/experimental/search.rs
FN:71,tokenize
FN:132,FullTextIndex::new
FN:148,FullTextIndex::create
FN:169,FullTextIndex::index_document
FN:212,FullTextIndex::search
FNF:5
FNDA:1,tokenize
FNDA:1,FullTextIndex::new
FNDA:1,FullTextIndex::create
FNDA:1,FullTextIndex::index_document
FNDA:1,FullTextIndex::search
DA:71,1
DA:72,1
DA:75,3
DA:76,1
DA:77,3
DA:78,3
DA:80,2
DA:83,1
DA:132,1
DA:134,1
DA:148,1
DA:149,4
DA:150,2
DA:151,2
DA:152,2
DA:154,1
DA:155,2
DA:169,1
DA:175,1
DA:179,3
DA:180,1
DA:181,2
DA:182,1
DA:183,1
DA:188,4
DA:189,2
DA:190,2
DA:191,2
DA:193,1
DA:194,0
DA:197,2
DA:200,1
DA:212,1
DA:218,1
DA:219,2
DA:221,2
DA:223,0
DA:224,0
DA:225,0
DA:226,0
DA:230,2
DA:234,1
DA:236,2
DA:237,1
DA:238,1
DA:240,0
DA:246,1
DA:247,2
DA:248,1
DA:253,1
LF:50
LH:44
end_of_record
TN:
SF:/app/relvar/src/experimental/spatial.rs
FN:37,point_type
FN:61,point
FN:97,distance
FN:128,within
FN:134,extract_coords
FNF:5
FNDA:1,point_type
FNDA:1,point
FNDA:1,distance
FNDA:1,within
FNDA:1,extract_coords
DA:37,1
DA:38,1
DA:39,1
DA:40,1
DA:42,1
DA:44,1
DA:61,1
DA:62,1
DA:65,1
DA:66,2
DA:67,2
DA:73,1
DA:75,2
DA:80,1
DA:97,1
DA:98,1
DA:101,2
DA:102,2
DA:104,2
DA:105,2
DA:109,2
DA:110,1
DA:112,1
DA:128,1
DA:129,1
DA:130,1
DA:134,1
DA:136,1
DA:138,1
DA:139,1
DA:140,2
DA:141,0
DA:143,2
DA:144,1
DA:145,1
DA:146,1
DA:148,0
LF:37
LH:35
end_of_record
TN:
SF:/app/relvar/src/experimental/synth.rs
FN:49,Synth::new
FN:64,Synth::create_timeline
FN:94,Synth::synthesize
FNF:3
FNDA:1,Synth::new
FNDA:1,Synth::create_timeline
FNDA:1,Synth::synthesize
DA:49,1
DA:64,1
DA:68,1
DA:69,2
DA:71,2
DA:72,1
DA:74,2
DA:75,1
DA:76,1
DA:77,2
DA:78,1
DA:81,1
DA:94,1
DA:97,1
DA:100,1
DA:101,2
DA:102,1
DA:103,1
DA:104,1
DA:105,1
DA:107,1
DA:109,2
DA:110,3
DA:111,0
DA:112,0
DA:113,0
DA:115,0
DA:118,0
DA:119,0
DA:122,1
DA:124,1
DA:127,1
DA:128,2
DA:129,1
DA:131,1
LF:35
LH:29
end_of_record
TN:
SF:/app/relvar/src/experimental/timeseries.rs
FN:70,moving_average
FNF:1
FNDA:2,moving_average
DA:70,2
DA:80,2
DA:81,2
DA:82,4
DA:85,2
DA:86,2
DA:87,2
DA:88,2
DA:95,6
DA:98,4
DA:105,2
DA:106,4
DA:109,6
DA:112,4
DA:114,4
DA:115,2
DA:119,4
DA:121,5
DA:122,1
DA:123,1
DA:124,1
DA:125,1
DA:130,9
DA:131,8
DA:133,2
DA:134,2
DA:136,0
DA:145,8
DA:148,5
DA:151,5
DA:154,3
DA:155,5
DA:156,2
DA:162,3
LF:34
LH:33
end_of_record
TN:
SF:/app/relvar/src/experimental/turing.rs
FN:49,TuringMachine::new
FN:72,TuringMachine::step
FN:155,TuringMachine::run
FNF:3
FNDA:1,TuringMachine::new
FNDA:1,TuringMachine::step
FNDA:1,TuringMachine::run
DA:49,1
DA:72,1
DA:76,1
DA:78,4
DA:81,1
DA:82,2
DA:83,2
DA:84,1
DA:86,1
DA:88,1
DA:94,1
DA:95,1
DA:99,1
DA:101,2
DA:103,1
DA:110,1
DA:111,1
DA:117,1
DA:118,2
DA:120,1
DA:121,1
DA:124,2
DA:125,1
DA:126,1
DA:131,1
DA:132,2
DA:133,1
DA:134,1
DA:135,1
DA:137,1
DA:138,1
DA:139,1
DA:140,0
DA:142,1
DA:144,1
DA:155,1
DA:156,2
DA:157,1
DA:158,1
DA:161,0
LF:40
LH:38
end_of_record
TN:
SF:/app/relvar/src/experimental/vcs.rs
FN:51,RelVcs::new
FN:95,RelVcs::checkout
FN:142,RelVcs::diff
FN:232,<impl Default for RelVcs>::default
FNF:4
FNDA:1,RelVcs::new
FNDA:1,RelVcs::checkout
FNDA:1,RelVcs::diff
FNDA:0,<impl Default for RelVcs>::default
DA:51,1
DA:53,3
DA:54,2
DA:55,2
DA:59,4
DA:60,2
DA:61,2
DA:62,2
DA:66,5
DA:67,2
DA:68,2
DA:69,2
DA:70,2
DA:74,3
DA:75,2
DA:76,2
DA:80,1
DA:81,1
DA:82,1
DA:83,1
DA:95,1
DA:97,1
DA:99,3
DA:101,2
DA:102,0
DA:111,2
DA:115,1
DA:116,1
DA:117,1
DA:122,1
DA:123,1
DA:124,1
DA:125,1
DA:128,1
DA:130,1
DA:142,1
DA:148,1
DA:150,3
DA:151,2
DA:152,0
DA:157,1
DA:158,1
DA:159,1
DA:160,1
DA:163,1
DA:165,3
DA:166,2
DA:167,0
DA:172,1
DA:173,1
DA:174,1
DA:175,1
DA:178,1
DA:179,1
DA:180,1
DA:181,1
DA:182,1
DA:183,1
DA:184,2
DA:185,1
DA:187,1
DA:190,1
DA:191,1
DA:192,1
DA:193,1
DA:194,2
DA:195,1
DA:197,1
DA:200,1
DA:201,1
DA:203,1
DA:204,1
DA:205,1
DA:207,2
DA:208,2
DA:209,1
DA:212,1
DA:213,1
DA:214,2
DA:215,1
DA:217,1
DA:220,1
DA:221,1
DA:222,1
DA:223,1
DA:224,1
DA:225,1
DA:227,1
DA:232,0
DA:233,0
LF:90
LH:85
end_of_record
TN:
SF:/app/relvar/src/lib.rs
FN:175,in_memory
FN:199,open
FNF:2
FNDA:0,in_memory
FNDA:0,open
DA:175,0
DA:176,0
DA:199,0
LF:3
LH:0
end_of_record
TN:
SF:/app/relvar/src/tools/exporter.rs
FN:79,<impl PartialOrd for SortableTuple<'a>>::partial_cmp
FN:85,<impl Ord for SortableTuple<'a>>::cmp
FN:125,to_csv
FN:202,to_json
FN:256,to_ascii_table
FN:341,format_scalar_csv
FN:353,scalar_to_json
FN:365,format_scalar_table
FNF:8
FNDA:1,<impl PartialOrd for SortableTuple<'a>>::partial_cmp
FNDA:1,<impl Ord for SortableTuple<'a>>::cmp
FNDA:1,to_csv
FNDA:1,to_json
FNDA:1,to_ascii_table
FNDA:1,format_scalar_csv
FNDA:1,scalar_to_json
FNDA:1,format_scalar_table
DA:79,1
DA:80,1
DA:85,1
DA:89,1
DA:125,1
DA:126,1
DA:131,1
DA:134,2
DA:135,1
DA:136,1
DA:138,2
DA:140,1
DA:143,1
DA:144,2
DA:147,2
DA:148,2
DA:149,1
DA:150,1
DA:152,2
DA:153,1
DA:156,1
DA:159,1
DA:202,1
DA:204,1
DA:205,2
DA:207,1
DA:208,4
DA:209,1
DA:211,2
DA:212,1
DA:213,2
DA:215,1
DA:218,1
DA:256,1
DA:257,1
DA:262,2
DA:263,0
DA:267,2
DA:268,2
DA:271,3
DA:274,2
DA:275,3
DA:276,2
DA:277,3
DA:278,2
DA:279,2
DA:281,0
DA:283,3
DA:284,1
DA:286,1
DA:288,1
DA:291,1
DA:294,1
DA:295,1
DA:296,2
DA:297,1
DA:298,1
DA:299,1
DA:300,1
DA:302,1
DA:306,2
DA:309,1
DA:310,1
DA:311,1
DA:312,1
DA:313,1
DA:314,1
DA:315,1
DA:317,1
DA:320,1
DA:323,2
DA:324,1
DA:325,1
DA:326,1
DA:327,1
DA:328,1
DA:329,1
DA:330,1
DA:332,1
DA:336,1
DA:338,1
DA:341,1
DA:342,1
DA:343,1
DA:344,0
DA:345,1
DA:346,1
DA:347,0
DA:348,0
DA:349,0
DA:353,1
DA:354,1
DA:355,1
DA:356,1
DA:357,1
DA:358,1
DA:359,1
DA:360,1
DA:361,1
DA:365,1
DA:366,1
DA:367,1
DA:368,0
DA:369,1
DA:370,1
DA:371,0
DA:372,0
DA:373,0
LF:108
LH:98
end_of_record
TN:
SF:/app/relvar/src/tools/importer.rs
FN:118,from_json
FN:148,<impl DeserializeSeed for RelationSeed>::deserialize
FN:167,<impl Visitor for RelationVisitor>::expecting
FN:171,<impl Visitor for RelationVisitor>::visit_seq
FN:211,<impl DeserializeSeed for TupleSeed>::deserialize
FN:230,<impl Visitor for TupleVisitor>::expecting
FN:234,<impl Visitor for TupleVisitor>::visit_map
FN:267,<impl DeserializeSeed for ScalarValueSeed>::deserialize
FN:298,<impl Visitor for ScalarValueVisitor>::expecting
FN:302,<impl Visitor for ScalarValueVisitor>::visit_bool
FN:313,<impl Visitor for ScalarValueVisitor>::visit_i64
FN:326,<impl Visitor for ScalarValueVisitor>::visit_u64
FN:343,<impl Visitor for ScalarValueVisitor>::visit_f64
FN:354,<impl Visitor for ScalarValueVisitor>::visit_str
FN:376,<impl Visitor for ScalarValueVisitor>::visit_string
FN:379,<impl Visitor for ScalarValueVisitor>::visit_seq
FN:458,from_csv
FN:468,from_csv::read_line_safe
FN:577,parse_csv_line
FN:613,str_to_scalar
FNF:20
FNDA:4,from_json
FNDA:4,<impl DeserializeSeed for RelationSeed>::deserialize
FNDA:1,<impl Visitor for RelationVisitor>::expecting
FNDA:4,<impl Visitor for RelationVisitor>::visit_seq
FNDA:4,<impl DeserializeSeed for TupleSeed>::deserialize
FNDA:1,<impl Visitor for TupleVisitor>::expecting
FNDA:4,<impl Visitor for TupleVisitor>::visit_map
FNDA:5,<impl DeserializeSeed for ScalarValueSeed>::deserialize
FNDA:1,<impl Visitor for ScalarValueVisitor>::expecting
FNDA:0,<impl Visitor for ScalarValueVisitor>::visit_bool
FNDA:0,<impl Visitor for ScalarValueVisitor>::visit_i64
FNDA:5,<impl Visitor for ScalarValueVisitor>::visit_u64
FNDA:1,<impl Visitor for ScalarValueVisitor>::visit_f64
FNDA:1,<impl Visitor for ScalarValueVisitor>::visit_str
FNDA:0,<impl Visitor for ScalarValueVisitor>::visit_string
FNDA:3,<impl Visitor for ScalarValueVisitor>::visit_seq
FNDA:3,from_csv
FNDA:3,from_csv::read_line_safe
FNDA:4,parse_csv_line
FNDA:3,str_to_scalar
DA:118,4
DA:124,4
DA:125,4
DA:126,8
DA:131,8
DA:132,11
DA:133,3
DA:135,2
DA:148,4
DA:152,5
DA:153,4
DA:154,4
DA:167,1
DA:168,1
DA:171,4
DA:175,8
DA:176,8
DA:179,4
DA:182,15
DA:183,6
DA:184,6
DA:185,2
DA:186,0
DA:187,0
DA:190,6
DA:191,3
DA:193,3
DA:194,3
DA:195,3
DA:198,4
DA:211,4
DA:215,4
DA:216,4
DA:217,4
DA:230,1
DA:231,1
DA:234,4
DA:238,4
DA:239,4
DA:241,13
DA:242,8
DA:244,4
DA:245,5
DA:247,5
DA:248,10
DA:251,2
DA:255,10
DA:267,5
DA:271,5
DA:272,1
DA:274,2
DA:275,1
DA:277,1
DA:278,0
DA:279,1
DA:280,1
DA:282,14
DA:283,4
DA:284,5
DA:298,1
DA:299,1
DA:302,0
DA:306,0
DA:307,0
DA:309,0
DA:313,0
DA:317,0
DA:318,0
DA:319,0
DA:320,0
DA:322,0
DA:326,5
DA:330,10
DA:331,10
DA:332,5
DA:334,0
DA:336,0
DA:337,0
DA:339,0
DA:343,1
DA:347,3
DA:348,1
DA:350,0
DA:354,1
DA:358,3
DA:359,2
DA:360,0
DA:361,0
DA:362,0
DA:363,0
DA:366,2
DA:368,2
DA:376,0
DA:379,3
DA:383,3
DA:384,0
DA:385,4
DA:386,5
DA:387,4
DA:388,2
DA:389,0
DA:390,0
DA:393,4
DA:395,1
DA:397,2
DA:399,4
DA:401,2
DA:402,2
DA:405,6
DA:406,4
DA:407,4
DA:408,2
DA:409,0
DA:410,0
DA:413,4
DA:414,2
DA:416,2
DA:417,2
DA:418,2
DA:420,1
DA:422,0
DA:423,0
DA:424,0
DA:458,3
DA:463,6
DA:464,6
DA:465,4
DA:468,3
DA:472,4
DA:476,3
DA:477,4
DA:479,3
DA:480,1
DA:483,4
DA:484,3
DA:488,3
DA:489,3
DA:490,2
DA:491,0
DA:492,0
DA:496,2
DA:500,3
DA:501,8
DA:502,0
DA:505,7
DA:507,3
DA:510,9
DA:511,7
DA:512,1
DA:513,0
DA:514,0
DA:520,3
DA:521,4
DA:522,9
DA:523,3
DA:524,4
DA:525,0
DA:526,0
DA:530,6
DA:531,3
DA:532,0
DA:535,3
DA:537,6
DA:538,1
DA:539,0
DA:540,2
DA:541,2
DA:542,1
DA:546,3
DA:548,6
DA:549,6
DA:551,6
DA:552,5
DA:553,1
DA:554,1
DA:555,2
DA:556,1
DA:559,6
DA:563,6
DA:564,3
DA:566,3
DA:567,3
DA:568,3
DA:570,4
DA:573,1
DA:577,4
DA:578,3
DA:579,4
DA:580,3
DA:581,7
DA:583,4
DA:584,3
DA:586,4
DA:587,4
DA:589,1
DA:590,1
DA:593,2
DA:597,2
DA:600,6
DA:601,2
DA:602,2
DA:605,7
DA:609,3
DA:610,4
DA:613,3
DA:614,3
DA:617,3
DA:618,5
DA:621,0
DA:622,0
DA:623,2
DA:626,1
DA:627,1
DA:631,1
DA:633,1
DA:635,1
DA:636,1
DA:637,3
DA:639,1
DA:640,1
LF:220
LH:178
end_of_record
TN:
SF:/app/relvar/src/tools/visualizer.rs
FN:78,SchemaVisualizer<'a,E>::new
FN:99,SchemaVisualizer<'a,E>::to_dot
FN:189,escape_html
FN:198,escape_dot_id
FN:203,escape_dot_string_content
FNF:5
FNDA:2,SchemaVisualizer<'a,E>::new
FNDA:2,SchemaVisualizer<'a,E>::to_dot
FNDA:2,escape_html
FNDA:3,escape_dot_id
FNDA:1,escape_dot_string_content
DA:78,2
DA:99,2
DA:100,2
DA:101,2
DA:102,2
DA:103,2
DA:105,2
DA:108,4
DA:111,7
DA:112,6
DA:115,3
DA:116,2
DA:117,2
DA:119,0
DA:122,6
DA:125,6
DA:126,4
DA:128,7
DA:129,0
DA:130,0
DA:132,6
DA:133,0
DA:134,0
DA:138,3
DA:139,8
DA:141,8
DA:142,6
DA:143,3
DA:145,5
DA:146,2
DA:148,3
DA:153,4
DA:155,4
DA:156,0
DA:157,0
DA:160,2
DA:165,2
DA:166,4
DA:167,1
DA:168,1
DA:169,1
DA:171,2
DA:172,1
DA:173,2
DA:175,3
DA:176,0
DA:177,0
DA:183,3
DA:184,3
DA:189,2
DA:190,8
DA:198,3
DA:199,2
DA:203,1
DA:204,1
LF:55
LH:46
end_of_record
TN:
SF:/app/relvar/tests/query_builder.rs
FNF:0
DA:1,1
DA:9,3
DA:11,1
DA:14,1
DA:15,1
DA:16,1
DA:17,1
DA:18,1
DA:20,1
DA:21,1
DA:23,1
DA:25,1
DA:27,1
DA:28,1
DA:30,1
DA:32,1
DA:33,1
DA:35,1
DA:37,1
DA:40,1
DA:41,1
DA:42,1
DA:44,1
DA:45,1
DA:47,1
DA:49,1
DA:51,1
DA:52,1
DA:53,1
DA:57,3
DA:58,3
DA:59,1
DA:61,1
DA:62,1
DA:63,2
DA:66,2
DA:68,2
DA:72,1
DA:73,2
DA:74,1
DA:75,1
DA:76,1
DA:79,1
DA:80,2
DA:81,1
DA:83,2
DA:84,2
DA:85,2
DA:88,3
DA:89,1
DA:92,1
DA:93,1
DA:94,1
DA:95,1
DA:97,1
DA:98,1
DA:99,1
DA:101,1
DA:103,1
DA:104,1
DA:106,1
DA:108,1
DA:109,1
DA:111,1
DA:113,1
DA:116,1
DA:117,1
DA:118,1
DA:120,1
DA:121,1
DA:122,1
DA:124,1
DA:126,1
DA:127,1
DA:128,1
DA:131,3
DA:132,2
DA:133,1
DA:134,2
DA:135,3
DA:136,1
DA:137,1
DA:139,1
DA:141,2
DA:143,2
DA:146,1
DA:147,1
DA:148,3
DA:149,1
DA:151,1
DA:152,1
DA:153,2
DA:156,3
DA:157,1
DA:159,1
DA:160,1
DA:161,1
DA:163,1
DA:164,1
DA:165,1
DA:166,1
DA:167,1
DA:168,1
DA:169,1
DA:170,1
DA:173,3
DA:174,2
DA:175,1
DA:176,2
DA:177,3
DA:178,1
DA:179,1
DA:180,1
DA:182,1
DA:184,2
DA:185,2
DA:187,1
DA:188,1
DA:189,3
DA:190,1
DA:191,1
DA:192,1
DA:193,1
DA:196,1
DA:197,2
DA:198,2
LF:126
LH:126
end_of_record
TN:
SF:/app/relvar/tests/sentry_timeseries_collision.rs
FNF:0
DA:1,1
DA:7,4
DA:27,2
DA:28,1
DA:29,1
DA:30,1
DA:31,1
DA:35,2
DA:36,1
DA:38,1
DA:39,1
DA:56,1
DA:58,1
DA:59,1
DA:60,3
DA:61,1
DA:63,1
DA:66,1
DA:70,2
DA:72,2
DA:74,0
DA:76,2
LF:22
LH:21
end_of_record
TN:
SF:/app/relvar/tests/visualizer_security.rs
FNF:0
DA:1,1
DA:5,3
DA:6,1
DA:9,1
DA:11,2
DA:12,1
DA:14,1
DA:15,1
DA:17,2
DA:21,2
DA:24,3
DA:25,1
DA:27,1
DA:30,2
DA:31,1
DA:33,1
DA:34,1
DA:36,2
DA:39,2
LF:19
LH:19
end_of_record
TN:
SF:/app/relvar/tests/warden_exploit_csv_dos.rs
FNF:0
DA:1,1
DA:5,3
DA:7,1
DA:8,1
DA:9,1
DA:10,1
DA:13,1
DA:14,1
DA:15,1
DA:16,1
DA:17,2
DA:23,1
DA:25,1
DA:26,0
DA:28,0
DA:31,0
DA:33,0
DA:37,0
DA:38,1
DA:39,2
DA:40,1
DA:42,2
LF:22
LH:17
end_of_record
TN:
SF:/app/relvar/tests/warden_exploit_image_dos.rs
FNF:0
DA:1,1
DA:7,3
DA:8,1
DA:9,1
DA:10,1
DA:11,1
DA:12,1
DA:13,1
DA:15,1
DA:16,1
DA:21,2
DA:22,1
DA:24,1
DA:25,1
DA:27,1
DA:30,1
DA:31,1
DA:32,1
DA:33,2
DA:36,3
DA:37,1
DA:38,1
DA:41,1
DA:44,1
DA:47,2
DA:48,2
LF:26
LH:26
end_of_record
TN:
SF:/app/relvar/tests/warden_exploit_nested_limit.rs
FNF:0
DA:1,1
DA:6,3
DA:9,1
DA:10,1
DA:12,2
DA:13,1
DA:14,2
DA:15,1
DA:19,1
DA:20,1
DA:21,1
DA:22,1
DA:23,1
DA:24,1
DA:26,2
DA:28,1
DA:33,1
DA:35,1
DA:36,0
DA:38,0
DA:39,0
DA:40,0
DA:42,0
DA:44,0
DA:45,0
DA:47,0
DA:50,0
DA:51,1
DA:52,2
DA:53,1
DA:55,3
LF:31
LH:22
end_of_record
TN:
SF:/app/relvar/tests/warden_import_limits.rs
FNF:0
DA:1,1
DA:5,3
DA:6,1
DA:7,1
DA:13,1
DA:14,1
DA:15,1
DA:16,1
DA:17,1
DA:19,2
DA:21,1
DA:23,1
DA:25,2
DA:26,1
DA:27,1
DA:28,2
DA:29,1
DA:35,0
DA:36,1
DA:37,3
DA:40,3
DA:41,1
DA:42,1
DA:45,1
DA:46,1
DA:47,1
DA:48,2
DA:51,1
DA:53,2
DA:54,1
DA:55,1
DA:56,2
DA:57,1
DA:58,0
DA:59,1
DA:60,3
DA:63,3
DA:64,1
DA:65,1
DA:68,1
DA:69,1
DA:71,1
DA:72,1
DA:73,2
DA:75,1
DA:76,1
DA:78,1
DA:80,2
DA:81,1
DA:82,1
DA:83,2
DA:84,1
DA:85,0
DA:86,1
DA:87,3
DA:90,3
DA:91,1
DA:92,1
DA:95,1
DA:96,1
DA:97,1
DA:98,1
DA:99,2
DA:101,1
DA:104,1
DA:106,2
DA:107,1
DA:108,1
DA:109,2
DA:110,1
DA:111,0
DA:112,1
DA:113,3
LF:73
LH:69
end_of_record
TN:
SF:/app/relvar/tests/warden_json_import.rs
FNF:0
DA:1,1
DA:6,3
DA:7,1
DA:8,1
DA:9,1
DA:10,1
DA:12,2
DA:13,2
DA:20,2
DA:22,2
DA:24,2
DA:25,1
DA:27,2
DA:28,1
DA:29,0
DA:30,0
DA:31,0
DA:32,0
DA:33,0
DA:34,0
DA:35,0
DA:37,3
DA:40,3
DA:41,1
DA:42,1
DA:43,1
DA:44,1
DA:46,2
DA:47,1
DA:48,1
DA:49,1
DA:50,1
DA:52,2
DA:54,1
DA:56,1
DA:58,0
DA:59,2
DA:63,2
DA:64,0
DA:66,0
DA:67,0
DA:68,1
DA:69,2
DA:70,1
DA:71,0
DA:72,0
DA:73,0
DA:74,0
DA:76,3
DA:79,3
DA:80,1
DA:81,1
DA:84,1
DA:85,2
DA:86,2
DA:88,1
DA:89,2
DA:91,1
DA:93,1
DA:98,2
DA:99,2
LF:61
LH:46
end_of_record
TN:
SF:/app/relvar-core/src/algebra/delta.rs
FN:76,Delta::new
FN:108,Delta::between
FN:151,Delta::apply
FN:191,Delta::invert
FN:226,Delta::compose
FNF:5
FNDA:3,Delta::new
FNDA:3,Delta::between
FNDA:2,Delta::apply
FNDA:1,Delta::invert
FNDA:2,Delta::compose
DA:76,3
DA:77,6
DA:78,3
DA:79,3
DA:82,0
DA:108,3
DA:109,4
DA:110,2
DA:112,2
DA:117,4
DA:118,3
DA:119,4
DA:122,4
DA:123,4
DA:124,4
DA:126,4
DA:151,2
DA:152,2
DA:153,2
DA:154,2
DA:159,1
DA:160,1
DA:161,1
DA:164,1
DA:165,1
DA:166,1
DA:168,1
DA:191,1
DA:193,1
DA:194,1
DA:226,2
DA:227,2
DA:228,2
DA:229,2
DA:236,1
DA:238,1
DA:239,1
DA:240,1
DA:242,1
DA:243,1
DA:244,1
DA:245,1
DA:246,1
DA:251,2
DA:253,1
DA:254,1
DA:255,2
DA:257,1
DA:258,1
DA:259,1
DA:260,1
DA:261,1
DA:263,1
DA:264,1
LF:54
LH:53
end_of_record
TN:
SF:/app/relvar-core/src/algebra/difference.rs
FN:108,Relation::difference
FN:149,Relation::minus
FN:157,Relation::difference_into
FN:168,Relation::minus_into
FNF:4
FNDA:4,Relation::difference
FNDA:1,Relation::minus
FNDA:2,Relation::difference_into
FNDA:1,Relation::minus_into
DA:108,4
DA:110,4
DA:111,1
DA:116,11
DA:117,4
DA:118,4
DA:119,9
DA:120,5
DA:149,1
DA:150,1
DA:157,2
DA:159,4
DA:160,1
DA:163,3
DA:164,1
DA:168,1
DA:169,1
LF:17
LH:17
end_of_record
TN:
SF:/app/relvar-core/src/algebra/divide.rs
FN:125,Relation::divide
FN:160,validate_division_compatibility
FN:184,compute_remainder_attributes
FN:202,project_onto_attrs
FN:209,filter_matching_candidates
FNF:5
FNDA:1,Relation::divide
FNDA:1,validate_division_compatibility
FNDA:1,compute_remainder_attributes
FNDA:1,project_onto_attrs
FNDA:1,filter_matching_candidates
DA:125,1
DA:126,1
DA:127,1
DA:130,1
DA:133,1
DA:136,2
DA:137,2
DA:141,2
DA:145,2
DA:150,2
DA:154,1
DA:160,1
DA:164,2
DA:166,1
DA:168,1
DA:170,1
DA:172,1
DA:173,1
DA:174,1
DA:179,1
DA:184,1
DA:190,3
DA:194,2
DA:195,1
DA:198,1
DA:202,1
DA:203,3
DA:204,2
DA:209,1
DA:219,1
DA:223,3
DA:225,4
DA:227,4
DA:228,2
DA:229,2
DA:230,2
DA:231,4
DA:232,2
DA:235,1
DA:236,1
DA:237,1
DA:241,1
LF:42
LH:42
end_of_record
TN:
SF:/app/relvar-core/src/algebra/extend.rs
FN:80,Relation::extend
FN:131,create_extended_tuple
FNF:2
FNDA:57,Relation::extend
FNDA:54,create_extended_tuple
DA:80,57
DA:90,115
DA:91,2
DA:95,116
DA:96,60
DA:98,118
DA:99,116
DA:110,119
DA:111,117
DA:112,105
DA:113,0
DA:114,0
DA:115,0
DA:116,0
DA:117,0
DA:126,54
DA:131,54
DA:141,52
DA:146,107
DA:147,1
DA:148,0
DA:149,0
DA:150,2
DA:151,2
DA:155,105
DA:156,102
DA:161,50
LF:27
LH:20
end_of_record
TN:
SF:/app/relvar-core/src/algebra/group.rs
FN:104,Relation::group
FN:148,Relation::ungroup
FN:170,validate_group_request
FN:214,build_group_result_heading
FN:258,group_tuples
FN:298,compute_grouped_tuples
FN:337,validate_ungroup_request
FN:359,build_ungroup_result_heading
FN:391,compute_ungrouped_tuples
FN:434,build_ungrouped_tuple
FNF:10
FNDA:1,Relation::group
FNDA:2,Relation::ungroup
FNDA:1,validate_group_request
FNDA:1,build_group_result_heading
FNDA:2,group_tuples
FNDA:1,compute_grouped_tuples
FNDA:2,validate_ungroup_request
FNDA:2,build_ungroup_result_heading
FNDA:3,compute_ungrouped_tuples
FNDA:2,build_ungrouped_tuple
DA:104,1
DA:106,1
DA:109,1
DA:115,2
DA:124,1
DA:125,1
DA:126,1
DA:148,2
DA:150,3
DA:153,5
DA:156,5
DA:161,2
DA:162,2
DA:163,2
DA:170,1
DA:175,1
DA:176,0
DA:180,2
DA:181,1
DA:182,1
DA:187,1
DA:188,1
DA:196,3
DA:198,1
DA:200,3
DA:207,2
DA:208,0
DA:211,1
DA:214,1
DA:221,1
DA:224,3
DA:225,1
DA:228,1
DA:230,1
DA:234,1
DA:235,3
DA:236,1
DA:239,1
DA:241,1
DA:245,4
DA:246,2
DA:247,4
DA:250,2
DA:258,2
DA:264,1
DA:267,5
DA:271,2
DA:273,5
DA:275,2
DA:276,2
DA:277,3
DA:281,1
DA:282,2
DA:283,3
DA:286,1
DA:288,3
DA:289,4
DA:291,3
DA:295,1
DA:298,1
DA:306,2
DA:307,3
DA:309,2
DA:312,2
DA:313,2
DA:314,3
DA:315,2
DA:318,4
DA:319,4
DA:325,2
DA:326,4
DA:328,2
DA:329,2
DA:332,1
DA:337,2
DA:342,2
DA:343,1
DA:350,2
DA:353,2
DA:354,4
DA:355,1
DA:359,2
DA:364,2
DA:367,4
DA:368,6
DA:369,2
DA:372,2
DA:374,2
DA:375,2
DA:380,6
DA:381,3
DA:383,3
DA:385,3
DA:388,3
DA:391,3
DA:399,3
DA:400,6
DA:401,3
DA:402,6
DA:403,0
DA:406,3
DA:407,6
DA:409,6
DA:411,7
DA:412,3
DA:413,0
DA:417,6
DA:426,2
DA:430,2
DA:434,2
DA:442,2
DA:445,4
DA:446,4
DA:447,2
DA:452,2
DA:453,2
DA:454,4
DA:455,4
DA:459,2
LF:119
LH:115
end_of_record
TN:
SF:/app/relvar-core/src/algebra/intersect.rs
FN:109,Relation::intersect
FN:127,Relation::intersect_into
FNF:2
FNDA:1,Relation::intersect
FNDA:1,Relation::intersect_into
DA:109,1
DA:111,1
DA:112,1
DA:117,2
DA:118,1
DA:119,4
DA:127,1
DA:129,2
DA:130,0
DA:133,3
DA:134,1
LF:11
LH:10
end_of_record
TN:
SF:/app/relvar-core/src/algebra/join.rs
FN:106,Relation::join
FN:224,Relation::theta_join
FN:245,compute_common_attributes
FN:258,compute_natural_join_heading
FN:272,build_join_map_single
FN:289,probe_and_combine_single
FN:322,<impl PartialEq for JoinKey<'t,'a>>::eq
FN:337,<impl Hash for JoinKey<'t,'a>>::hash
FN:347,build_join_map
FN:365,probe_and_combine
FN:392,determine_hash_join_sides
FN:404,perform_hash_join
FN:423,compute_theta_join_tuples
FN:454,combine_tuples
FN:484,merge_tuple_values
FN:504,merge_next_values
FNF:16
FNDA:5,Relation::join
FNDA:6,Relation::theta_join
FNDA:5,compute_common_attributes
FNDA:6,compute_natural_join_heading
FNDA:4,build_join_map_single
FNDA:4,probe_and_combine_single
FNDA:4,<impl PartialEq for JoinKey<'t,'a>>::eq
FNDA:5,<impl Hash for JoinKey<'t,'a>>::hash
FNDA:5,build_join_map
FNDA:4,probe_and_combine
FNDA:3,determine_hash_join_sides
FNDA:6,perform_hash_join
FNDA:7,compute_theta_join_tuples
FNDA:4,combine_tuples
FNDA:5,merge_tuple_values
FNDA:4,merge_next_values
DA:106,5
DA:107,3
DA:108,7
DA:110,8
DA:111,8
DA:114,8
DA:116,4
DA:121,7
DA:122,3
DA:123,5
DA:224,6
DA:230,12
DA:232,12
DA:233,14
DA:236,6
DA:240,7
DA:245,5
DA:246,3
DA:249,13
DA:258,6
DA:259,4
DA:262,10
DA:263,16
DA:264,5
DA:268,5
DA:272,4
DA:276,4
DA:277,0
DA:279,8
DA:280,8
DA:281,0
DA:283,4
DA:285,4
DA:289,4
DA:297,4
DA:299,8
DA:300,8
DA:301,0
DA:304,4
DA:305,3
DA:306,5
DA:310,4
DA:322,4
DA:325,6
DA:326,2
DA:327,4
DA:328,2
DA:329,1
DA:332,2
DA:337,5
DA:338,10
DA:339,4
DA:340,2
DA:347,5
DA:351,5
DA:352,0
DA:354,10
DA:359,11
DA:361,4
DA:365,4
DA:373,2
DA:375,6
DA:381,6
DA:382,2
DA:383,4
DA:387,4
DA:392,3
DA:396,8
DA:397,3
DA:399,3
DA:404,6
DA:410,6
DA:412,8
DA:413,4
DA:414,8
DA:416,5
DA:417,2
DA:423,7
DA:434,13
DA:435,6
DA:437,13
DA:438,13
DA:439,7
DA:440,0
DA:443,13
DA:444,7
DA:448,8
DA:454,4
DA:459,5
DA:470,16
DA:473,4
DA:474,4
DA:475,6
DA:484,5
DA:488,5
DA:489,5
DA:492,4
DA:494,0
DA:495,10
DA:496,0
DA:499,4
DA:504,4
DA:509,6
DA:510,4
DA:511,6
DA:514,4
DA:515,6
DA:516,4
DA:517,4
DA:519,6
DA:520,4
DA:523,3
DA:524,3
DA:526,6
DA:528,4
DA:530,2
DA:531,3
DA:532,2
DA:534,6
DA:536,4
DA:537,6
DA:538,4
DA:540,6
LF:123
LH:116
end_of_record
TN:
SF:/app/relvar-core/src/algebra/project.rs
FN:83,Relation::project
FN:116,Relation::project_into
FN:145,project_tuple_values
FN:181,project_tuple_values_owned
FNF:4
FNDA:5,Relation::project
FNDA:3,Relation::project_into
FNDA:3,project_tuple_values
FNDA:4,project_tuple_values_owned
DA:83,5
DA:85,6
DA:86,12
DA:87,18
DA:88,6
DA:93,6
DA:94,2
DA:97,12
DA:100,12
DA:105,14
DA:109,7
DA:116,3
DA:118,3
DA:119,6
DA:120,9
DA:121,3
DA:125,3
DA:126,1
DA:129,6
DA:130,6
DA:132,4
DA:134,11
DA:136,4
DA:145,3
DA:149,6
DA:150,5
DA:152,7
DA:153,4
DA:155,6
DA:157,9
DA:159,11
DA:160,4
DA:161,13
DA:162,4
DA:163,5
DA:165,3
DA:166,9
DA:168,0
DA:169,0
DA:174,10
DA:178,10
DA:181,4
DA:184,4
DA:185,8
DA:187,8
DA:188,4
DA:190,4
DA:192,3
DA:195,5
DA:198,3
DA:202,1
DA:206,3
LF:52
LH:50
end_of_record
TN:
SF:/app/relvar-core/src/algebra/rename.rs
FN:94,Relation::rename
FN:136,Relation::rename_into
FN:169,build_renamed_heading_and_names
FNF:3
FNDA:6,Relation::rename
FNDA:1,Relation::rename_into
FNDA:6,build_renamed_heading_and_names
DA:94,6
DA:95,6
DA:98,12
DA:99,13
DA:100,13
DA:103,21
DA:108,14
DA:109,9
DA:110,7
DA:111,25
DA:112,9
DA:120,16
DA:127,6
DA:136,1
DA:137,2
DA:138,0
DA:141,2
DA:144,2
DA:145,2
DA:148,3
DA:151,1
DA:152,1
DA:153,1
DA:154,3
DA:155,1
DA:160,2
DA:164,1
DA:169,6
DA:174,6
DA:179,12
DA:181,12
DA:183,12
DA:185,18
DA:186,18
DA:187,6
DA:189,6
DA:190,6
DA:193,7
LF:38
LH:37
end_of_record
TN:
SF:/app/relvar-core/src/algebra/restrict.rs
FN:82,Relation::restrict
FNF:1
FNDA:29,Relation::restrict
DA:82,29
DA:89,62
DA:90,127
LF:3
LH:3
end_of_record
TN:
SF:/app/relvar-core/src/algebra/semijoin.rs
FN:30,<impl PartialEq for SemijoinKey<'t,'a>>::eq
FN:45,<impl Hash for SemijoinKey<'t,'a>>::hash
FN:55,common_attributes
FN:117,Relation::semijoin
FN:160,Relation::matching
FN:216,Relation::semidifference
FN:258,Relation::not_matching
FNF:7
FNDA:2,<impl PartialEq for SemijoinKey<'t,'a>>::eq
FNDA:2,<impl Hash for SemijoinKey<'t,'a>>::hash
FNDA:2,common_attributes
FNDA:2,Relation::semijoin
FNDA:1,Relation::matching
FNDA:2,Relation::semidifference
FNDA:1,Relation::not_matching
DA:30,2
DA:33,4
DA:34,2
DA:35,4
DA:36,2
DA:37,2
DA:40,2
DA:45,2
DA:46,4
DA:47,4
DA:48,3
DA:55,2
DA:56,2
DA:59,6
DA:117,2
DA:118,2
DA:121,4
DA:122,2
DA:124,2
DA:127,2
DA:133,4
DA:135,4
DA:136,2
DA:138,2
DA:146,2
DA:147,2
DA:148,4
DA:149,2
DA:150,2
DA:151,2
DA:153,2
DA:155,2
DA:160,1
DA:161,1
DA:216,2
DA:217,2
DA:220,4
DA:221,2
DA:223,2
DA:226,2
DA:231,4
DA:233,4
DA:234,2
DA:236,2
DA:244,2
DA:245,2
DA:246,5
DA:247,3
DA:248,3
DA:249,3
DA:251,3
DA:253,2
DA:258,1
DA:259,1
LF:54
LH:54
end_of_record
TN:
SF:/app/relvar-core/src/algebra/summarize.rs
FN:150,Aggregation::count
FN:175,Aggregation::sum
FN:200,Aggregation::sum_float
FN:225,Aggregation::avg
FN:252,Aggregation::min
FN:279,Aggregation::max
FN:287,Aggregation::compute
FN:301,Aggregation::compute_count
FN:305,Aggregation::compute_sum
FN:339,Aggregation::compute_avg
FN:364,Aggregation::compute_avg_int
FN:385,Aggregation::compute_avg_float
FN:404,Aggregation::compute_extremum
FN:470,Relation::summarize
FN:494,Relation::compute_summarized_tuples
FN:524,Relation::validate_grouping_attributes
FN:533,Relation::build_result_heading
FN:563,Relation::group_tuples
FNF:18
FNDA:4,Aggregation::count
FNDA:3,Aggregation::sum
FNDA:2,Aggregation::sum_float
FNDA:4,Aggregation::avg
FNDA:3,Aggregation::min
FNDA:2,Aggregation::max
FNDA:5,Aggregation::compute
FNDA:3,Aggregation::compute_count
FNDA:3,Aggregation::compute_sum
FNDA:6,Aggregation::compute_avg
FNDA:2,Aggregation::compute_avg_int
FNDA:4,Aggregation::compute_avg_float
FNDA:6,Aggregation::compute_extremum
FNDA:4,Relation::summarize
FNDA:4,Relation::compute_summarized_tuples
FNDA:6,Relation::validate_grouping_attributes
FNDA:6,Relation::build_result_heading
FNDA:5,Relation::group_tuples
DA:150,4
DA:152,5
DA:175,3
DA:177,3
DA:179,6
DA:200,2
DA:202,2
DA:204,4
DA:225,4
DA:227,5
DA:229,9
DA:252,3
DA:254,4
DA:256,8
DA:279,2
DA:281,2
DA:283,4
DA:287,5
DA:288,6
DA:289,3
DA:290,3
DA:291,5
DA:292,5
DA:293,10
DA:295,2
DA:296,8
DA:301,3
DA:302,3
DA:305,3
DA:310,5
DA:311,2
DA:312,6
DA:313,2
DA:314,0
DA:319,2
DA:321,2
DA:323,3
DA:324,9
DA:325,5
DA:326,1
DA:331,5
DA:332,1
DA:335,3
DA:339,6
DA:344,5
DA:345,1
DA:350,13
DA:351,1
DA:354,6
DA:355,4
DA:356,6
DA:357,0
DA:359,0
DA:364,2
DA:369,2
DA:370,4
DA:371,2
DA:372,0
DA:377,2
DA:378,0
DA:381,2
DA:382,2
DA:385,4
DA:390,3
DA:391,8
DA:392,3
DA:393,0
DA:398,4
DA:400,3
DA:401,4
DA:404,6
DA:414,12
DA:415,4
DA:416,0
DA:417,0
DA:420,17
DA:421,2
DA:423,5
DA:425,10
DA:426,10
DA:427,0
DA:429,10
DA:430,4
DA:433,5
DA:470,4
DA:475,4
DA:476,4
DA:477,10
DA:478,11
DA:480,5
DA:482,10
DA:488,11
DA:489,6
DA:490,6
DA:494,4
DA:501,4
DA:502,14
DA:503,6
DA:506,11
DA:507,8
DA:511,9
DA:512,11
DA:513,8
DA:518,4
DA:519,4
DA:521,5
DA:524,6
DA:525,10
DA:526,4
DA:527,1
DA:530,6
DA:533,6
DA:538,4
DA:541,14
DA:542,4
DA:545,6
DA:547,6
DA:551,12
DA:552,10
DA:553,1
DA:554,1
DA:557,4
DA:558,6
DA:560,4
DA:563,5
DA:567,6
DA:569,1
DA:570,3
DA:571,4
DA:572,1
DA:575,5
DA:578,5
DA:579,10
DA:580,5
DA:581,4
DA:582,9
DA:585,5
DA:586,10
DA:588,10
DA:591,4
LF:140
LH:131
end_of_record
TN:
SF:/app/relvar-core/src/algebra/tclose.rs
FN:73,Relation::tclose
FN:78,Relation::validate_tclose_attributes
FN:117,Relation::compute_tclose
FN:162,perform_tclose_iteration
FN:190,compute_next_paths
FNF:5
FNDA:3,Relation::tclose
FNDA:3,Relation::validate_tclose_attributes
FNDA:4,Relation::compute_tclose
FNDA:3,perform_tclose_iteration
FNDA:3,compute_next_paths
DA:73,3
DA:74,3
DA:75,2
DA:78,3
DA:84,2
DA:85,1
DA:87,1
DA:91,3
DA:92,3
DA:93,0
DA:94,0
DA:95,0
DA:98,2
DA:99,0
DA:100,0
DA:101,0
DA:105,4
DA:106,2
DA:108,4
DA:109,1
DA:114,2
DA:117,4
DA:119,2
DA:120,4
DA:129,4
DA:133,6
DA:136,6
DA:141,6
DA:144,3
DA:147,3
DA:156,3
DA:162,3
DA:170,3
DA:174,7
DA:175,2
DA:180,2
DA:181,1
DA:182,1
DA:185,1
DA:187,1
DA:190,3
DA:199,2
DA:202,6
DA:205,3
DA:210,3
DA:211,3
LF:46
LH:40
end_of_record
TN:
SF:/app/relvar-core/src/algebra/union.rs
FN:103,Relation::union
FN:121,Relation::union_into
FNF:2
FNDA:3,Relation::union
FNDA:1,Relation::union_into
DA:103,3
DA:105,3
DA:106,1
DA:111,5
DA:112,2
DA:113,8
DA:121,1
DA:123,2
DA:124,0
DA:127,2
DA:128,1
DA:130,1
LF:12
LH:11
end_of_record
TN:
SF:/app/relvar-core/src/constraints/check.rs
FN:106,CheckConstraint::new
FN:119,CheckConstraint::name
FN:124,CheckConstraint::description
FN:129,CheckConstraint::expression
FN:138,CheckConstraint::is_satisfied_by
FN:145,CheckConstraint::referenced_attributes
FN:161,CheckConstraints::new
FN:168,CheckConstraints::with_constraint
FN:180,CheckConstraints::are_all_satisfied_by
FN:193,CheckConstraints::constraints
FN:198,CheckConstraints::referenced_attributes
FNF:11
FNDA:6,CheckConstraint::new
FNDA:2,CheckConstraint::name
FNDA:1,CheckConstraint::description
FNDA:0,CheckConstraint::expression
FNDA:3,CheckConstraint::is_satisfied_by
FNDA:4,CheckConstraint::referenced_attributes
FNDA:5,CheckConstraints::new
FNDA:5,CheckConstraints::with_constraint
FNDA:3,CheckConstraints::are_all_satisfied_by
FNDA:1,CheckConstraints::constraints
FNDA:4,CheckConstraints::referenced_attributes
DA:106,6
DA:112,6
DA:114,6
DA:119,2
DA:120,2
DA:124,1
DA:125,1
DA:129,0
DA:130,0
DA:138,3
DA:139,3
DA:140,3
DA:141,5
DA:145,4
DA:146,4
DA:161,5
DA:163,5
DA:168,5
DA:169,5
DA:170,5
DA:180,3
DA:181,6
DA:182,3
DA:183,3
DA:184,3
DA:185,3
DA:189,4
DA:193,1
DA:194,1
DA:198,4
DA:199,4
DA:200,8
DA:201,8
DA:203,5
LF:34
LH:32
end_of_record
TN:
SF:/app/relvar-core/src/constraints/expression.rs
FN:152,ConstraintExpression::referenced_attributes
FN:158,ConstraintExpression::collect_attributes
FN:210,ConstraintExpression::evaluate
FN:227,ConstraintExpression::evaluate_cmp
FN:244,ConstraintExpression::evaluate_in
FN:264,ConstraintExpression::evaluate_like
FN:294,ConstraintExpression::matches_pattern
FN:300,ConstraintExpression::matches_pattern_chars
FN:357,ConstraintExpression::prepare
FN:362,ConstraintExpression::resolve_value_or_ref
FN:378,ConstraintExpression::get_comparison_operands
FNF:11
FNDA:4,ConstraintExpression::referenced_attributes
FNDA:4,ConstraintExpression::collect_attributes
FNDA:8,ConstraintExpression::evaluate
FNDA:5,ConstraintExpression::evaluate_cmp
FNDA:2,ConstraintExpression::evaluate_in
FNDA:4,ConstraintExpression::evaluate_like
FNDA:5,ConstraintExpression::matches_pattern
FNDA:4,ConstraintExpression::matches_pattern_chars
FNDA:3,ConstraintExpression::prepare
FNDA:8,ConstraintExpression::resolve_value_or_ref
FNDA:6,ConstraintExpression::get_comparison_operands
DA:152,4
DA:153,4
DA:154,4
DA:155,4
DA:158,4
DA:159,6
DA:160,4
DA:161,4
DA:162,5
DA:163,1
DA:166,1
DA:167,1
DA:168,2
DA:170,0
DA:171,0
DA:173,0
DA:174,0
DA:176,1
DA:177,1
DA:210,8
DA:211,7
DA:212,4
DA:213,4
DA:215,2
DA:216,6
DA:218,1
DA:219,2
DA:221,2
DA:222,2
DA:223,4
DA:227,5
DA:233,5
DA:234,5
DA:235,1
DA:236,1
DA:237,2
DA:238,1
DA:239,5
DA:240,1
DA:244,2
DA:249,2
DA:250,2
DA:251,2
DA:255,4
DA:256,2
DA:259,0
DA:260,0
DA:264,4
DA:265,4
DA:266,4
DA:267,4
DA:270,4
DA:271,5
DA:273,1
DA:274,1
DA:275,2
DA:281,5
DA:294,5
DA:296,5
DA:297,9
DA:300,4
DA:301,4
DA:305,4
DA:306,8
DA:309,8
DA:312,4
DA:313,15
DA:314,4
DA:316,10
DA:321,4
DA:323,8
DA:325,4
DA:326,10
DA:327,2
DA:331,4
DA:333,3
DA:336,4
DA:338,5
DA:341,10
DA:346,4
DA:349,4
DA:357,3
DA:358,3
DA:362,8
DA:366,8
DA:367,7
DA:368,1
DA:369,1
DA:370,1
DA:378,6
DA:383,8
DA:384,7
DA:385,10
DA:386,7
DA:390,7
DA:391,3
DA:392,3
DA:393,6
DA:397,6
LF:99
LH:93
end_of_record
TN:
SF:/app/relvar-core/src/constraints/foreign_key.rs
FN:137,ForeignKey::new
FN:158,ForeignKey::foreign_key_attributes
FN:163,ForeignKey::referenced_relation_name
FN:168,ForeignKey::referenced_attributes
FN:174,ForeignKey::is_satisfied_by
FN:225,ForeignKey::would_violate_on_insert
FN:263,ForeignKey::would_violate_on_delete
FN:301,extract_keys
FN:328,ForeignKeyConstraints::new
FN:335,ForeignKeyConstraints::with_foreign_key
FN:341,ForeignKeyConstraints::foreign_keys
FN:347,<impl Default for ForeignKeyConstraints>::default
FNF:12
FNDA:5,ForeignKey::new
FNDA:2,ForeignKey::foreign_key_attributes
FNDA:5,ForeignKey::referenced_relation_name
FNDA:1,ForeignKey::referenced_attributes
FNDA:5,ForeignKey::is_satisfied_by
FNDA:4,ForeignKey::would_violate_on_insert
FNDA:1,ForeignKey::would_violate_on_delete
FNDA:5,extract_keys
FNDA:5,ForeignKeyConstraints::new
FNDA:5,ForeignKeyConstraints::with_foreign_key
FNDA:5,ForeignKeyConstraints::foreign_keys
FNDA:0,<impl Default for ForeignKeyConstraints>::default
DA:137,5
DA:142,10
DA:143,1
DA:146,10
DA:147,1
DA:150,6
DA:151,6
DA:152,6
DA:153,6
DA:158,2
DA:159,2
DA:163,5
DA:164,5
DA:168,1
DA:169,1
DA:174,5
DA:180,10
DA:181,5
DA:182,1
DA:183,1
DA:189,10
DA:190,5
DA:191,1
DA:192,1
DA:198,5
DA:201,11
DA:204,11
DA:205,4
DA:206,5
DA:208,6
DA:209,6
DA:210,9
DA:211,6
DA:215,5
DA:216,4
DA:220,5
DA:225,4
DA:233,3
DA:234,6
DA:235,6
DA:236,6
DA:237,8
DA:238,3
DA:242,3
DA:243,3
DA:244,6
DA:245,4
DA:246,6
DA:247,4
DA:248,3
DA:249,2
DA:253,3
DA:254,3
DA:258,2
DA:263,1
DA:271,1
DA:272,2
DA:273,3
DA:274,2
DA:275,4
DA:276,1
DA:280,1
DA:281,1
DA:282,2
DA:283,1
DA:284,2
DA:285,1
DA:286,1
DA:287,1
DA:291,1
DA:292,1
DA:296,1
DA:301,5
DA:305,0
DA:307,11
DA:308,5
DA:309,5
DA:310,10
DA:311,5
DA:312,5
DA:313,5
DA:315,5
DA:328,5
DA:330,5
DA:335,5
DA:336,5
DA:337,6
DA:341,5
DA:342,5
DA:347,0
DA:348,0
LF:91
LH:88
end_of_record
TN:
SF:/app/relvar-core/src/constraints/key.rs
FN:122,CandidateKey::new
FN:131,CandidateKey::attributes
FN:136,CandidateKey::is_satisfied_by
FN:161,CandidateKey::would_violate
FN:179,CandidateKey::extract_key_value
FN:203,PrimaryKey::new
FN:210,PrimaryKey::attributes
FN:215,PrimaryKey::as_candidate_key
FN:220,PrimaryKey::is_satisfied_by
FN:225,PrimaryKey::would_violate
FN:243,KeyConstraints::new
FN:251,KeyConstraints::with_primary_key
FN:257,KeyConstraints::with_candidate_key
FN:263,KeyConstraints::primary_key
FN:268,KeyConstraints::candidate_keys
FN:273,KeyConstraints::are_satisfied_by
FN:292,KeyConstraints::would_violate_on_insert
FN:316,<impl Default for KeyConstraints>::default
FNF:18
FNDA:5,CandidateKey::new
FNDA:2,CandidateKey::attributes
FNDA:5,CandidateKey::is_satisfied_by
FNDA:4,CandidateKey::would_violate
FNDA:5,CandidateKey::extract_key_value
FNDA:5,PrimaryKey::new
FNDA:2,PrimaryKey::attributes
FNDA:0,PrimaryKey::as_candidate_key
FNDA:5,PrimaryKey::is_satisfied_by
FNDA:4,PrimaryKey::would_violate
FNDA:5,KeyConstraints::new
FNDA:5,KeyConstraints::with_primary_key
FNDA:1,KeyConstraints::with_candidate_key
FNDA:5,KeyConstraints::primary_key
FNDA:5,KeyConstraints::candidate_keys
FNDA:1,KeyConstraints::are_satisfied_by
FNDA:1,KeyConstraints::would_violate_on_insert
FNDA:0,<impl Default for KeyConstraints>::default
DA:122,5
DA:123,10
DA:124,1
DA:127,5
DA:131,2
DA:132,2
DA:136,5
DA:138,10
DA:139,5
DA:140,1
DA:141,1
DA:147,5
DA:149,15
DA:150,10
DA:151,10
DA:153,3
DA:157,5
DA:161,4
DA:166,4
DA:168,8
DA:169,8
DA:170,8
DA:171,2
DA:175,4
DA:179,5
DA:183,5
DA:184,10
DA:185,10
DA:186,10
DA:188,2
DA:191,5
DA:203,5
DA:204,5
DA:205,5
DA:210,2
DA:211,2
DA:215,0
DA:220,5
DA:221,5
DA:225,4
DA:230,4
DA:243,5
DA:246,5
DA:251,5
DA:252,10
DA:253,5
DA:257,1
DA:258,1
DA:259,1
DA:263,5
DA:264,5
DA:268,5
DA:269,5
DA:273,1
DA:275,1
DA:276,1
DA:278,0
DA:282,2
DA:283,1
DA:284,0
DA:288,1
DA:292,1
DA:298,1
DA:299,1
DA:301,1
DA:305,2
DA:306,1
DA:307,1
DA:311,0
DA:316,0
DA:317,0
LF:71
LH:65
end_of_record
TN:
SF:/app/relvar-core/src/constraints/manager.rs
FN:85,ConstraintManager::new
FN:90,ConstraintManager::remove_constraints_for_relation
FN:98,ConstraintManager::set_key_constraints
FN:120,ConstraintManager::set_foreign_key_constraints
FN:141,ConstraintManager::validate_foreign_keys_against_existing_data
FN:163,ConstraintManager::set_type_constraints
FN:194,ConstraintManager::validate_type_constraints_against_existing_data
FN:215,ConstraintManager::set_check_constraints
FN:238,ConstraintManager::validate_check_constraint_attributes
FN:259,ConstraintManager::validate_check_constraints_against_existing_data
FN:271,ConstraintManager::validate_tuple_type
FN:286,ConstraintManager::validate_type_constraints
FN:309,ConstraintManager::validate_check_constraints
FN:321,ConstraintManager::validate_key_constraints_single_tuple
FN:350,ConstraintManager::validate_tuple_content_constraints_bulk
FN:364,ConstraintManager::validate_tuple_content_constraints
FN:379,ConstraintManager::validate_foreign_keys_single_tuple
FN:407,ConstraintManager::validate_key_constraints_bulk
FN:432,ConstraintManager::get_key_constraints
FN:437,ConstraintManager::get_foreign_key_constraints
FN:445,ConstraintManager::validate_referencing_foreign_keys
FNF:21
FNDA:28,ConstraintManager::new
FNDA:2,ConstraintManager::remove_constraints_for_relation
FNDA:5,ConstraintManager::set_key_constraints
FNDA:5,ConstraintManager::set_foreign_key_constraints
FNDA:5,ConstraintManager::validate_foreign_keys_against_existing_data
FNDA:3,ConstraintManager::set_type_constraints
FNDA:3,ConstraintManager::validate_type_constraints_against_existing_data
FNDA:4,ConstraintManager::set_check_constraints
FNDA:4,ConstraintManager::validate_check_constraint_attributes
FNDA:3,ConstraintManager::validate_check_constraints_against_existing_data
FNDA:11,ConstraintManager::validate_tuple_type
FNDA:14,ConstraintManager::validate_type_constraints
FNDA:10,ConstraintManager::validate_check_constraints
FNDA:13,ConstraintManager::validate_key_constraints_single_tuple
FNDA:4,ConstraintManager::validate_tuple_content_constraints_bulk
FNDA:10,ConstraintManager::validate_tuple_content_constraints
FNDA:12,ConstraintManager::validate_foreign_keys_single_tuple
FNDA:5,ConstraintManager::validate_key_constraints_bulk
FNDA:6,ConstraintManager::get_key_constraints
FNDA:4,ConstraintManager::get_foreign_key_constraints
FNDA:4,ConstraintManager::validate_referencing_foreign_keys
DA:85,28
DA:86,28
DA:90,2
DA:91,2
DA:92,2
DA:93,2
DA:94,2
DA:98,5
DA:104,10
DA:105,1
DA:106,1
DA:111,10
DA:112,10
DA:114,0
DA:115,5
DA:116,6
DA:120,5
DA:126,10
DA:127,2
DA:128,2
DA:133,10
DA:134,10
DA:136,5
DA:137,5
DA:138,5
DA:141,5
DA:147,10
DA:148,5
DA:150,5
DA:151,5
DA:152,5
DA:154,2
DA:155,2
DA:159,5
DA:163,3
DA:170,7
DA:172,6
DA:173,0
DA:174,0
DA:175,0
DA:180,6
DA:181,8
DA:182,0
DA:183,0
DA:184,0
DA:187,4
DA:188,4
DA:190,4
DA:191,4
DA:194,3
DA:200,6
DA:201,6
DA:202,5
DA:203,3
DA:204,5
DA:206,1
DA:207,1
DA:211,4
DA:215,4
DA:221,8
DA:222,2
DA:223,2
DA:227,10
DA:230,3
DA:231,6
DA:233,3
DA:234,3
DA:235,3
DA:238,4
DA:245,4
DA:246,8
DA:248,11
DA:249,8
DA:250,2
DA:251,2
DA:252,2
DA:256,3
DA:259,3
DA:264,7
DA:265,5
DA:267,3
DA:271,11
DA:277,13
DA:278,22
DA:279,1
DA:281,12
DA:286,14
DA:291,11
DA:292,4
DA:293,2
DA:294,2
DA:295,0
DA:298,2
DA:305,10
DA:309,10
DA:314,13
DA:315,4
DA:317,13
DA:321,13
DA:327,14
DA:328,8
DA:329,4
DA:330,4
DA:331,4
DA:333,2
DA:336,8
DA:337,1
DA:338,1
DA:339,1
DA:341,1
DA:345,13
DA:350,4
DA:356,8
DA:357,4
DA:364,10
DA:370,12
DA:371,14
DA:372,11
DA:373,12
DA:379,12
DA:385,12
DA:386,0
DA:387,11
DA:388,20
DA:391,26
DA:392,3
DA:394,3
DA:395,4
DA:396,3
DA:398,2
DA:399,2
DA:403,16
DA:407,5
DA:412,5
DA:413,5
DA:414,5
DA:415,5
DA:417,3
DA:420,10
DA:421,1
DA:422,2
DA:423,1
DA:425,1
DA:428,5
DA:432,6
DA:433,6
DA:437,4
DA:441,4
DA:445,4
DA:452,8
DA:453,6
DA:454,3
DA:455,3
DA:457,3
DA:458,3
DA:459,3
DA:461,6
DA:462,0
DA:463,0
DA:469,3
LF:160
LH:149
end_of_record
TN:
SF:/app/relvar-core/src/constraints/prepared.rs
FN:52,PreparedConstraintExpression::evaluate
FN:98,PreparedConstraintExpression::evaluate_cmp
FN:115,<impl From for PreparedConstraintExpression>::from
FNF:3
FNDA:3,PreparedConstraintExpression::evaluate
FNDA:2,PreparedConstraintExpression::evaluate_cmp
FNDA:3,<impl From for PreparedConstraintExpression>::from
DA:52,3
DA:53,3
DA:54,3
DA:55,4
DA:58,2
DA:60,1
DA:61,3
DA:63,1
DA:64,2
DA:66,2
DA:67,1
DA:68,1
DA:69,1
DA:70,1
DA:71,1
DA:73,1
DA:74,2
DA:75,2
DA:76,2
DA:78,2
DA:79,1
DA:81,1
DA:82,1
DA:83,2
DA:89,1
DA:90,1
DA:91,1
DA:98,2
DA:103,2
DA:104,2
DA:105,1
DA:106,1
DA:107,1
DA:108,1
DA:109,1
DA:115,3
DA:116,3
DA:117,3
DA:121,3
DA:122,2
DA:125,3
DA:126,2
DA:128,1
DA:129,3
DA:131,1
DA:132,2
DA:133,1
DA:135,1
DA:136,2
DA:137,1
LF:50
LH:50
end_of_record
TN:
SF:/app/relvar-core/src/constraints/type_constraint.rs
FN:107,TypeConstraint::is_satisfied_by
FN:160,AttributeConstraints::new
FN:169,AttributeConstraints::with_constraint
FN:175,AttributeConstraints::attribute_name
FN:180,AttributeConstraints::scalar_type
FN:185,AttributeConstraints::constraints
FN:190,AttributeConstraints::is_satisfied_by
FNF:7
FNDA:4,TypeConstraint::is_satisfied_by
FNDA:3,AttributeConstraints::new
FNDA:3,AttributeConstraints::with_constraint
FNDA:0,AttributeConstraints::attribute_name
FNDA:0,AttributeConstraints::scalar_type
FNDA:0,AttributeConstraints::constraints
FNDA:3,AttributeConstraints::is_satisfied_by
DA:107,4
DA:108,4
DA:109,4
DA:111,5
DA:112,5
DA:114,1
DA:115,2
DA:116,3
DA:120,5
DA:122,1
DA:123,1
DA:125,1
DA:126,1
DA:127,2
DA:128,3
DA:133,1
DA:135,1
DA:136,3
DA:137,1
DA:138,2
DA:140,0
DA:141,0
DA:142,0
DA:160,3
DA:164,3
DA:169,3
DA:170,3
DA:171,3
DA:175,0
DA:176,0
DA:180,0
DA:181,0
DA:185,0
DA:186,0
DA:190,3
DA:192,4
DA:193,1
DA:194,1
DA:195,3
DA:200,8
DA:201,4
DA:202,3
DA:206,4
LF:43
LH:34
end_of_record
TN:
SF:/app/relvar-core/src/database/data.rs
FN:25,Database<E>::insert
FN:74,Database<E>::query
FN:142,Database<E>::delete
FN:243,Database<E>::update
FN:277,Database<E>::ensure_not_virtual
FN:287,Database<E>::validate_insert
FN:313,Database<E>::validate_relation_constraints
FNF:7
FNDA:13,Database<E>::insert
FNDA:13,Database<E>::query
FNDA:8,Database<E>::delete
FNDA:16,Database<E>::update
FNDA:13,Database<E>::ensure_not_virtual
FNDA:13,Database<E>::validate_insert
FNDA:4,Database<E>::validate_relation_constraints
DA:25,13
DA:26,26
DA:27,13
DA:30,14
DA:31,12
DA:74,13
DA:76,16
DA:77,2
DA:81,13
DA:142,8
DA:146,17
DA:149,7
DA:152,7
DA:153,0
DA:155,18
DA:156,0
DA:157,0
DA:158,0
DA:162,5
DA:163,5
DA:243,16
DA:253,33
DA:256,15
DA:259,31
DA:260,0
DA:262,35
DA:264,11
DA:265,0
DA:266,0
DA:267,0
DA:271,5
DA:272,5
DA:277,13
DA:278,22
DA:279,1
DA:280,1
DA:283,13
DA:287,13
DA:293,22
DA:294,13
DA:296,15
DA:297,0
DA:298,0
DA:299,0
DA:303,13
DA:304,27
DA:305,0
DA:306,0
DA:307,0
DA:310,16
DA:313,4
DA:319,4
DA:320,10
DA:321,6
DA:327,6
DA:328,0
DA:329,0
DA:330,0
DA:333,4
LF:59
LH:42
end_of_record
TN:
SF:/app/relvar-core/src/database/dml.rs
FN:10,compute_relation_after_delete
FN:36,compute_relation_after_update
FNF:2
FNDA:7,compute_relation_after_delete
FNDA:15,compute_relation_after_update
DA:10,7
DA:17,14
DA:18,7
DA:25,7
DA:26,7
DA:27,7
DA:28,21
DA:31,14
DA:33,7
DA:36,15
DA:45,30
DA:46,30
DA:47,30
DA:49,31
DA:50,30
DA:51,45
DA:52,30
DA:53,8
DA:54,8
DA:57,30
DA:59,30
DA:60,1
DA:63,14
DA:64,14
DA:71,14
DA:73,14
LF:26
LH:26
end_of_record
TN:
SF:/app/relvar-core/src/database/integrity.rs
FN:30,Database<E>::get_key_constraints
FN:65,Database<E>::get_foreign_key_constraints
FN:93,Database<E>::set_key_constraints
FN:136,Database<E>::set_foreign_key_constraints
FN:171,Database<E>::set_type_constraints
FN:217,Database<E>::set_check_constraints
FNF:6
FNDA:3,Database<E>::get_key_constraints
FNDA:3,Database<E>::get_foreign_key_constraints
FNDA:5,Database<E>::set_key_constraints
FNDA:5,Database<E>::set_foreign_key_constraints
FNDA:3,Database<E>::set_type_constraints
FNDA:4,Database<E>::set_check_constraints
DA:30,3
DA:31,3
DA:65,3
DA:69,3
DA:93,5
DA:98,11
DA:99,0
DA:100,6
DA:136,5
DA:141,7
DA:142,0
DA:143,0
DA:144,0
DA:171,3
DA:177,4
DA:178,0
DA:179,0
DA:180,0
DA:181,0
DA:217,4
DA:222,11
DA:223,0
DA:224,7
LF:23
LH:14
end_of_record
TN:
SF:/app/relvar-core/src/database/mod.rs
FN:166,Database<E>::new
FNF:1
FNDA:26,Database<E>::new
DA:166,26
DA:169,25
DA:172,28
LF:3
LH:3
end_of_record
TN:
SF:/app/relvar-core/src/database/schema.rs
FN:31,Database<E>::create_relvar
FN:71,Database<E>::drop_relvar
FN:96,Database<E>::relvar_exists
FN:125,Database<E>::list_relvars
FN:153,Database<E>::get_relvar_type
FN:205,Database<E>::define_virtual_relvar
FN:254,Database<E>::drop_virtual_relvar
FNF:7
FNDA:19,Database<E>::create_relvar
FNDA:2,Database<E>::drop_relvar
FNDA:4,Database<E>::relvar_exists
FNDA:2,Database<E>::list_relvars
FNDA:4,Database<E>::get_relvar_type
FNDA:4,Database<E>::define_virtual_relvar
FNDA:2,Database<E>::drop_virtual_relvar
DA:31,19
DA:36,52
DA:37,4
DA:40,18
DA:41,17
DA:71,2
DA:73,2
DA:76,2
DA:77,1
DA:96,4
DA:97,4
DA:125,2
DA:126,2
DA:127,4
DA:128,2
DA:153,4
DA:155,4
DA:156,2
DA:160,7
DA:161,4
DA:205,4
DA:211,8
DA:212,4
DA:215,8
DA:216,4
DA:217,4
DA:218,4
DA:219,0
DA:223,4
DA:254,2
DA:255,6
DA:256,2
DA:257,9
DA:258,1
LF:34
LH:33
end_of_record
TN:
SF:/app/relvar-core/src/database/tests.rs
FN:13,test_rel_type
FN:21,setup_parent_child_db
FNF:2
FNDA:2,test_rel_type
FNDA:1,setup_parent_child_db
DA:13,2
DA:15,2
DA:16,2
DA:17,2
DA:21,1
DA:23,1
DA:26,1
DA:27,1
DA:28,1
DA:31,1
DA:32,1
DA:33,1
DA:36,2
DA:37,1
DA:39,1
DA:40,2
DA:41,1
DA:44,1
LF:18
LH:18
end_of_record
TN:
SF:/app/relvar-core/src/database/transaction.rs
FN:32,Database<E>::begin
FN:67,Database<E>::commit
FN:100,Database<E>::rollback
FNF:3
FNDA:2,Database<E>::begin
FNDA:2,Database<E>::commit
FNDA:2,Database<E>::rollback
DA:32,2
DA:33,2
DA:34,2
DA:35,2
DA:39,4
DA:40,4
DA:41,2
DA:42,2
DA:67,2
DA:68,2
DA:69,2
DA:70,2
DA:74,2
DA:75,1
DA:78,1
DA:79,1
DA:100,2
DA:101,2
DA:102,2
DA:103,2
DA:107,4
DA:108,2
DA:111,2
DA:112,2
LF:24
LH:24
end_of_record
TN:
SF:/app/relvar-core/src/query/mod.rs
FN:197,Query::execute
FN:271,Query::explain
FN:275,Query::explain_recursive
FN:281,Query::format_explanation_node
FN:340,Query::scan
FN:359,Query::restrict
FN:374,Query::project
FN:389,Query::rename
FN:409,Query::join
FN:425,Query::summarize
FNF:10
FNDA:4,Query::execute
FNDA:2,Query::explain
FNDA:2,Query::explain_recursive
FNDA:2,Query::format_explanation_node
FNDA:3,Query::scan
FNDA:3,Query::restrict
FNDA:2,Query::project
FNDA:2,Query::rename
FNDA:2,Query::join
FNDA:2,Query::summarize
DA:197,4
DA:198,4
DA:199,5
DA:200,3
DA:201,6
DA:205,3
DA:208,3
DA:209,6
DA:210,3
DA:211,2
DA:212,1
DA:213,3
DA:214,1
DA:216,1
DA:221,3
DA:222,1
DA:225,2
DA:227,2
DA:228,6
DA:229,8
DA:230,2
DA:232,2
DA:233,4
DA:234,2
DA:236,6
DA:238,4
DA:240,2
DA:241,4
DA:242,4
DA:243,4
DA:245,3
DA:246,0
DA:247,0
DA:248,0
DA:249,0
DA:250,4
DA:252,8
DA:253,3
DA:254,4
DA:255,5
DA:271,2
DA:272,2
DA:275,2
DA:276,2
DA:277,4
DA:281,2
DA:282,2
DA:283,2
DA:284,2
DA:285,2
DA:289,4
DA:292,2
DA:293,2
DA:297,4
DA:300,2
DA:301,2
DA:305,4
DA:308,1
DA:309,1
DA:312,2
DA:313,2
DA:316,2
DA:321,2
DA:326,4
DA:340,3
DA:341,3
DA:359,3
DA:361,3
DA:374,2
DA:376,4
DA:377,8
DA:389,2
DA:391,4
DA:392,2
DA:409,2
DA:411,4
DA:412,2
DA:425,2
DA:431,5
DA:432,12
LF:80
LH:76
end_of_record
TN:
SF:/app/relvar-core/src/storage_engine/in_memory.rs
FN:64,InMemoryEngine::new
FN:74,<impl StorageEngine for InMemoryEngine>::create_relation
FN:96,<impl StorageEngine for InMemoryEngine>::drop_relation
FN:103,<impl StorageEngine for InMemoryEngine>::relation_exists
FN:107,<impl StorageEngine for InMemoryEngine>::get_relation_metadata
FN:114,<impl StorageEngine for InMemoryEngine>::list_relations
FN:118,<impl StorageEngine for InMemoryEngine>::load_relation
FN:125,<impl StorageEngine for InMemoryEngine>::store_relation
FN:143,<impl StorageEngine for InMemoryEngine>::insert_tuple
FN:157,<impl StorageEngine for InMemoryEngine>::begin_transaction
FN:168,<impl StorageEngine for InMemoryEngine>::rollback_transaction
FNF:11
FNDA:27,InMemoryEngine::new
FNDA:16,<impl StorageEngine for InMemoryEngine>::create_relation
FNDA:2,<impl StorageEngine for InMemoryEngine>::drop_relation
FNDA:17,<impl StorageEngine for InMemoryEngine>::relation_exists
FNDA:14,<impl StorageEngine for InMemoryEngine>::get_relation_metadata
FNDA:3,<impl StorageEngine for InMemoryEngine>::list_relations
FNDA:14,<impl StorageEngine for InMemoryEngine>::load_relation
FNDA:3,<impl StorageEngine for InMemoryEngine>::store_relation
FNDA:16,<impl StorageEngine for InMemoryEngine>::insert_tuple
FNDA:2,<impl StorageEngine for InMemoryEngine>::begin_transaction
FNDA:2,<impl StorageEngine for InMemoryEngine>::rollback_transaction
DA:64,27
DA:66,24
DA:74,16
DA:79,33
DA:80,2
DA:84,16
DA:85,16
DA:88,33
DA:91,31
DA:93,18
DA:96,2
DA:97,4
DA:98,2
DA:100,1
DA:103,17
DA:104,20
DA:107,14
DA:109,16
DA:110,42
DA:111,22
DA:114,3
DA:115,3
DA:118,14
DA:120,13
DA:121,40
DA:122,17
DA:125,3
DA:126,6
DA:128,3
DA:129,3
DA:132,3
DA:133,0
DA:139,6
DA:140,3
DA:143,16
DA:144,32
DA:146,15
DA:147,19
DA:149,29
DA:151,17
DA:152,13
DA:154,13
DA:157,2
DA:162,4
DA:165,2
DA:168,2
DA:170,4
DA:171,3
DA:172,1
DA:176,2
LF:50
LH:49
end_of_record
TN:
SF:/app/relvar-core/src/storage_engine/mod.rs
FN:143,StorageEngine::commit_transaction
FNF:1
FNDA:1,StorageEngine::commit_transaction
DA:143,1
DA:144,1
LF:2
LH:2
end_of_record
TN:
SF:/app/relvar-core/src/types/relation_type.rs
FN:101,RelationType::new
FN:123,RelationType::depth
FN:152,RelationType::heading
FN:184,RelationType::degree
FN:213,RelationType::tuple_type
FN:246,RelationType::has_attribute
FN:252,<impl Hash for RelationType>::hash
FNF:7
FNDA:44,RelationType::new
FNDA:6,RelationType::depth
FNDA:32,RelationType::heading
FNDA:6,RelationType::degree
FNDA:17,RelationType::tuple_type
FNDA:8,RelationType::has_attribute
FNDA:5,<impl Hash for RelationType>::hash
DA:101,44
DA:102,100
DA:103,0
DA:123,6
DA:124,7
DA:152,32
DA:184,6
DA:185,6
DA:213,17
DA:246,8
DA:247,8
DA:252,5
DA:254,5
LF:13
LH:12
end_of_record
TN:
SF:/app/relvar-core/src/types/scalar.rs
FN:247,ScalarType::name
FN:276,ScalarType::depth
FN:309,ScalarType::user_defined
FN:361,ScalarType::selector
FN:396,<impl Hash for ScalarType>::hash
FN:423,<impl PartialOrd for ScalarType>::partial_cmp
FN:429,<impl Ord for ScalarType>::cmp
FN:472,ScalarType::cmp_relation_types
FN:510,ScalarType::cmp_user_defined_types
FN:822,<impl TryFrom for ScalarType>::try_from
FNF:10
FNDA:5,ScalarType::name
FNDA:76,ScalarType::depth
FNDA:10,ScalarType::user_defined
FNDA:3,ScalarType::selector
FNDA:26,<impl Hash for ScalarType>::hash
FNDA:1,<impl PartialOrd for ScalarType>::partial_cmp
FNDA:3,<impl Ord for ScalarType>::cmp
FNDA:3,ScalarType::cmp_relation_types
FNDA:3,ScalarType::cmp_user_defined_types
FNDA:9,<impl TryFrom for ScalarType>::try_from
DA:247,5
DA:248,10
DA:249,5
DA:250,2
DA:251,3
DA:252,2
DA:253,2
DA:254,1
DA:255,3
DA:276,76
DA:277,77
DA:278,13
DA:279,18
DA:280,77
DA:309,10
DA:310,21
DA:311,2
DA:312,0
DA:313,0
DA:314,0
DA:318,11
DA:319,11
DA:361,3
DA:367,3
DA:368,3
DA:370,9
DA:371,2
DA:372,4
DA:373,6
DA:376,2
DA:377,2
DA:378,2
DA:383,4
DA:384,2
DA:385,4
DA:386,6
DA:389,1
DA:396,26
DA:398,28
DA:401,25
DA:402,0
DA:403,0
DA:404,0
DA:405,0
DA:406,0
DA:407,5
DA:409,10
DA:411,4
DA:412,0
DA:413,0
DA:414,0
DA:415,4
DA:416,4
DA:423,1
DA:424,1
DA:429,3
DA:433,9
DA:443,4
DA:444,4
DA:445,3
DA:449,7
DA:450,3
DA:455,2
DA:456,3
DA:472,3
DA:477,2
DA:480,7
DA:485,8
DA:488,5
DA:490,3
DA:491,3
DA:492,9
DA:493,7
DA:495,2
DA:496,6
DA:497,4
DA:499,2
DA:501,3
DA:504,1
DA:506,2
DA:510,3
DA:517,4
DA:518,3
DA:519,1
DA:822,9
DA:823,9
DA:824,9
DA:825,1
DA:826,2
DA:827,1
DA:828,2
DA:829,2
DA:830,6
DA:835,18
DA:838,6
DA:843,18
DA:844,0
DA:846,0
DA:850,9
LF:99
LH:86
end_of_record
TN:
SF:/app/relvar-core/src/types/tuple_type.rs
FN:98,TupleType::new
FN:134,TupleType::with_attribute
FN:174,TupleType::get_attribute_type
FN:204,TupleType::has_attribute
FN:236,TupleType::attribute_names
FN:254,TupleType::depth
FN:289,TupleType::degree
FN:320,TupleType::attributes
FN:326,<impl Default for TupleType>::default
FN:332,<impl Hash for TupleType>::hash
FNF:10
FNDA:64,TupleType::new
FNDA:78,TupleType::with_attribute
FNDA:33,TupleType::get_attribute_type
FNDA:11,TupleType::has_attribute
FNDA:20,TupleType::attribute_names
FNDA:52,TupleType::depth
FNDA:29,TupleType::degree
FNDA:12,TupleType::attributes
FNDA:1,<impl Default for TupleType>::default
FNDA:29,<impl Hash for TupleType>::hash
DA:98,64
DA:100,65
DA:134,78
DA:135,159
DA:136,4
DA:137,0
DA:138,0
DA:139,0
DA:142,149
DA:143,76
DA:174,33
DA:175,28
DA:204,11
DA:205,13
DA:236,20
DA:237,17
DA:254,52
DA:255,49
DA:256,54
DA:257,162
DA:258,56
DA:259,53
DA:289,29
DA:290,33
DA:320,12
DA:326,1
DA:327,1
DA:332,29
DA:334,27
DA:338,56
DA:339,27
DA:340,27
LF:32
LH:29
end_of_record
TN:
SF:/app/relvar-core/src/utils/recursion.rs
FN:52,RecursionGuard::new
FN:66,<impl Drop for RecursionGuard>::drop
FN:80,deserialize_guarded
FNF:3
FNDA:12,RecursionGuard::new
FNDA:10,<impl Drop for RecursionGuard>::drop
FNDA:19,deserialize_guarded
DA:52,12
DA:53,24
DA:54,11
DA:55,24
DA:56,2
DA:58,22
DA:59,11
DA:66,10
DA:67,20
DA:68,10
DA:69,11
DA:70,11
DA:80,19
DA:85,38
DA:86,34
LF:15
LH:15
end_of_record
TN:
SF:/app/relvar-core/src/values/relation.rs
FN:155,<impl Hash for Relation>::hash
FN:178,<impl IntoIterator for Relation>::into_iter
FN:216,Relation::new
FN:239,Relation::with_capacity
FN:294,Relation::from_tuples
FN:341,Relation::from_tuples_unchecked
FN:365,Relation::from_body_unchecked
FN:400,Relation::relation_type
FN:435,Relation::cardinality
FN:469,Relation::degree
FN:520,Relation::insert
FN:565,Relation::contains
FN:606,Relation::tuples
FN:638,Relation::is_empty
FN:665,Relation::restrict_into
FNF:15
FNDA:5,<impl Hash for Relation>::hash
FNDA:7,<impl IntoIterator for Relation>::into_iter
FNDA:35,Relation::new
FNDA:0,Relation::with_capacity
FNDA:2,Relation::from_tuples
FNDA:77,Relation::from_tuples_unchecked
FNDA:2,Relation::from_body_unchecked
FNDA:18,Relation::relation_type
FNDA:14,Relation::cardinality
FNDA:5,Relation::degree
FNDA:26,Relation::insert
FNDA:4,Relation::contains
FNDA:16,Relation::tuples
FNDA:4,Relation::is_empty
FNDA:3,Relation::restrict_into
DA:155,5
DA:157,5
DA:160,5
DA:164,5
DA:165,10
DA:166,5
DA:167,5
DA:168,5
DA:170,5
DA:178,7
DA:179,8
DA:216,35
DA:219,35
DA:239,0
DA:242,0
DA:294,2
DA:298,4
DA:299,4
DA:301,2
DA:303,4
DA:307,2
DA:309,6
DA:310,4
DA:311,2
DA:314,4
DA:316,2
DA:317,1
DA:320,2
DA:323,2
DA:326,2
DA:327,2
DA:328,2
DA:341,77
DA:345,152
DA:346,153
DA:347,78
DA:349,240
DA:350,149
DA:365,2
DA:400,18
DA:401,18
DA:435,14
DA:436,13
DA:469,5
DA:470,5
DA:520,26
DA:522,49
DA:523,1
DA:526,48
DA:565,4
DA:566,4
DA:606,16
DA:607,16
DA:638,4
DA:639,3
DA:665,3
DA:669,9
DA:670,3
LF:58
LH:56
end_of_record
TN:
SF:/app/relvar-core/src/values/scalar.rs
FN:141,ScalarValue::scalar_type
FN:167,ScalarValue::is_type
FN:198,ScalarValue::observer
FN:208,ScalarValue::user_defined
FN:217,<impl Drop for ScalarValue>::drop
FN:239,<impl PartialEq for ScalarValue>::eq
FN:278,<impl Hash for ScalarValue>::hash
FN:317,<impl PartialOrd for ScalarValue>::partial_cmp
FN:326,<impl Ord for ScalarValue>::cmp
FN:330,<impl Ord for ScalarValue>::cmp::type_order
FN:371,ScalarValue::cmp_floats
FN:408,ScalarValue::cmp_relations
FN:420,ScalarValue::eq_user_defined_values
FN:455,ScalarValue::hash_user_defined_value
FN:483,ScalarValue::cmp_user_defined_values
FN:546,<impl TryFrom for ScalarValue>::try_from
FNF:16
FNDA:33,ScalarValue::scalar_type
FNDA:32,ScalarValue::is_type
FNDA:2,ScalarValue::observer
FNDA:1,ScalarValue::user_defined
FNDA:28,<impl Drop for ScalarValue>::drop
FNDA:14,<impl PartialEq for ScalarValue>::eq
FNDA:27,<impl Hash for ScalarValue>::hash
FNDA:7,<impl PartialOrd for ScalarValue>::partial_cmp
FNDA:9,<impl Ord for ScalarValue>::cmp
FNDA:9,<impl Ord for ScalarValue>::cmp::type_order
FNDA:4,ScalarValue::cmp_floats
FNDA:0,ScalarValue::cmp_relations
FNDA:2,ScalarValue::eq_user_defined_values
FNDA:3,ScalarValue::hash_user_defined_value
FNDA:1,ScalarValue::cmp_user_defined_values
FNDA:5,<impl TryFrom for ScalarValue>::try_from
DA:141,33
DA:142,36
DA:143,27
DA:144,3
DA:145,17
DA:146,3
DA:147,3
DA:148,3
DA:149,3
DA:151,2
DA:167,32
DA:168,31
DA:198,2
DA:199,2
DA:200,4
DA:201,0
DA:208,1
DA:211,1
DA:217,28
DA:218,32
DA:220,4
DA:221,7
DA:222,6
DA:224,4
DA:226,6
DA:239,14
DA:240,14
DA:241,2
DA:244,27
DA:245,13
DA:246,4
DA:247,9
DA:248,1
DA:250,4
DA:253,6
DA:254,2
DA:255,2
DA:256,2
DA:257,2
DA:278,27
DA:279,25
DA:280,24
DA:281,22
DA:282,25
DA:284,4
DA:285,4
DA:286,4
DA:287,1
DA:289,4
DA:292,11
DA:293,11
DA:294,11
DA:296,2
DA:297,2
DA:298,2
DA:300,2
DA:301,2
DA:302,2
DA:304,4
DA:305,5
DA:306,5
DA:308,3
DA:309,6
DA:317,7
DA:318,8
DA:326,9
DA:330,9
DA:331,9
DA:342,9
DA:343,9
DA:344,0
DA:348,17
DA:349,8
DA:350,4
DA:351,3
DA:352,1
DA:353,0
DA:354,0
DA:355,1
DA:371,4
DA:374,4
DA:375,1
DA:376,1
DA:377,1
DA:381,4
DA:382,4
DA:383,4
DA:384,3
DA:386,3
DA:388,5
DA:389,2
DA:391,1
DA:395,3
DA:397,3
DA:401,2
DA:408,0
DA:414,0
DA:415,0
DA:416,0
DA:420,2
DA:426,2
DA:427,1
DA:430,2
DA:431,2
DA:432,3
DA:433,2
DA:434,1
DA:444,1
DA:445,0
DA:447,1
DA:448,1
DA:450,2
DA:455,3
DA:461,3
DA:462,3
DA:464,3
DA:465,0
DA:466,3
DA:467,1
DA:468,0
DA:469,0
DA:470,0
DA:471,1
DA:472,1
DA:473,1
DA:475,3
DA:476,3
DA:477,0
DA:483,1
DA:491,1
DA:494,1
DA:495,1
DA:496,2
DA:497,1
DA:498,1
DA:509,2
DA:510,2
DA:512,0
DA:514,1
DA:518,0
DA:546,5
DA:547,5
DA:548,3
DA:549,0
DA:550,3
DA:551,0
DA:552,2
DA:553,1
DA:554,3
DA:558,3
DA:559,2
DA:561,1
DA:563,2
DA:569,6
DA:572,4
DA:573,1
DA:575,2
DA:576,2
DA:580,1
DA:581,1
DA:582,1
LF:161
LH:143
end_of_record
TN:
SF:/app/relvar-core/src/values/tuple.rs
FN:49,arc_serde::serialize
FN:64,arc_serde::deserialize
FN:191,Tuple::new
FN:241,Tuple::new_unchecked
FN:257,Tuple::tuple_type
FN:272,Tuple::get
FN:287,Tuple::get_typed
FN:304,Tuple::attribute_names
FN:320,Tuple::values
FN:336,Tuple::into_values
FN:349,Tuple::degree
FN:368,Tuple::conforms_to
FN:402,Tuple::set
FN:424,<impl Hash for Tuple>::hash
FN:444,<impl TryFrom for &'astr>::try_from
FN:502,<impl From for ScalarValue>::from
FN:560,<impl TryFrom for i64>::try_from
FN:570,<impl TryFrom for f64>::try_from
FN:580,<impl TryFrom for String>::try_from
FN:590,<impl TryFrom for bool>::try_from
FN:600,<impl TryFrom for Vec<u8>>::try_from
FNF:21
FNDA:3,arc_serde::serialize
FNDA:2,arc_serde::deserialize
FNDA:31,Tuple::new
FNDA:8,Tuple::new_unchecked
FNDA:27,Tuple::tuple_type
FNDA:17,Tuple::get
FNDA:19,Tuple::get_typed
FNDA:0,Tuple::attribute_names
FNDA:8,Tuple::values
FNDA:4,Tuple::into_values
FNDA:6,Tuple::degree
FNDA:13,Tuple::conforms_to
FNDA:1,Tuple::set
FNDA:26,<impl Hash for Tuple>::hash
FNDA:1,<impl TryFrom for &'astr>::try_from
FNDA:1,<impl From for ScalarValue>::from
FNDA:10,<impl TryFrom for i64>::try_from
FNDA:6,<impl TryFrom for f64>::try_from
FNDA:4,<impl TryFrom for String>::try_from
FNDA:2,<impl TryFrom for bool>::try_from
FNDA:1,<impl TryFrom for Vec<u8>>::try_from
DA:49,3
DA:54,6
DA:64,2
DA:69,4
DA:70,4
DA:191,31
DA:196,63
DA:197,32
DA:200,129
DA:201,67
DA:202,66
DA:203,1
DA:204,1
DA:205,2
DA:206,3
DA:209,64
DA:211,1
DA:216,36
DA:217,2
DA:218,4
DA:219,2
DA:224,30
DA:225,33
DA:226,32
DA:241,8
DA:257,27
DA:258,26
DA:272,17
DA:273,17
DA:287,19
DA:291,66
DA:304,0
DA:305,0
DA:320,8
DA:321,7
DA:336,4
DA:337,4
DA:349,6
DA:350,4
DA:368,13
DA:370,23
DA:371,12
DA:372,1
DA:377,23
DA:378,23
DA:379,13
DA:380,1
DA:383,0
DA:387,11
DA:402,1
DA:404,4
DA:406,1
DA:407,4
DA:410,1
DA:411,1
DA:412,1
DA:413,2
DA:414,3
DA:418,2
DA:419,1
DA:424,26
DA:426,28
DA:429,25
DA:433,48
DA:434,24
DA:435,23
DA:444,1
DA:445,1
DA:446,0
DA:447,1
DA:457,565
DA:458,564
DA:461,1095
DA:462,1082
DA:463,2167
DA:466,566
DA:472,24
DA:473,25
DA:478,3
DA:479,3
DA:484,5
DA:485,5
DA:490,15
DA:491,14
DA:496,3
DA:497,3
DA:502,1
DA:503,1
DA:510,1
DA:511,1
DA:512,0
DA:513,1
DA:520,1
DA:521,1
DA:522,0
DA:523,1
DA:530,1
DA:531,1
DA:532,0
DA:533,1
DA:540,1
DA:541,1
DA:542,0
DA:543,1
DA:550,1
DA:551,1
DA:552,0
DA:553,1
DA:560,10
DA:561,10
DA:562,10
DA:563,1
DA:570,6
DA:571,6
DA:572,6
DA:573,1
DA:580,4
DA:581,4
DA:582,4
DA:583,1
DA:590,2
DA:591,4
DA:592,1
DA:593,1
DA:600,1
DA:601,1
DA:602,0
DA:603,1
LF:128
LH:118
end_of_record
TN:
SF:/app/relvar-core/tests/sentry_check_constraint_coverage.rs
FNF:0
DA:1,1
DA:6,3
DA:7,2
DA:10,1
DA:11,1
DA:13,1
DA:15,1
DA:17,2
DA:18,2
DA:19,1
DA:20,1
DA:21,2
LF:12
LH:12
end_of_record
TN:
SF:/app/relvar-core/tests/sentry_check_constraint_validation.rs
FNF:0
DA:1,1
DA:15,3
DA:16,1
DA:18,2
DA:19,1
DA:20,1
DA:24,1
DA:27,1
DA:28,1
DA:30,1
DA:32,1
DA:33,2
DA:36,1
DA:38,0
DA:39,2
DA:43,2
DA:44,1
DA:45,2
DA:46,1
DA:47,1
DA:48,0
DA:49,1
DA:52,1
DA:53,2
DA:54,2
LF:25
LH:23
end_of_record
TN:
SF:/app/relvar-core/tests/sentry_correctness.rs
FNF:0
DA:1,1
DA:6,2
DA:8,3
DA:9,1
DA:10,1
DA:13,2
DA:21,3
DA:22,1
DA:26,2
DA:27,1
DA:29,2
DA:32,3
DA:33,1
DA:34,1
DA:35,1
DA:37,3
DA:38,1
DA:40,2
DA:44,3
DA:48,1
DA:52,1
DA:53,1
DA:54,2
DA:55,0
DA:59,2
DA:60,2
DA:61,1
DA:64,1
DA:65,1
DA:67,1
DA:71,2
DA:72,2
DA:73,1
DA:74,2
DA:75,2
DA:78,3
DA:83,1
DA:84,1
DA:85,1
DA:87,1
DA:90,3
DA:91,1
DA:92,1
DA:93,1
DA:95,1
DA:97,1
DA:98,0
DA:101,1
DA:104,2
DA:105,2
DA:106,1
DA:107,2
LF:52
LH:50
end_of_record
TN:
SF:/app/relvar-core/tests/sentry_correctness_algebra.rs
FNF:0
DA:1,1
DA:10,3
DA:15,1
DA:16,1
DA:17,1
DA:19,1
DA:20,1
DA:22,2
DA:25,1
DA:27,2
DA:28,1
DA:29,1
DA:31,1
DA:33,1
DA:35,1
DA:36,2
DA:39,3
DA:44,1
DA:45,2
DA:47,2
DA:48,1
DA:49,1
DA:51,2
DA:52,1
DA:54,1
DA:55,1
DA:58,2
DA:62,3
DA:64,1
DA:66,1
DA:69,1
DA:72,2
DA:73,2
DA:76,3
DA:83,1
DA:84,2
DA:86,2
DA:87,1
DA:88,1
DA:90,2
DA:91,1
DA:93,1
DA:94,1
DA:97,2
DA:98,2
DA:102,2
DA:104,1
DA:106,1
DA:109,1
DA:111,2
DA:113,1
DA:124,2
DA:125,1
DA:126,0
DA:127,0
DA:129,0
DA:131,2
DA:134,3
DA:142,1
DA:144,1
DA:147,1
DA:149,1
DA:152,2
DA:153,2
DA:157,0
DA:158,1
DA:161,3
DA:164,3
DA:165,1
DA:166,1
DA:168,1
DA:169,1
DA:170,1
DA:171,1
DA:174,1
DA:175,2
DA:176,2
LF:77
LH:73
end_of_record
TN:
SF:/app/relvar-core/tests/sentry_database_data_coverage.rs
FNF:0
DA:1,1
DA:12,4
DA:13,4
DA:14,4
DA:15,4
DA:16,4
DA:17,4
DA:19,1
DA:20,1
DA:21,3
DA:22,1
DA:25,3
DA:26,1
DA:29,1
DA:30,1
DA:31,1
DA:32,1
DA:34,1
DA:36,1
DA:37,1
DA:38,2
DA:39,2
DA:40,1
DA:41,1
DA:43,2
DA:44,1
DA:45,1
DA:47,1
DA:48,1
DA:51,3
DA:52,2
DA:53,1
DA:54,2
DA:57,3
DA:58,1
DA:60,1
DA:61,1
DA:62,1
DA:64,1
DA:67,2
DA:69,1
DA:72,1
DA:74,2
DA:75,2
DA:78,2
DA:79,1
DA:80,2
DA:83,3
DA:84,1
DA:86,1
DA:87,1
DA:89,1
DA:91,4
DA:92,2
DA:93,1
DA:94,1
DA:95,2
DA:96,1
DA:99,1
DA:100,2
DA:101,1
DA:102,2
DA:105,3
DA:106,1
DA:108,1
DA:109,1
DA:110,1
DA:112,1
DA:115,2
DA:117,1
DA:120,1
DA:122,2
DA:123,1
DA:124,2
DA:127,3
DA:128,1
DA:130,2
DA:131,2
DA:132,1
DA:135,1
DA:136,2
DA:137,1
DA:138,2
DA:141,3
DA:142,1
DA:147,1
DA:148,1
DA:149,1
DA:150,1
DA:152,1
DA:154,1
DA:155,1
DA:156,2
DA:157,2
DA:158,1
DA:159,1
DA:161,2
DA:162,1
DA:163,1
DA:165,1
DA:166,1
DA:169,1
DA:171,2
DA:172,2
DA:174,2
DA:175,1
DA:176,2
DA:179,3
DA:180,1
DA:182,2
DA:183,2
DA:184,1
DA:186,1
DA:189,1
DA:191,2
DA:192,2
DA:194,2
DA:195,1
DA:196,2
DA:199,3
DA:200,1
DA:202,1
DA:203,1
DA:205,1
DA:207,4
DA:208,2
DA:209,1
DA:210,1
DA:211,2
DA:212,1
DA:215,1
DA:217,2
DA:218,2
DA:220,2
DA:221,1
DA:222,2
DA:225,3
DA:226,1
DA:228,1
DA:229,1
DA:230,1
DA:231,1
DA:233,1
DA:235,1
DA:236,1
DA:237,2
DA:238,2
DA:239,1
DA:240,1
DA:242,2
DA:243,1
DA:244,1
DA:247,1
DA:248,2
DA:249,1
DA:250,2
DA:253,3
DA:254,1
DA:256,1
DA:257,1
DA:258,1
DA:259,1
DA:261,1
DA:263,1
DA:264,1
DA:265,2
DA:266,2
DA:267,1
DA:268,1
DA:270,2
DA:271,1
DA:272,1
DA:274,1
DA:275,1
DA:278,1
DA:280,2
DA:281,2
DA:283,2
DA:284,1
DA:285,2
LF:180
LH:180
end_of_record
TN:
SF:/app/relvar-core/tests/sentry_database_dml_coverage.rs
FNF:0
DA:1,1
DA:8,3
DA:9,1
DA:10,1
DA:11,1
DA:12,1
DA:13,1
DA:15,1
DA:16,1
DA:19,1
DA:21,2
DA:22,2
DA:25,2
DA:26,1
DA:27,2
LF:15
LH:15
end_of_record
TN:
SF:/app/relvar-core/tests/sentry_database_integrity_coverage.rs
FNF:0
DA:1,1
DA:10,4
DA:11,4
DA:12,4
DA:13,4
DA:14,4
DA:15,4
DA:17,1
DA:18,2
DA:19,2
DA:20,2
DA:21,2
DA:24,3
DA:25,1
DA:27,2
DA:30,1
DA:31,2
DA:33,1
DA:34,2
DA:35,1
DA:36,2
DA:39,3
DA:40,1
DA:42,1
DA:43,1
DA:44,1
DA:45,1
DA:47,1
DA:50,1
DA:51,1
DA:53,1
DA:54,1
DA:55,2
DA:56,2
DA:57,1
DA:58,1
DA:59,2
DA:61,1
DA:62,2
DA:63,1
DA:64,2
DA:67,3
DA:68,1
DA:70,1
DA:71,1
DA:72,1
DA:76,2
DA:79,1
DA:80,2
DA:81,1
DA:82,2
DA:85,3
DA:86,1
DA:88,1
DA:89,1
DA:91,1
DA:97,4
DA:98,2
DA:99,1
DA:100,1
DA:101,2
DA:104,1
DA:105,2
DA:106,1
DA:107,2
DA:110,3
DA:111,1
DA:112,1
DA:113,1
DA:114,2
DA:115,3
DA:116,3
DA:121,2
DA:124,3
DA:125,1
DA:126,1
DA:127,1
DA:128,2
DA:129,3
DA:130,3
DA:135,2
DA:138,3
DA:139,1
DA:140,2
DA:141,1
DA:142,2
DA:144,1
DA:145,2
DA:148,3
DA:149,1
DA:150,1
DA:151,1
DA:152,2
DA:153,3
DA:154,3
DA:159,2
DA:162,3
DA:163,1
DA:164,2
DA:165,2
DA:166,1
DA:167,2
DA:168,2
DA:171,3
DA:172,1
DA:174,1
DA:175,1
DA:176,1
DA:177,1
DA:179,1
DA:181,1
DA:182,1
DA:184,1
DA:185,1
DA:186,2
DA:187,2
DA:188,1
DA:189,1
DA:190,2
DA:192,1
DA:193,2
DA:194,2
DA:197,3
DA:198,1
DA:200,1
DA:201,1
DA:202,1
DA:206,2
DA:208,1
DA:209,2
DA:210,2
DA:213,3
DA:214,1
DA:216,1
DA:217,1
DA:219,1
DA:225,4
DA:226,2
DA:227,1
DA:228,1
DA:229,2
DA:231,1
DA:232,2
DA:233,2
LF:144
LH:144
end_of_record
TN:
SF:/app/relvar-core/tests/sentry_database_schema_coverage.rs
FNF:0
DA:1,1
DA:7,3
DA:8,1
DA:9,1
DA:10,2
DA:11,1
DA:12,2
DA:15,3
DA:16,1
DA:17,1
DA:18,2
DA:19,1
DA:20,2
DA:23,3
DA:24,1
DA:25,2
DA:26,2
DA:27,0
DA:28,0
DA:30,0
DA:31,1
DA:33,1
DA:34,2
DA:35,1
DA:36,2
DA:39,3
DA:40,1
DA:41,2
DA:44,2
DA:47,1
DA:48,2
DA:49,2
DA:50,2
DA:53,2
DA:56,3
DA:57,1
DA:58,2
DA:61,2
DA:64,1
DA:65,0
DA:66,0
DA:68,0
DA:69,2
DA:70,2
DA:71,2
DA:74,2
DA:77,3
DA:78,1
DA:79,2
DA:81,2
DA:82,0
DA:83,0
DA:85,0
DA:86,1
DA:89,1
DA:90,0
DA:91,0
DA:93,0
DA:94,2
DA:95,2
DA:96,2
DA:99,2
DA:101,3
DA:102,1
DA:103,2
DA:105,2
DA:106,0
DA:107,0
DA:109,0
DA:110,1
DA:112,1
DA:113,2
DA:114,2
DA:115,2
DA:118,2
DA:121,3
DA:122,1
DA:123,1
DA:124,2
DA:125,1
DA:126,2
LF:81
LH:66
end_of_record
TN:
SF:/app/relvar-core/tests/sentry_database_transaction_coverage.rs
FNF:0
DA:1,1
DA:6,1
DA:7,1
DA:8,1
DA:9,1
DA:10,1
DA:12,1
DA:15,3
DA:16,1
DA:19,2
DA:20,3
DA:21,2
DA:22,2
DA:26,1
DA:27,3
DA:28,2
DA:29,2
DA:33,1
DA:34,1
DA:35,3
DA:36,2
DA:37,2
DA:41,1
DA:42,2
DA:45,3
DA:46,1
DA:49,3
DA:50,1
DA:51,1
DA:53,1
DA:54,1
DA:56,1
DA:57,3
DA:58,2
DA:59,2
DA:61,3
LF:36
LH:36
end_of_record
TN:
SF:/app/relvar-core/tests/sentry_database_update_fk_coverage.rs
FNF:0
DA:1,1
DA:10,3
DA:11,1
DA:14,1
DA:15,1
DA:16,1
DA:17,1
DA:19,1
DA:20,1
DA:21,2
DA:22,1
DA:25,1
DA:26,1
DA:27,1
DA:28,1
DA:30,1
DA:31,1
DA:32,1
DA:33,2
DA:34,2
DA:35,1
DA:36,1
DA:37,2
DA:38,1
DA:41,1
DA:42,1
DA:43,1
DA:44,1
DA:45,1
DA:46,1
DA:49,1
DA:51,2
DA:52,2
DA:54,2
DA:55,3
DA:56,3
DA:63,1
DA:64,1
DA:66,2
DA:67,2
DA:69,1
DA:70,1
DA:73,1
DA:74,1
DA:76,2
DA:77,2
DA:79,1
DA:80,1
DA:81,2
LF:49
LH:49
end_of_record
TN:
SF:/app/relvar-core/tests/sentry_delta_coverage.rs
FNF:0
DA:1,1
DA:7,3
DA:8,1
DA:9,1
DA:11,2
DA:12,1
DA:14,2
DA:15,1
DA:17,1
DA:18,2
DA:20,2
DA:21,0
DA:22,2
DA:24,1
DA:25,0
DA:27,2
LF:16
LH:14
end_of_record
TN:
SF:/app/relvar-core/tests/sentry_delta_error_paths.rs
FNF:0
DA:1,1
DA:6,4
DA:7,4
DA:8,2
DA:10,1
DA:11,1
DA:12,1
DA:15,3
DA:16,1
DA:17,2
DA:19,1
DA:20,1
DA:21,3
DA:24,3
DA:25,1
DA:26,2
DA:28,1
DA:29,1
DA:30,3
DA:33,3
DA:34,1
DA:35,2
DA:36,2
DA:38,2
DA:39,1
DA:40,1
DA:41,3
DA:44,3
DA:45,1
DA:46,2
DA:47,2
DA:48,2
DA:50,2
DA:51,2
DA:53,1
DA:54,1
DA:55,3
LF:37
LH:37
end_of_record
TN:
SF:/app/relvar-core/tests/sentry_project_coverage.rs
FNF:0
DA:1,1
DA:6,3
DA:7,1
DA:8,1
DA:9,1
DA:11,1
DA:12,2
DA:15,2
DA:16,1
DA:18,1
DA:19,1
DA:21,1
DA:23,2
DA:24,1
DA:25,2
[...]
FN:195,PersistentEngine::checkpoint
FN:222,PersistentEngine::flush_wal
FN:229,PersistentEngine::get_checkpoint_lsn
FN:236,PersistentEngine::log_checkpoint_record
FN:254,PersistentEngine::get_snapshot_for_current_context
FN:276,PersistentEngine::open_wal_manager
FN:289,<impl StorageEngine for PersistentEngine>::create_relation
FN:300,<impl StorageEngine for PersistentEngine>::drop_relation
FN:304,<impl StorageEngine for PersistentEngine>::relation_exists
FN:308,<impl StorageEngine for PersistentEngine>::get_relation_metadata
FN:315,<impl StorageEngine for PersistentEngine>::list_relations
FN:319,<impl StorageEngine for PersistentEngine>::load_relation
FN:328,<impl StorageEngine for PersistentEngine>::store_relation
FN:344,<impl StorageEngine for PersistentEngine>::insert_tuple
FN:373,<impl StorageEngine for PersistentEngine>::begin_transaction
FN:387,<impl StorageEngine for PersistentEngine>::commit_transaction
FN:407,<impl StorageEngine for PersistentEngine>::rollback_transaction
FN:426,PersistentEngine::ensure_transaction
FN:436,PersistentEngine::load_relation_for_txn
FN:456,PersistentEngine::insert_tuple_in_txn
FNF:24
FNDA:1,PersistentEngine::open
FNDA:1,PersistentEngine::undo_uncommitted_inserts
FNDA:4,PersistentEngine::group_uncommitted_inserts
FNDA:0,PersistentEngine::cleanup_relation_uncommitted_inserts
FNDA:1,PersistentEngine::checkpoint
FNDA:1,PersistentEngine::flush_wal
FNDA:2,PersistentEngine::get_checkpoint_lsn
FNDA:1,PersistentEngine::log_checkpoint_record
FNDA:1,PersistentEngine::get_snapshot_for_current_context
FNDA:1,PersistentEngine::open_wal_manager
FNDA:3,<impl StorageEngine for PersistentEngine>::create_relation
FNDA:1,<impl StorageEngine for PersistentEngine>::drop_relation
FNDA:1,<impl StorageEngine for PersistentEngine>::relation_exists
FNDA:1,<impl StorageEngine for PersistentEngine>::get_relation_metadata
FNDA:1,<impl StorageEngine for PersistentEngine>::list_relations
FNDA:1,<impl StorageEngine for PersistentEngine>::load_relation
FNDA:1,<impl StorageEngine for PersistentEngine>::store_relation
FNDA:1,<impl StorageEngine for PersistentEngine>::insert_tuple
FNDA:4,<impl StorageEngine for PersistentEngine>::begin_transaction
FNDA:1,<impl StorageEngine for PersistentEngine>::commit_transaction
FNDA:1,<impl StorageEngine for PersistentEngine>::rollback_transaction
FNDA:1,PersistentEngine::ensure_transaction
FNDA:1,PersistentEngine::load_relation_for_txn
FNDA:1,PersistentEngine::insert_tuple_in_txn
DA:90,1
DA:91,3
DA:92,4
DA:95,3
DA:97,2
DA:100,6
DA:101,0
DA:105,3
DA:108,6
DA:111,3
DA:112,1
DA:117,5
DA:119,1
DA:123,1
DA:127,2
DA:130,4
DA:131,0
DA:135,0
DA:137,0
DA:141,1
DA:145,4
DA:149,1
DA:151,3
DA:156,0
DA:161,0
DA:164,0
DA:167,0
DA:171,0
DA:172,0
DA:195,1
DA:197,1
DA:200,2
DA:203,2
DA:206,1
DA:209,1
DA:212,2
DA:213,6
DA:216,4
DA:218,1
DA:222,1
DA:223,1
DA:225,2
DA:229,2
DA:230,2
DA:232,4
DA:236,1
DA:242,2
DA:244,3
DA:245,1
DA:249,1
DA:250,1
DA:254,1
DA:257,1
DA:259,1
DA:260,1
DA:262,1
DA:263,0
DA:267,1
DA:268,1
DA:269,1
DA:270,1
DA:276,1
DA:277,1
DA:278,1
DA:280,1
DA:281,3
DA:289,3
DA:294,4
DA:297,0
DA:300,1
DA:301,1
DA:304,1
DA:305,1
DA:308,1
DA:309,2
DA:312,0
DA:315,1
DA:316,1
DA:319,1
DA:321,1
DA:322,2
DA:325,1
DA:328,1
DA:329,1
DA:331,4
DA:334,3
DA:336,1
DA:337,1
DA:338,1
DA:341,1
DA:344,1
DA:345,4
DA:348,4
DA:349,2
DA:352,6
DA:353,2
DA:355,3
DA:356,3
DA:358,1
DA:360,8
DA:363,5
DA:365,3
DA:366,1
DA:367,1
DA:370,3
DA:373,4
DA:374,4
DA:375,4
DA:377,4
DA:378,1
DA:379,3
DA:381,3
DA:382,1
DA:384,3
DA:387,1
DA:388,2
DA:389,1
DA:392,1
DA:394,2
DA:396,1
DA:398,1
DA:400,1
DA:401,1
DA:402,1
DA:404,1
DA:407,1
DA:408,2
DA:409,1
DA:412,1
DA:414,1
DA:415,1
DA:417,1
DA:426,1
DA:427,4
DA:428,1
DA:430,1
DA:431,1
DA:436,1
DA:441,2
DA:443,1
DA:444,1
DA:445,0
DA:449,2
DA:452,1
DA:456,1
DA:463,2
DA:464,1
DA:466,2
DA:467,1
DA:469,1
DA:470,1
DA:472,1
DA:474,2
DA:477,0
LF:154
LH:139
end_of_record
TN:
SF:/app/relvar-storage/src/storage/catalog.rs
FN:144,Catalog::new
FN:170,Catalog::load
FN:174,Catalog::load_with_limit
FN:212,Catalog::save
FN:240,Catalog::create_relation
FN:277,Catalog::get_relation
FN:291,Catalog::relation_exists
FN:308,Catalog::drop_relation
FN:317,Catalog::list_relations
FN:334,Catalog::relation_count
FN:340,<impl Default for Catalog>::default
FNF:11
FNDA:2,Catalog::new
FNDA:2,Catalog::load
FNDA:2,Catalog::load_with_limit
FNDA:3,Catalog::save
FNDA:2,Catalog::create_relation
FNDA:1,Catalog::get_relation
FNDA:2,Catalog::relation_exists
FNDA:1,Catalog::drop_relation
FNDA:1,Catalog::list_relations
FNDA:1,Catalog::relation_count
FNDA:0,<impl Default for Catalog>::default
DA:144,2
DA:146,1
DA:170,2
DA:171,2
DA:174,2
DA:175,3
DA:176,4
DA:178,2
DA:179,1
DA:180,1
DA:184,2
DA:185,2
DA:188,2
DA:189,2
DA:190,2
DA:212,3
DA:213,6
DA:214,3
DA:216,6
DA:220,3
DA:222,5
DA:223,3
DA:225,5
DA:240,2
DA:246,4
DA:247,1
DA:255,4
DA:256,2
DA:277,1
DA:279,1
DA:280,3
DA:291,2
DA:292,2
DA:308,1
DA:310,1
DA:311,3
DA:317,1
DA:318,1
DA:334,1
DA:335,1
DA:340,0
DA:341,0
LF:42
LH:40
end_of_record
TN:
SF:/app/relvar-storage/src/storage/heap.rs
FN:32,deserialize_bounded
FN:40,serialize_compat
FN:45,serialized_size_compat
FN:162,SlotEntry::offset
FN:166,SlotEntry::length
FN:170,SlotEntry::set_offset
FN:174,SlotEntry::set_length
FN:180,VersionedSlotEntry::offset
FN:184,VersionedSlotEntry::length
FN:188,VersionedSlotEntry::set_offset
FN:192,VersionedSlotEntry::set_length
FN:242,HeapFile::create
FN:274,HeapFile::open
FN:315,HeapFile::insert_tuple
FN:329,HeapFile::check_tuple_size_limit
FN:352,HeapFile::repack_slots
FN:377,HeapFile::repack_and_verify_space
FN:407,HeapFile::repack_versioned_slots
FN:430,HeapFile::find_or_allocate_slot
FN:442,HeapFile::extract_tuples_from_slots
FN:461,HeapFile::extract_tuples_from_versioned_slots
FN:481,HeapFile::extract_all_tuples
FN:502,HeapFile::extract_all_versioned_tuples
FN:523,HeapFile::find_page_for_insertion
FN:541,HeapFile::try_insert_into_page
FN:610,HeapFile::serialize_slotted_page_with_tuples
FN:642,HeapFile::read_tuple
FN:681,HeapFile::read_tuple_versioned
FN:750,HeapFile::scan
FN:805,HeapFile::load_relation
FN:829,HeapFile::store_relation
FN:843,HeapFile::sync
FN:860,HeapFile::insert_tuple_versioned
FN:880,HeapFile::check_versioned_tuple_size_limit
FN:917,HeapFile::try_insert_into_page_versioned
FN:978,HeapFile::serialize_versioned_page_with_tuples
FN:1048,HeapFile::is_versioned_page
FN:1066,HeapFile::deserialize_versioned_page
FN:1102,HeapFile::deserialize_slotted_page
FN:1107,HeapFile::validate_slot_bounds
FN:1128,HeapFile::extract_tuple_from_page
FN:1140,HeapFile::extract_raw_tuple_data
FN:1183,HeapFile::update_tuple_versioned
FN:1254,HeapFile::delete_tuple_versioned
FN:1306,HeapFile::gc_remove_dead_versions
FN:1403,HeapFile::scan_visible
FNF:46
FNDA:8,deserialize_bounded
FNDA:7,serialize_compat
FNDA:4,serialized_size_compat
FNDA:1,SlotEntry::offset
FNDA:1,SlotEntry::length
FNDA:1,SlotEntry::set_offset
FNDA:1,SlotEntry::set_length
FNDA:4,VersionedSlotEntry::offset
FNDA:4,VersionedSlotEntry::length
FNDA:2,VersionedSlotEntry::set_offset
FNDA:2,VersionedSlotEntry::set_length
FNDA:3,HeapFile::create
FNDA:3,HeapFile::open
FNDA:1,HeapFile::insert_tuple
FNDA:2,HeapFile::check_tuple_size_limit
FNDA:1,HeapFile::repack_slots
FNDA:2,HeapFile::repack_and_verify_space
FNDA:2,HeapFile::repack_versioned_slots
FNDA:2,HeapFile::find_or_allocate_slot
FNDA:1,HeapFile::extract_tuples_from_slots
FNDA:0,HeapFile::extract_tuples_from_versioned_slots
FNDA:1,HeapFile::extract_all_tuples
FNDA:1,HeapFile::extract_all_versioned_tuples
FNDA:3,HeapFile::find_page_for_insertion
FNDA:1,HeapFile::try_insert_into_page
FNDA:1,HeapFile::serialize_slotted_page_with_tuples
FNDA:2,HeapFile::read_tuple
FNDA:1,HeapFile::read_tuple_versioned
FNDA:1,HeapFile::scan
FNDA:1,HeapFile::load_relation
FNDA:1,HeapFile::store_relation
FNDA:1,HeapFile::sync
FNDA:2,HeapFile::insert_tuple_versioned
FNDA:1,HeapFile::check_versioned_tuple_size_limit
FNDA:1,HeapFile::try_insert_into_page_versioned
FNDA:2,HeapFile::serialize_versioned_page_with_tuples
FNDA:2,HeapFile::is_versioned_page
FNDA:1,HeapFile::deserialize_versioned_page
FNDA:1,HeapFile::deserialize_slotted_page
FNDA:1,HeapFile::validate_slot_bounds
FNDA:1,HeapFile::extract_tuple_from_page
FNDA:4,HeapFile::extract_raw_tuple_data
FNDA:1,HeapFile::update_tuple_versioned
FNDA:1,HeapFile::delete_tuple_versioned
FNDA:1,HeapFile::gc_remove_dead_versions
FNDA:1,HeapFile::scan_visible
DA:32,8
DA:36,11
DA:40,7
DA:41,7
DA:45,4
DA:46,4
DA:47,12
DA:48,4
DA:162,1
DA:163,1
DA:166,1
DA:167,1
DA:170,1
DA:171,1
DA:174,1
DA:175,1
DA:180,4
DA:181,4
DA:184,4
DA:185,4
DA:188,2
DA:189,2
DA:192,2
DA:193,2
DA:242,3
DA:243,7
DA:244,3
DA:245,0
DA:246,3
DA:274,3
DA:275,6
DA:276,4
DA:277,0
DA:278,3
DA:315,1
DA:317,1
DA:320,4
DA:323,2
DA:324,5
DA:329,2
DA:333,2
DA:339,2
DA:343,1
DA:344,1
DA:346,1
DA:352,1
DA:357,1
DA:358,2
DA:359,1
DA:363,3
DA:364,3
DA:365,1
DA:366,2
DA:367,1
DA:368,1
DA:371,1
DA:377,2
DA:384,2
DA:388,2
DA:389,4
DA:392,4
DA:393,4
DA:394,2
DA:395,2
DA:396,0
DA:401,2
DA:407,2
DA:412,2
DA:413,4
DA:414,2
DA:418,6
DA:419,5
DA:420,2
DA:421,3
DA:422,2
DA:423,2
DA:426,2
DA:430,2
DA:431,13
DA:432,1
DA:434,2
DA:435,2
DA:436,6
DA:437,2
DA:442,1
DA:450,2
DA:452,1
DA:453,4
DA:454,2
DA:455,1
DA:457,1
DA:461,0
DA:469,0
DA:471,0
DA:472,0
DA:473,0
DA:474,0
DA:476,0
DA:481,1
DA:486,1
DA:488,2
DA:489,3
DA:490,2
DA:492,1
DA:494,2
DA:497,1
DA:502,1
DA:507,1
DA:509,2
DA:510,6
DA:511,5
DA:513,4
DA:515,2
DA:518,4
DA:523,3
DA:527,4
DA:528,0
DA:529,10
DA:530,6
DA:531,0
DA:532,4
DA:533,0
DA:535,2
DA:541,1
DA:547,1
DA:550,5
DA:552,1
DA:554,1
DA:556,1
DA:559,2
DA:560,2
DA:561,1
DA:565,2
DA:569,2
DA:570,2
DA:572,2
DA:576,2
DA:582,1
DA:585,3
DA:586,1
DA:588,1
DA:589,1
DA:594,1
DA:595,1
DA:600,1
DA:603,2
DA:604,3
DA:606,2
DA:610,1
DA:616,1
DA:619,1
DA:622,2
DA:625,1
DA:626,4
DA:627,1
DA:628,2
DA:629,2
DA:630,2
DA:635,1
DA:642,2
DA:643,2
DA:645,0
DA:646,0
DA:649,0
DA:651,0
DA:653,0
DA:654,0
DA:655,0
DA:658,0
DA:659,0
DA:660,0
DA:661,0
DA:663,0
DA:664,0
DA:665,0
DA:669,0
DA:670,0
DA:672,0
DA:681,1
DA:682,1
DA:684,2
DA:685,0
DA:688,2
DA:690,2
DA:692,1
DA:693,3
DA:694,1
DA:697,1
DA:698,1
DA:699,1
DA:700,1
DA:702,1
DA:703,0
DA:704,0
DA:708,2
DA:709,1
DA:711,1
DA:750,1
DA:751,1
DA:752,1
DA:756,2
DA:758,2
DA:763,2
DA:765,0
DA:766,0
DA:768,0
DA:772,3
DA:773,1
DA:774,2
DA:778,2
DA:781,1
DA:805,1
DA:806,2
DA:808,2
DA:809,1
DA:829,1
DA:830,3
DA:831,2
DA:833,1
DA:843,1
DA:844,1
DA:845,1
DA:860,2
DA:866,2
DA:870,4
DA:873,5
DA:874,2
DA:875,6
DA:880,1
DA:889,4
DA:905,3
DA:910,3
DA:911,1
DA:913,1
DA:917,1
DA:925,3
DA:928,7
DA:930,1
DA:933,1
DA:935,2
DA:938,2
DA:939,2
DA:940,1
DA:945,4
DA:949,3
DA:950,0
DA:952,4
DA:956,4
DA:964,3
DA:967,2
DA:971,5
DA:972,3
DA:974,2
DA:978,2
DA:984,2
DA:990,4
DA:991,0
DA:992,0
DA:996,2
DA:997,2
DA:998,2
DA:999,2
DA:1002,0
DA:1004,0
DA:1010,2
DA:1013,4
DA:1016,2
DA:1017,2
DA:1020,2
DA:1023,2
DA:1024,4
DA:1025,1
DA:1026,3
DA:1027,1
DA:1029,4
DA:1030,0
DA:1035,0
DA:1036,0
DA:1039,2
DA:1044,2
DA:1048,2
DA:1050,3
DA:1053,3
DA:1054,3
DA:1055,3
DA:1058,3
DA:1059,1
DA:1062,3
DA:1066,1
DA:1067,8
DA:1068,4
DA:1069,1
DA:1070,1
DA:1074,4
DA:1075,0
DA:1076,0
DA:1079,4
DA:1083,4
DA:1084,0
DA:1087,4
DA:1088,0
DA:1094,4
DA:1097,0
DA:1102,1
DA:1103,2
DA:1107,1
DA:1113,1
DA:1114,1
DA:1115,1
DA:1116,1
DA:1118,1
DA:1119,1
DA:1121,1
DA:1124,1
DA:1128,1
DA:1134,1
DA:1135,1
DA:1136,1
DA:1140,4
DA:1146,4
DA:1147,4
DA:1148,4
DA:1149,4
DA:1151,5
DA:1152,4
DA:1154,1
DA:1156,1
DA:1183,1
DA:1190,1
DA:1192,2
DA:1193,1
DA:1196,2
DA:1199,3
DA:1201,2
DA:1202,6
DA:1203,2
DA:1206,2
DA:1209,3
DA:1212,4
DA:1214,4
DA:1215,4
DA:1218,2
DA:1222,4
DA:1225,2
DA:1226,1
DA:1228,1
DA:1229,1
DA:1230,1
DA:1232,6
DA:1254,1
DA:1260,1
DA:1262,3
DA:1263,1
DA:1266,4
DA:1269,6
DA:1271,3
DA:1272,9
DA:1273,3
DA:1276,3
DA:1279,4
DA:1282,6
DA:1284,6
DA:1285,5
DA:1287,1
DA:1306,1
DA:1311,1
DA:1312,1
DA:1315,1
DA:1317,2
DA:1321,5
DA:1322,0
DA:1327,4
DA:1328,1
DA:1331,0
DA:1337,5
DA:1340,2
DA:1343,4
DA:1344,4
DA:1346,2
DA:1348,2
DA:1353,3
DA:1355,3
DA:1356,1
DA:1357,2
DA:1358,2
DA:1366,6
DA:1369,2
DA:1370,2
DA:1374,1
DA:1376,4
DA:1377,5
DA:1380,8
DA:1383,1
DA:1403,1
DA:1408,1
DA:1409,1
DA:1412,3
DA:1414,2
DA:1420,2
DA:1421,1
DA:1424,0
DA:1430,2
DA:1433,1
DA:1434,1
DA:1438,3
DA:1440,1
DA:1441,1
DA:1442,1
DA:1443,1
DA:1444,0
DA:1447,1
DA:1448,0
DA:1449,0
DA:1453,2
DA:1454,1
DA:1455,1
DA:1459,1
DA:1462,1
LF:418
LH:363
end_of_record
TN:
SF:/app/relvar-storage/src/storage/manager.rs
FN:33,StorageManager::new
FN:58,StorageManager::save_catalog
FN:65,StorageManager::convert_catalog_error
FN:79,StorageManager::convert_heap_error
FN:84,StorageManager::validate_relvar_name
FN:109,StorageManager::create_relation
FN:142,StorageManager::drop_relation
FN:165,StorageManager::relation_exists
FN:170,StorageManager::get_relation_metadata
FN:183,StorageManager::list_relations
FN:188,StorageManager::get_or_open_heap_file
FN:206,StorageManager::scan_relation
FN:235,StorageManager::insert_tuple
FN:250,StorageManager::store_relation
FN:295,StorageManager::flush_heap_files
FN:305,StorageManager::garbage_collect_versions
FNF:16
FNDA:3,StorageManager::new
FNDA:2,StorageManager::save_catalog
FNDA:1,StorageManager::convert_catalog_error
FNDA:0,StorageManager::convert_heap_error
FNDA:1,StorageManager::validate_relvar_name
FNDA:1,StorageManager::create_relation
FNDA:1,StorageManager::drop_relation
FNDA:1,StorageManager::relation_exists
FNDA:1,StorageManager::get_relation_metadata
FNDA:1,StorageManager::list_relations
FNDA:2,StorageManager::get_or_open_heap_file
FNDA:1,StorageManager::scan_relation
FNDA:2,StorageManager::insert_tuple
FNDA:2,StorageManager::store_relation
FNDA:1,StorageManager::flush_heap_files
FNDA:2,StorageManager::garbage_collect_versions
DA:33,3
DA:34,4
DA:36,6
DA:37,0
DA:38,0
DA:41,6
DA:43,7
DA:44,2
DA:46,5
DA:49,2
DA:50,2
DA:51,2
DA:52,2
DA:53,2
DA:58,2
DA:59,2
DA:60,2
DA:61,4
DA:65,1
DA:66,1
DA:67,0
DA:68,0
DA:70,0
DA:71,0
DA:73,1
DA:74,0
DA:79,0
DA:80,0
DA:84,1
DA:85,3
DA:86,1
DA:87,1
DA:91,4
DA:92,1
DA:98,4
DA:99,1
DA:105,1
DA:109,1
DA:114,7
DA:116,2
DA:117,2
DA:121,4
DA:124,5
DA:125,2
DA:128,6
DA:129,6
DA:130,2
DA:133,2
DA:136,4
DA:138,4
DA:142,1
DA:144,3
DA:146,1
DA:147,2
DA:150,2
DA:153,1
DA:156,1
DA:157,2
DA:158,1
DA:161,1
DA:165,1
DA:166,1
DA:170,1
DA:171,3
DA:173,1
DA:174,2
DA:176,1
DA:177,1
DA:178,1
DA:183,1
DA:184,1
DA:188,2
DA:189,2
DA:190,3
DA:192,1
DA:193,2
DA:195,3
DA:197,1
DA:199,2
DA:202,2
DA:206,1
DA:213,3
DA:215,1
DA:216,2
DA:219,1
DA:222,2
DA:225,1
DA:226,1
DA:227,1
DA:230,1
DA:231,1
DA:235,2
DA:241,3
DA:242,1
DA:243,2
DA:244,1
DA:245,3
DA:250,2
DA:257,4
DA:259,2
DA:260,2
DA:263,1
DA:265,0
DA:266,0
DA:274,1
DA:277,3
DA:279,2
DA:282,6
DA:283,2
DA:284,1
DA:285,2
DA:289,1
DA:291,1
DA:295,1
DA:296,2
DA:297,1
DA:299,1
DA:301,1
DA:305,2
DA:310,4
DA:311,4
DA:312,2
DA:314,2
LF:123
LH:112
end_of_record
TN:
SF:/app/relvar-storage/src/storage/page.rs
FN:122,Page::new
FN:149,Page::from_data
FN:172,Page::id
FN:177,Page::data
FN:186,Page::set_data
FN:211,Page::available_space
FN:216,Page::is_empty
FN:269,PageFile::create
FN:290,PageFile::open
FN:312,PageFile::read_page
FN:385,PageFile::write_page
FN:439,PageFile::write_page_buffered
FN:480,PageFile::sync
FNF:13
FNDA:1,Page::new
FNDA:2,Page::from_data
FNDA:2,Page::id
FNDA:1,Page::data
FNDA:1,Page::set_data
FNDA:1,Page::available_space
FNDA:1,Page::is_empty
FNDA:5,PageFile::create
FNDA:3,PageFile::open
FNDA:1,PageFile::read_page
FNDA:2,PageFile::write_page
FNDA:1,PageFile::write_page_buffered
FNDA:1,PageFile::sync
DA:122,1
DA:125,1
DA:149,2
DA:152,4
DA:153,1
DA:155,1
DA:172,2
DA:173,2
DA:177,1
DA:178,3
DA:186,1
DA:187,2
DA:188,0
DA:190,1
DA:191,1
DA:211,1
DA:212,1
DA:216,1
DA:217,1
DA:269,5
DA:270,6
DA:275,5
DA:276,3
DA:290,3
DA:291,6
DA:296,3
DA:297,3
DA:312,1
DA:314,1
DA:315,1
DA:316,1
DA:317,1
DA:320,1
DA:321,2
DA:324,1
DA:325,2
DA:329,1
DA:332,3
DA:333,1
DA:335,2
DA:339,3
DA:341,0
DA:347,3
DA:348,2
DA:351,2
DA:356,1
DA:359,4
DA:361,4
DA:362,0
DA:365,0
DA:369,3
DA:370,1
DA:385,2
DA:387,2
DA:389,2
DA:390,2
DA:391,1
DA:394,3
DA:397,2
DA:398,3
DA:401,1
DA:404,1
DA:405,0
DA:409,4
DA:410,1
DA:414,4
DA:415,2
DA:417,2
DA:439,1
DA:441,1
DA:443,1
DA:444,1
DA:445,1
DA:448,1
DA:451,2
DA:452,1
DA:455,1
DA:458,1
DA:459,0
DA:463,2
DA:464,1
DA:468,2
DA:470,1
DA:480,1
DA:481,1
DA:482,1
LF:86
LH:80
end_of_record
TN:
SF:/app/relvar-storage/src/wal/lsn.rs
FN:65,Lsn::new
FN:79,Lsn::next
FN:95,Lsn::value
FN:109,TransactionId::new
FN:125,TransactionId::value
FN:139,TransactionIdGenerator::new
FN:156,TransactionIdGenerator::from_start
FN:173,TransactionIdGenerator::generate
FN:180,<impl Default for TransactionIdGenerator>::default
FN:186,<impl Display for Lsn>::fmt
FN:192,<impl Display for TransactionId>::fmt
FNF:11
FNDA:4,Lsn::new
FNDA:1,Lsn::next
FNDA:1,Lsn::value
FNDA:4,TransactionId::new
FNDA:3,TransactionId::value
FNDA:1,TransactionIdGenerator::new
FNDA:1,TransactionIdGenerator::from_start
FNDA:4,TransactionIdGenerator::generate
FNDA:0,<impl Default for TransactionIdGenerator>::default
FNDA:0,<impl Display for Lsn>::fmt
FNDA:0,<impl Display for TransactionId>::fmt
DA:65,4
DA:79,1
DA:80,3
DA:95,1
DA:109,4
DA:125,3
DA:139,1
DA:141,1
DA:156,1
DA:158,1
DA:173,4
DA:174,4
DA:180,0
DA:181,0
DA:186,0
DA:187,0
DA:192,0
DA:193,0
LF:18
LH:12
end_of_record
TN:
SF:/app/relvar-storage/src/wal/manager.rs
FN:72,WalManager::create
FN:99,WalManager::open
FN:136,WalManager::log
FN:166,WalManager::flush
FN:190,WalManager::current_lsn
FN:198,WalManager::flush_lsn
FN:206,WalManager::buffer_size
FN:211,WalManager::is_buffer_empty
FN:224,WalManager::scan
FN:311,WalManager::scan_for_last_lsn
FNF:10
FNDA:2,WalManager::create
FNDA:2,WalManager::open
FNDA:1,WalManager::log
FNDA:2,WalManager::flush
FNDA:3,WalManager::current_lsn
FNDA:1,WalManager::flush_lsn
FNDA:1,WalManager::buffer_size
FNDA:1,WalManager::is_buffer_empty
FNDA:3,WalManager::scan
FNDA:1,WalManager::scan_for_last_lsn
DA:72,2
DA:73,5
DA:78,2
DA:81,6
DA:82,3
DA:84,4
DA:85,4
DA:86,4
DA:87,4
DA:88,0
DA:89,4
DA:99,2
DA:100,6
DA:103,3
DA:105,4
DA:107,2
DA:108,1
DA:109,1
DA:110,1
DA:116,5
DA:118,2
DA:119,2
DA:120,0
DA:121,2
DA:122,0
DA:123,0
DA:136,1
DA:137,6
DA:141,4
DA:142,1
DA:146,1
DA:147,4
DA:150,3
DA:152,1
DA:153,3
DA:155,1
DA:166,2
DA:167,1
DA:168,2
DA:172,1
DA:175,1
DA:178,1
DA:181,1
DA:183,1
DA:190,3
DA:191,1
DA:198,1
DA:199,1
DA:206,1
DA:207,1
DA:211,1
DA:212,1
DA:224,3
DA:228,3
DA:231,1
DA:232,2
DA:233,0
DA:235,0
DA:243,2
DA:244,1
DA:246,1
DA:247,2
DA:250,3
DA:251,3
DA:252,1
DA:254,1
DA:255,3
DA:257,1
DA:262,3
DA:264,2
DA:265,2
DA:266,2
DA:269,5
DA:271,1
DA:272,1
DA:273,1
DA:274,0
DA:275,0
DA:276,0
DA:279,2
DA:282,7
DA:283,1
DA:286,2
DA:287,0
DA:289,0
DA:293,4
DA:294,5
DA:295,5
DA:297,1
DA:298,1
DA:302,4
DA:304,1
DA:311,1
DA:315,1
DA:318,1
DA:319,1
DA:320,0
DA:322,0
DA:329,1
DA:330,1
DA:331,1
DA:332,1
DA:334,1
DA:335,1
DA:337,2
DA:339,1
DA:344,2
DA:346,1
DA:347,1
DA:348,1
DA:349,1
DA:352,4
DA:354,1
DA:355,1
DA:356,1
DA:357,0
DA:358,0
DA:359,0
DA:362,2
DA:365,3
DA:366,1
DA:370,2
DA:374,1
DA:378,3
DA:381,1
DA:383,2
LF:126
LH:110
end_of_record
TN:
SF:/app/relvar-storage/src/wal/record.rs
FN:143,WalRecord::serialize
FN:167,WalRecord::deserialize
FN:197,WalRecord::txn_id
FN:222,WalRecord::is_txn_end
FNF:4
FNDA:1,WalRecord::serialize
FNDA:2,WalRecord::deserialize
FNDA:1,WalRecord::txn_id
FNDA:1,WalRecord::is_txn_end
DA:143,1
DA:144,3
DA:146,4
DA:147,2
DA:150,1
DA:167,2
DA:169,2
DA:170,1
DA:174,3
DA:175,2
DA:197,1
DA:198,8
DA:199,1
DA:206,1
DA:222,1
DA:223,1
LF:16
LH:16
end_of_record
TN:
SF:/app/relvar-storage/src/wal/recovery.rs
FN:57,analyze
FN:125,recover
FNF:2
FNDA:3,analyze
FNDA:3,recover
DA:57,3
DA:59,3
DA:61,2
DA:62,1
DA:63,2
DA:66,3
DA:67,1
DA:68,1
DA:69,4
DA:71,1
DA:72,2
DA:74,1
DA:75,1
DA:83,1
DA:84,1
DA:85,3
DA:86,1
DA:87,2
DA:125,3
DA:127,5
DA:131,1
DA:132,4
DA:134,1
DA:136,2
DA:137,2
DA:138,2
DA:140,1
DA:143,2
DA:144,1
DA:149,2
DA:150,1
DA:151,1
DA:152,0
DA:155,2
DA:156,1
DA:157,1
DA:158,0
DA:163,1
DA:165,5
DA:166,1
DA:167,1
DA:168,1
DA:169,1
DA:170,1
DA:171,1
DA:173,1
DA:174,1
DA:175,1
DA:180,3
DA:181,3
DA:182,3
DA:183,3
LF:52
LH:50
end_of_record
