TN:
SF:/app/relvar/src/experimental/ecs.rs
FN:90,World<E>::new
FN:109,World<E>::spawn
FN:135,World<E>::register_component
FN:184,World<E>::add_component
FN:222,World<E>::remove_component
FN:246,World<E>::get_component
FN:288,World<E>::run_update_system
FN:351,World<E>::component_rel_name
FNF:8
FNDA:0,World<E>::new
FNDA:0,World<E>::spawn
FNDA:0,World<E>::register_component
FNDA:0,World<E>::add_component
FNDA:0,World<E>::remove_component
FNDA:0,World<E>::get_component
FNDA:0,World<E>::run_update_system
FNDA:0,World<E>::component_rel_name
DA:90,0
DA:92,0
DA:109,0
DA:110,0
DA:111,0
DA:112,0
DA:135,0
DA:137,0
DA:139,0
DA:140,0
DA:141,0
DA:142,0
DA:143,0
DA:146,0
DA:149,0
DA:150,0
DA:154,0
DA:155,0
DA:156,0
DA:157,0
DA:159,0
DA:184,0
DA:192,0
DA:195,0
DA:196,0
DA:198,0
DA:199,0
DA:201,0
DA:222,0
DA:223,0
DA:224,0
DA:226,0
DA:246,0
DA:247,0
DA:249,0
DA:251,0
DA:288,0
DA:292,0
DA:294,0
DA:295,0
DA:296,0
DA:297,0
DA:303,0
DA:306,0
DA:307,0
DA:309,0
DA:310,0
DA:311,0
DA:312,0
DA:314,0
DA:317,0
DA:318,0
DA:320,0
DA:321,0
DA:323,0
DA:326,0
DA:327,0
DA:335,0
DA:336,0
DA:337,0
DA:338,0
DA:339,0
DA:341,0
DA:344,0
DA:345,0
DA:346,0
DA:351,0
DA:352,0
LF:68
LH:0
end_of_record
TN:
SF:/app/relvar/src/experimental/search.rs
FNF:0
DA:148,0
DA:149,0
DA:150,0
DA:151,0
DA:152,0
DA:154,0
DA:155,0
DA:175,0
DA:179,0
DA:180,0
DA:181,0
DA:182,0
DA:183,0
DA:188,0
DA:189,0
DA:190,0
DA:191,0
DA:193,0
DA:194,0
DA:197,0
DA:200,0
DA:218,0
DA:219,0
DA:221,0
DA:223,0
DA:224,0
DA:225,0
DA:226,0
DA:230,0
DA:234,0
DA:236,0
DA:237,0
DA:238,0
DA:240,0
DA:246,0
DA:247,0
DA:248,0
DA:253,0
LF:38
LH:0
end_of_record
TN:
SF:/app/relvar/src/lib.rs
FNF:0
DA:199,0
LF:1
LH:0
end_of_record
TN:
SF:/app/relvar/src/tools/exporter.rs
FN:79,<impl PartialOrd for SortableTuple<'a>>::partial_cmp
FN:85,<impl Ord for SortableTuple<'a>>::cmp
FNF:2
FNDA:0,<impl PartialOrd for SortableTuple<'a>>::partial_cmp
FNDA:0,<impl Ord for SortableTuple<'a>>::cmp
DA:79,0
DA:80,0
DA:85,0
DA:89,0
LF:4
LH:0
end_of_record
TN:
SF:/app/relvar/src/tools/importer.rs
FN:124,from_json
FN:160,<impl DeserializeSeed for RelationSeed>::deserialize
FN:175,<impl Visitor for RelationVisitor>::expecting
FN:183,<impl Visitor for RelationVisitor>::visit_seq
FN:223,<impl DeserializeSeed for TupleSeed>::deserialize
FN:238,<impl Visitor for TupleVisitor>::expecting
FN:246,<impl Visitor for TupleVisitor>::visit_map
FN:279,<impl DeserializeSeed for ScalarValueSeed>::deserialize
FN:305,<impl Visitor for ScalarValueVisitor>::expecting
FN:313,<impl Visitor for ScalarValueVisitor>::visit_bool
FN:324,<impl Visitor for ScalarValueVisitor>::visit_i64
FN:337,<impl Visitor for ScalarValueVisitor>::visit_u64
FN:354,<impl Visitor for ScalarValueVisitor>::visit_f64
FN:365,<impl Visitor for ScalarValueVisitor>::visit_str
FN:383,<impl Visitor for ScalarValueVisitor>::visit_string
FN:390,<impl Visitor for ScalarValueVisitor>::visit_seq
FN:472,from_csv
FN:478,from_csv::read_line_safe
FNF:18
FNDA:0,from_json
FNDA:0,<impl DeserializeSeed for RelationSeed>::deserialize
FNDA:0,<impl Visitor for RelationVisitor>::expecting
FNDA:0,<impl Visitor for RelationVisitor>::visit_seq
FNDA:0,<impl DeserializeSeed for TupleSeed>::deserialize
FNDA:0,<impl Visitor for TupleVisitor>::expecting
FNDA:0,<impl Visitor for TupleVisitor>::visit_map
FNDA:0,<impl DeserializeSeed for ScalarValueSeed>::deserialize
FNDA:0,<impl Visitor for ScalarValueVisitor>::expecting
FNDA:0,<impl Visitor for ScalarValueVisitor>::visit_bool
FNDA:0,<impl Visitor for ScalarValueVisitor>::visit_i64
FNDA:0,<impl Visitor for ScalarValueVisitor>::visit_u64
FNDA:0,<impl Visitor for ScalarValueVisitor>::visit_f64
FNDA:0,<impl Visitor for ScalarValueVisitor>::visit_str
FNDA:0,<impl Visitor for ScalarValueVisitor>::visit_string
FNDA:0,<impl Visitor for ScalarValueVisitor>::visit_seq
FNDA:0,from_csv
FNDA:0,from_csv::read_line_safe
DA:124,0
DA:125,0
DA:126,0
DA:131,0
DA:132,0
DA:133,0
DA:135,0
DA:139,0
DA:140,0
DA:141,0
DA:145,0
DA:160,0
DA:161,0
DA:162,0
DA:175,0
DA:176,0
DA:183,0
DA:184,0
DA:187,0
DA:190,0
DA:191,0
DA:192,0
DA:193,0
DA:194,0
DA:195,0
DA:198,0
DA:199,0
DA:201,0
DA:202,0
DA:203,0
DA:206,0
DA:223,0
DA:224,0
DA:225,0
DA:238,0
DA:239,0
DA:246,0
DA:247,0
DA:249,0
DA:250,0
DA:252,0
DA:253,0
DA:255,0
DA:256,0
DA:259,0
DA:263,0
DA:279,0
DA:280,0
DA:282,0
DA:283,0
DA:285,0
DA:286,0
DA:287,0
DA:289,0
DA:290,0
DA:291,0
DA:305,0
DA:306,0
DA:313,0
DA:314,0
DA:316,0
DA:324,0
DA:325,0
DA:326,0
DA:327,0
DA:329,0
DA:337,0
DA:338,0
DA:339,0
DA:341,0
DA:343,0
DA:344,0
DA:346,0
DA:354,0
DA:355,0
DA:357,0
DA:365,0
DA:366,0
DA:367,0
DA:368,0
DA:369,0
DA:370,0
DA:373,0
DA:375,0
DA:383,0
DA:390,0
DA:391,0
DA:392,0
DA:393,0
DA:394,0
DA:395,0
DA:396,0
DA:397,0
DA:400,0
DA:402,0
DA:404,0
DA:408,0
DA:409,0
DA:412,0
DA:413,0
DA:414,0
DA:415,0
DA:416,0
DA:417,0
DA:420,0
DA:421,0
DA:423,0
DA:424,0
DA:425,0
DA:427,0
DA:429,0
DA:430,0
DA:431,0
DA:472,0
DA:473,0
DA:474,0
DA:475,0
DA:478,0
DA:482,0
DA:486,0
DA:487,0
DA:489,0
DA:490,0
DA:493,0
DA:494,0
DA:498,0
DA:499,0
DA:500,0
DA:501,0
DA:502,0
DA:506,0
DA:510,0
DA:511,0
DA:512,0
DA:515,0
DA:517,0
DA:520,0
DA:521,0
DA:522,0
DA:523,0
DA:524,0
DA:530,0
DA:531,0
DA:532,0
DA:533,0
DA:534,0
DA:535,0
DA:536,0
DA:540,0
DA:541,0
DA:542,0
DA:545,0
DA:547,0
DA:548,0
DA:549,0
DA:550,0
DA:551,0
DA:552,0
DA:556,0
DA:558,0
DA:559,0
DA:561,0
DA:562,0
DA:563,0
DA:564,0
DA:565,0
DA:566,0
DA:569,0
DA:573,0
DA:574,0
DA:576,0
DA:577,0
DA:578,0
DA:580,0
DA:583,0
DA:584,0
DA:585,0
DA:589,0
LF:178
LH:0
end_of_record
TN:
SF:/app/relvar/src/tools/visualizer.rs
FN:78,SchemaVisualizer<'a,E>::new
FN:99,SchemaVisualizer<'a,E>::to_dot
FNF:2
FNDA:0,SchemaVisualizer<'a,E>::new
FNDA:0,SchemaVisualizer<'a,E>::to_dot
DA:78,0
DA:99,0
DA:100,0
DA:101,0
DA:102,0
DA:103,0
DA:105,0
DA:108,0
DA:111,0
DA:112,0
DA:115,0
DA:116,0
DA:117,0
DA:119,0
DA:122,0
DA:125,0
DA:126,0
DA:128,0
DA:129,0
DA:130,0
DA:132,0
DA:133,0
DA:134,0
DA:138,0
DA:139,0
DA:141,0
DA:142,0
DA:143,0
DA:145,0
DA:146,0
DA:148,0
DA:153,0
DA:155,0
DA:156,0
DA:157,0
DA:160,0
DA:165,0
DA:166,0
DA:167,0
DA:168,0
DA:169,0
DA:171,0
DA:172,0
DA:173,0
DA:175,0
DA:176,0
DA:177,0
DA:183,0
DA:184,0
LF:49
LH:0
end_of_record
TN:
SF:/app/relvar-core/src/algebra/delta.rs
FN:76,Delta::new
FN:108,Delta::between
FN:151,Delta::apply
FN:191,Delta::invert
FN:226,Delta::compose
FNF:5
FNDA:3,Delta::new
FNDA:4,Delta::between
FNDA:2,Delta::apply
FNDA:1,Delta::invert
FNDA:2,Delta::compose
DA:76,3
DA:77,6
DA:78,3
DA:79,3
DA:82,0
DA:108,4
DA:109,3
DA:110,2
DA:112,2
DA:117,2
DA:118,2
DA:119,2
DA:122,2
DA:123,2
DA:124,2
DA:126,2
DA:151,2
DA:152,2
DA:153,2
DA:154,2
DA:159,1
DA:160,1
DA:161,1
DA:164,2
DA:165,1
DA:166,1
DA:168,1
DA:191,1
DA:193,1
DA:194,1
DA:226,2
DA:227,2
DA:228,2
DA:229,2
DA:236,2
DA:238,2
DA:239,1
DA:240,2
DA:242,2
DA:243,2
DA:244,4
DA:245,2
DA:246,2
DA:251,3
DA:253,2
DA:254,1
DA:255,2
DA:257,1
DA:258,1
DA:259,2
DA:260,1
DA:261,1
DA:263,2
DA:264,2
LF:54
LH:53
end_of_record
TN:
SF:/app/relvar-core/src/algebra/difference.rs
FN:102,Relation::difference
FN:143,Relation::minus
FN:172,Relation::difference_into
FN:203,Relation::minus_into
FNF:4
FNDA:2,Relation::difference
FNDA:1,Relation::minus
FNDA:2,Relation::difference_into
FNDA:1,Relation::minus_into
DA:102,2
DA:104,2
DA:105,1
DA:110,4
DA:111,2
DA:112,3
DA:113,5
DA:114,2
DA:143,1
DA:144,1
DA:172,2
DA:174,4
DA:175,1
DA:178,3
DA:179,1
DA:203,1
DA:204,1
LF:17
LH:17
end_of_record
TN:
SF:/app/relvar-core/src/algebra/divide.rs
FN:125,Relation::divide
FN:160,validate_division_compatibility
FN:184,compute_remainder_attributes
FN:202,project_onto_attrs
FN:209,filter_matching_candidates
FNF:5
FNDA:1,Relation::divide
FNDA:1,validate_division_compatibility
FNDA:1,compute_remainder_attributes
FNDA:1,project_onto_attrs
FNDA:1,filter_matching_candidates
DA:125,1
DA:126,1
DA:127,1
DA:130,1
DA:133,1
DA:136,2
DA:137,2
DA:141,2
DA:145,2
DA:150,2
DA:154,1
DA:160,1
DA:164,2
DA:166,1
DA:168,1
DA:170,1
DA:172,1
DA:173,1
DA:174,1
DA:179,1
DA:184,1
DA:190,3
DA:194,2
DA:195,1
DA:198,1
DA:202,1
DA:203,3
DA:204,2
DA:209,1
DA:219,1
DA:223,2
DA:225,2
DA:227,2
DA:228,1
DA:229,1
DA:230,1
DA:231,3
DA:232,1
DA:235,1
DA:236,1
DA:237,1
DA:241,1
LF:42
LH:42
end_of_record
TN:
SF:/app/relvar-core/src/algebra/extend.rs
FN:80,Relation::extend
FN:131,create_extended_tuple
FNF:2
FNDA:7,Relation::extend
FNDA:4,create_extended_tuple
DA:80,7
DA:90,14
DA:91,2
DA:95,12
DA:96,6
DA:98,12
DA:99,12
DA:110,12
DA:111,12
DA:112,10
DA:113,0
DA:114,0
DA:115,0
DA:116,0
DA:117,0
DA:126,4
DA:131,4
DA:141,4
DA:146,8
DA:147,2
DA:148,0
DA:149,0
DA:150,4
DA:151,4
DA:155,4
DA:156,4
DA:161,2
LF:27
LH:20
end_of_record
TN:
SF:/app/relvar-core/src/algebra/group.rs
FN:104,Relation::group
FN:148,Relation::ungroup
FN:170,validate_group_request
FN:210,build_group_result_heading
FN:254,group_tuples
FN:294,compute_grouped_tuples
FN:333,validate_ungroup_request
FN:355,build_ungroup_result_heading
FN:387,compute_ungrouped_tuples
FNF:9
FNDA:2,Relation::group
FNDA:3,Relation::ungroup
FNDA:2,validate_group_request
FNDA:1,build_group_result_heading
FNDA:2,group_tuples
FNDA:1,compute_grouped_tuples
FNDA:3,validate_ungroup_request
FNDA:3,build_ungroup_result_heading
FNDA:3,compute_ungrouped_tuples
DA:104,2
DA:106,2
DA:109,2
DA:115,2
DA:124,1
DA:125,1
DA:126,1
DA:148,3
DA:150,3
DA:153,6
DA:156,6
DA:161,3
DA:162,3
DA:163,4
DA:170,2
DA:175,2
DA:176,0
DA:180,4
DA:181,2
DA:182,1
DA:187,2
DA:188,1
DA:196,6
DA:197,6
DA:203,4
DA:204,1
DA:207,1
DA:210,1
DA:217,1
DA:220,3
DA:221,1
DA:224,1
DA:226,1
DA:230,1
DA:231,3
DA:232,1
DA:235,1
DA:237,1
DA:241,6
DA:242,3
DA:243,3
DA:246,1
DA:254,2
DA:260,3
DA:263,12
DA:267,3
DA:269,8
DA:271,2
DA:272,2
DA:273,4
DA:277,2
DA:278,4
DA:279,4
DA:282,1
DA:284,2
DA:285,4
DA:287,4
DA:291,1
DA:294,1
DA:302,2
DA:303,3
DA:305,2
DA:308,2
DA:309,2
DA:310,3
DA:311,1
DA:314,5
DA:315,6
DA:321,3
DA:322,6
DA:324,3
DA:325,3
DA:328,1
DA:333,3
DA:338,3
DA:339,2
DA:346,3
DA:349,3
DA:350,6
DA:351,2
DA:355,3
DA:360,3
DA:363,6
DA:364,9
DA:365,3
DA:368,3
DA:370,3
DA:371,3
DA:376,6
DA:377,3
DA:379,3
DA:381,3
DA:384,3
DA:387,3
DA:395,3
DA:396,6
DA:397,3
DA:398,6
DA:399,0
DA:402,3
DA:403,7
DA:405,6
DA:407,6
DA:408,3
DA:409,0
DA:413,3
DA:414,6
DA:415,6
DA:416,3
DA:421,4
DA:422,9
DA:423,6
DA:424,6
DA:425,3
DA:426,6
DA:427,6
DA:432,3
DA:433,3
DA:437,3
LF:119
LH:116
end_of_record
TN:
SF:/app/relvar-core/src/algebra/intersect.rs
FN:103,Relation::intersect
FN:121,Relation::intersect_into
FNF:2
FNDA:1,Relation::intersect
FNDA:1,Relation::intersect_into
DA:103,1
DA:105,1
DA:106,1
DA:111,2
DA:112,1
DA:113,4
DA:121,1
DA:123,2
DA:124,0
DA:127,3
DA:128,1
LF:11
LH:10
end_of_record
TN:
SF:/app/relvar-core/src/algebra/join.rs
FN:106,Relation::join
FN:224,Relation::theta_join
FN:245,compute_common_attributes
FN:258,compute_natural_join_heading
FN:272,build_join_map_single
FN:289,probe_and_combine_single
FN:322,<impl PartialEq for JoinKey<'t,'a>>::eq
FN:337,<impl Hash for JoinKey<'t,'a>>::hash
FN:347,build_join_map
FN:365,probe_and_combine
FN:392,determine_hash_join_sides
FN:404,perform_hash_join
FN:423,compute_theta_join_tuples
FN:454,combine_tuples
FN:483,merge_tuple_values
FN:500,merge_next_values
FNF:16
FNDA:1,Relation::join
FNDA:3,Relation::theta_join
FNDA:1,compute_common_attributes
FNDA:2,compute_natural_join_heading
FNDA:2,build_join_map_single
FNDA:2,probe_and_combine_single
FNDA:1,<impl PartialEq for JoinKey<'t,'a>>::eq
FNDA:1,<impl Hash for JoinKey<'t,'a>>::hash
FNDA:1,build_join_map
FNDA:1,probe_and_combine
FNDA:2,determine_hash_join_sides
FNDA:2,perform_hash_join
FNDA:3,compute_theta_join_tuples
FNDA:1,combine_tuples
FNDA:1,merge_tuple_values
FNDA:1,merge_next_values
DA:106,1
DA:107,1
DA:108,4
DA:110,4
DA:111,4
DA:114,4
DA:116,2
DA:121,2
DA:122,1
DA:123,1
DA:224,3
DA:230,6
DA:232,6
DA:233,6
DA:236,3
DA:240,3
DA:245,1
DA:246,1
DA:249,4
DA:258,2
DA:259,2
DA:262,4
DA:263,5
DA:264,1
DA:268,2
DA:272,2
DA:276,2
DA:277,0
DA:279,4
DA:280,4
DA:281,0
DA:283,2
DA:285,2
DA:289,2
DA:297,2
DA:299,4
DA:300,4
DA:301,0
DA:304,2
DA:305,1
DA:306,1
DA:310,1
DA:322,1
DA:325,2
DA:326,1
DA:327,2
DA:328,1
DA:329,0
DA:332,1
DA:337,1
DA:338,2
DA:339,2
DA:340,1
DA:347,1
DA:351,1
DA:352,0
DA:354,2
DA:359,2
DA:361,1
DA:365,1
DA:373,1
DA:375,2
DA:381,2
DA:382,1
DA:383,1
DA:387,1
DA:392,2
DA:396,3
DA:397,2
DA:399,1
DA:404,2
DA:410,2
DA:412,4
DA:413,2
DA:414,4
DA:416,1
DA:417,1
DA:423,3
DA:434,6
DA:435,3
DA:437,6
DA:438,6
DA:439,3
DA:440,0
DA:443,6
DA:444,3
DA:448,3
DA:454,1
DA:459,1
DA:470,1
DA:472,1
DA:473,1
DA:474,1
DA:483,1
DA:484,1
DA:485,1
DA:488,1
DA:490,0
DA:491,2
DA:492,0
DA:495,1
DA:500,1
DA:505,1
DA:506,1
DA:507,1
DA:510,1
DA:511,1
DA:512,1
DA:513,1
DA:515,1
DA:516,1
DA:519,1
DA:520,1
DA:522,1
DA:524,1
DA:526,1
DA:527,1
DA:528,1
DA:530,1
DA:532,1
DA:533,1
DA:534,1
DA:536,1
LF:123
LH:115
end_of_record
TN:
SF:/app/relvar-core/src/algebra/project.rs
FN:83,Relation::project
FN:116,Relation::project_into
FN:145,project_tuple_values
FN:181,project_tuple_values_owned
FNF:4
FNDA:2,Relation::project
FNDA:2,Relation::project_into
FNDA:3,project_tuple_values
FNDA:2,project_tuple_values_owned
DA:83,2
DA:85,2
DA:86,5
DA:87,8
DA:88,2
DA:93,2
DA:94,1
DA:97,5
DA:100,5
DA:105,8
DA:109,2
DA:116,2
DA:118,2
DA:119,4
DA:120,6
DA:121,2
DA:125,2
DA:126,1
DA:129,4
DA:130,5
DA:132,3
DA:134,7
DA:136,3
DA:145,3
DA:149,2
DA:150,3
DA:152,3
DA:153,3
DA:155,3
DA:157,4
DA:159,7
DA:160,2
DA:161,5
DA:162,2
DA:163,3
DA:165,3
DA:166,5
DA:168,0
DA:169,0
DA:174,5
DA:178,5
DA:181,2
DA:184,3
DA:185,5
DA:187,5
DA:188,2
DA:190,3
DA:192,1
DA:195,2
DA:198,2
DA:202,1
DA:206,2
LF:52
LH:50
end_of_record
TN:
SF:/app/relvar-core/src/algebra/rename.rs
FN:94,Relation::rename
FN:136,Relation::rename_into
FN:169,build_renamed_heading_and_names
FNF:3
FNDA:2,Relation::rename
FNDA:1,Relation::rename_into
FNDA:2,build_renamed_heading_and_names
DA:94,2
DA:95,2
DA:98,5
DA:99,7
DA:100,5
DA:103,9
DA:108,8
DA:109,4
DA:110,4
DA:111,12
DA:112,4
DA:120,8
DA:127,2
DA:136,1
DA:137,2
DA:138,0
DA:141,1
DA:144,2
DA:145,2
DA:148,3
DA:151,1
DA:152,1
DA:153,1
DA:154,3
DA:155,1
DA:160,2
DA:164,1
DA:169,2
DA:174,2
DA:179,4
DA:181,4
DA:183,5
DA:185,6
DA:186,6
DA:187,2
DA:189,2
DA:190,3
DA:193,2
LF:38
LH:37
end_of_record
TN:
SF:/app/relvar-core/src/algebra/restrict.rs
FN:82,Relation::restrict
FNF:1
FNDA:4,Relation::restrict
DA:82,4
DA:89,8
DA:90,14
LF:3
LH:3
end_of_record
TN:
SF:/app/relvar-core/src/algebra/semijoin.rs
FN:30,<impl PartialEq for SemijoinKey<'t,'a>>::eq
FN:45,<impl Hash for SemijoinKey<'t,'a>>::hash
FN:55,common_attributes
FN:117,Relation::semijoin
FN:182,Relation::matching
FN:238,Relation::semidifference
FN:302,Relation::not_matching
FNF:7
FNDA:2,<impl PartialEq for SemijoinKey<'t,'a>>::eq
FNDA:2,<impl Hash for SemijoinKey<'t,'a>>::hash
FNDA:2,common_attributes
FNDA:2,Relation::semijoin
FNDA:1,Relation::matching
FNDA:2,Relation::semidifference
FNDA:1,Relation::not_matching
DA:30,2
DA:33,4
DA:34,2
DA:35,4
DA:36,2
DA:37,2
DA:40,2
DA:45,2
DA:46,4
DA:47,4
DA:48,2
DA:55,2
DA:56,2
DA:59,6
DA:117,2
DA:118,2
DA:121,4
DA:122,2
DA:124,2
DA:127,2
DA:133,4
DA:135,4
DA:136,2
DA:138,2
DA:146,2
DA:147,2
DA:148,4
DA:149,2
DA:150,2
DA:151,2
DA:153,2
DA:155,2
DA:182,1
DA:183,1
DA:238,2
DA:239,2
DA:242,4
DA:243,2
DA:245,2
DA:248,2
DA:253,4
DA:255,4
DA:256,2
DA:258,2
DA:266,2
DA:267,2
DA:268,4
DA:269,3
DA:270,3
DA:271,2
DA:273,3
DA:275,2
DA:302,1
DA:303,1
LF:54
LH:54
end_of_record
TN:
SF:/app/relvar-core/src/algebra/summarize.rs
FN:150,Aggregation::count
FN:175,Aggregation::sum
FN:200,Aggregation::sum_float
FN:225,Aggregation::avg
FN:252,Aggregation::min
FN:279,Aggregation::max
FN:287,Aggregation::compute
FN:301,Aggregation::compute_count
FN:305,Aggregation::compute_sum
FN:339,Aggregation::compute_avg
FN:364,Aggregation::compute_avg_int
FN:385,Aggregation::compute_avg_float
FN:404,Aggregation::compute_extremum
FN:470,Relation::summarize
FN:494,Relation::compute_summarized_tuples
FN:524,Relation::validate_grouping_attributes
FN:533,Relation::build_result_heading
FN:563,Relation::group_tuples
FNF:18
FNDA:2,Aggregation::count
FNDA:1,Aggregation::sum
FNDA:1,Aggregation::sum_float
FNDA:1,Aggregation::avg
FNDA:1,Aggregation::min
FNDA:1,Aggregation::max
FNDA:2,Aggregation::compute
FNDA:1,Aggregation::compute_count
FNDA:1,Aggregation::compute_sum
FNDA:2,Aggregation::compute_avg
FNDA:1,Aggregation::compute_avg_int
FNDA:1,Aggregation::compute_avg_float
FNDA:2,Aggregation::compute_extremum
FNDA:1,Relation::summarize
FNDA:2,Relation::compute_summarized_tuples
FNDA:1,Relation::validate_grouping_attributes
FNDA:1,Relation::build_result_heading
FNDA:1,Relation::group_tuples
DA:150,2
DA:152,2
DA:175,1
DA:177,1
DA:179,2
DA:200,1
DA:202,1
DA:204,2
DA:225,1
DA:227,1
DA:229,2
DA:252,1
DA:254,1
DA:256,2
DA:279,1
DA:281,1
DA:283,2
DA:287,2
DA:288,2
DA:289,1
DA:290,1
DA:291,2
DA:292,1
DA:293,3
DA:295,1
DA:296,6
DA:301,1
DA:302,1
DA:305,1
DA:310,2
DA:311,1
DA:312,3
DA:313,1
DA:314,0
DA:319,1
DA:321,1
DA:323,1
DA:324,3
DA:325,3
DA:326,1
DA:331,3
DA:332,1
DA:335,1
DA:339,2
DA:344,1
DA:345,1
DA:350,4
DA:351,1
DA:354,1
DA:355,2
DA:356,2
DA:357,0
DA:359,0
DA:364,1
DA:369,1
DA:370,2
DA:371,1
DA:372,0
DA:377,1
DA:378,0
DA:381,1
DA:382,1
DA:385,1
DA:390,1
DA:391,2
DA:392,1
DA:393,0
DA:398,1
DA:400,1
DA:401,1
DA:404,2
DA:414,6
DA:415,4
DA:416,0
DA:417,0
DA:420,10
DA:421,2
DA:423,2
DA:425,4
DA:426,5
DA:427,0
DA:429,5
DA:430,2
DA:433,3
DA:470,1
DA:475,1
DA:476,1
DA:477,2
DA:478,2
DA:480,1
DA:482,2
DA:488,4
DA:489,1
DA:490,1
DA:494,2
DA:501,2
DA:502,5
DA:503,2
DA:506,4
DA:507,2
DA:511,3
DA:512,4
DA:513,2
DA:518,1
DA:519,1
DA:521,1
DA:524,1
DA:525,2
DA:526,1
DA:527,1
DA:530,1
DA:533,1
DA:538,1
DA:541,3
DA:542,1
DA:545,1
DA:547,1
DA:551,2
DA:552,2
DA:553,1
DA:554,1
DA:557,1
DA:558,1
DA:560,1
DA:563,1
DA:567,2
DA:569,1
DA:570,2
DA:571,2
DA:572,1
DA:575,1
DA:578,1
DA:579,2
DA:580,1
DA:581,1
DA:582,2
DA:585,1
DA:586,2
DA:588,2
DA:591,1
LF:140
LH:131
end_of_record
TN:
SF:/app/relvar-core/src/algebra/tclose.rs
FN:73,Relation::tclose
FN:78,Relation::validate_tclose_attributes
FN:117,Relation::compute_tclose
FN:162,perform_tclose_iteration
FN:191,compute_next_paths
FNF:5
FNDA:2,Relation::tclose
FNDA:2,Relation::validate_tclose_attributes
FNDA:1,Relation::compute_tclose
FNDA:1,perform_tclose_iteration
FNDA:1,compute_next_paths
DA:73,2
DA:74,2
DA:75,1
DA:78,2
DA:84,2
DA:85,1
DA:87,1
DA:91,2
DA:92,2
DA:93,1
DA:94,1
DA:95,1
DA:98,2
DA:99,1
DA:100,1
DA:101,1
DA:105,1
DA:106,1
DA:108,1
DA:109,1
DA:114,1
DA:117,1
DA:119,1
DA:120,1
DA:129,2
DA:133,2
DA:136,2
DA:141,2
DA:144,1
DA:147,1
DA:156,1
DA:162,1
DA:170,1
DA:174,3
DA:175,1
DA:180,2
DA:181,5
DA:182,1
DA:183,1
DA:186,1
DA:188,1
DA:191,1
DA:200,1
DA:203,2
DA:206,1
DA:210,1
DA:211,2
DA:212,3
LF:48
LH:48
end_of_record
TN:
SF:/app/relvar-core/src/algebra/union.rs
FN:97,Relation::union
FN:115,Relation::union_into
FNF:2
FNDA:1,Relation::union
FNDA:2,Relation::union_into
DA:97,1
DA:99,1
DA:100,1
DA:105,2
DA:106,1
DA:107,2
DA:115,2
DA:117,4
DA:118,0
DA:121,4
DA:122,2
DA:124,2
LF:12
LH:11
end_of_record
TN:
SF:/app/relvar-core/src/constraints/check.rs
FN:106,CheckConstraint::new
FN:125,CheckConstraint::name
FN:136,CheckConstraint::description
FN:147,CheckConstraint::expression
FN:162,CheckConstraint::is_satisfied_by
FN:175,CheckConstraint::referenced_attributes
FN:197,CheckConstraints::new
FN:210,CheckConstraints::with_constraint
FN:228,CheckConstraints::are_all_satisfied_by
FN:247,CheckConstraints::constraints
FN:258,CheckConstraints::referenced_attributes
FNF:11
FNDA:6,CheckConstraint::new
FNDA:2,CheckConstraint::name
FNDA:1,CheckConstraint::description
FNDA:0,CheckConstraint::expression
FNDA:3,CheckConstraint::is_satisfied_by
FNDA:4,CheckConstraint::referenced_attributes
FNDA:5,CheckConstraints::new
FNDA:5,CheckConstraints::with_constraint
FNDA:3,CheckConstraints::are_all_satisfied_by
FNDA:1,CheckConstraints::constraints
FNDA:4,CheckConstraints::referenced_attributes
DA:106,6
DA:112,6
DA:114,6
DA:125,2
DA:126,2
DA:136,1
DA:137,1
DA:147,0
DA:148,0
DA:162,3
DA:163,3
DA:164,3
DA:165,4
DA:175,4
DA:176,4
DA:197,5
DA:199,5
DA:210,5
DA:211,5
DA:212,5
DA:228,3
DA:229,6
DA:230,3
DA:231,3
DA:232,3
DA:233,3
DA:237,3
DA:247,1
DA:248,1
DA:258,4
DA:259,4
DA:260,8
DA:261,8
DA:263,4
LF:34
LH:32
end_of_record
TN:
SF:/app/relvar-core/src/constraints/expression.rs
FN:158,ConstraintExpression::referenced_attributes
FN:164,ConstraintExpression::collect_attributes
FN:216,ConstraintExpression::evaluate
FN:233,ConstraintExpression::evaluate_cmp
FN:250,ConstraintExpression::evaluate_in
FN:262,ConstraintExpression::evaluate_like
FN:292,ConstraintExpression::matches_pattern
FN:298,ConstraintExpression::matches_pattern_chars
FN:361,ConstraintExpression::prepare
FN:366,ConstraintExpression::resolve_value_or_ref
FN:382,ConstraintExpression::get_comparison_operands
FNF:11
FNDA:4,ConstraintExpression::referenced_attributes
FNDA:4,ConstraintExpression::collect_attributes
FNDA:8,ConstraintExpression::evaluate
FNDA:4,ConstraintExpression::evaluate_cmp
FNDA:2,ConstraintExpression::evaluate_in
FNDA:5,ConstraintExpression::evaluate_like
FNDA:4,ConstraintExpression::matches_pattern
FNDA:4,ConstraintExpression::matches_pattern_chars
FNDA:2,ConstraintExpression::prepare
FNDA:5,ConstraintExpression::resolve_value_or_ref
FNDA:5,ConstraintExpression::get_comparison_operands
DA:158,4
DA:159,4
DA:160,4
DA:161,4
DA:164,4
DA:165,5
DA:166,4
DA:167,4
DA:168,5
DA:169,1
DA:172,1
DA:173,1
DA:174,2
DA:176,0
DA:177,0
DA:179,0
DA:180,0
DA:182,1
DA:183,1
DA:216,8
DA:217,8
DA:218,5
DA:219,4
DA:221,2
DA:222,6
DA:224,1
DA:225,2
DA:227,2
DA:228,2
DA:229,5
DA:233,4
DA:239,4
DA:240,5
DA:241,1
DA:242,1
DA:243,2
DA:244,1
DA:245,4
DA:246,1
DA:250,2
DA:255,3
DA:256,2
DA:257,3
DA:259,3
DA:262,5
DA:263,4
DA:264,5
DA:265,5
DA:268,4
DA:269,4
DA:271,1
DA:272,1
DA:273,2
DA:279,5
DA:292,4
DA:294,4
DA:295,8
DA:298,4
DA:299,5
DA:303,4
DA:304,8
DA:307,8
DA:310,4
DA:311,14
DA:312,4
DA:314,9
DA:319,4
DA:321,9
DA:323,4
DA:324,9
DA:325,2
DA:329,4
DA:331,2
DA:334,4
DA:336,5
DA:339,10
DA:344,4
DA:347,4
DA:361,2
DA:362,2
DA:366,5
DA:370,5
DA:371,5
DA:372,1
DA:373,1
DA:374,1
DA:382,5
DA:387,6
DA:388,5
DA:389,8
DA:390,6
DA:394,5
DA:395,3
DA:396,3
DA:397,6
DA:401,5
LF:96
LH:92
end_of_record
TN:
SF:/app/relvar-core/src/constraints/foreign_key.rs
FN:143,ForeignKey::new
FN:170,ForeignKey::foreign_key_attributes
FN:181,ForeignKey::referenced_relation_name
FN:192,ForeignKey::referenced_attributes
FN:204,ForeignKey::is_satisfied_by
FN:261,ForeignKey::would_violate_on_insert
FN:305,ForeignKey::would_violate_on_delete
FN:343,extract_keys
FN:376,ForeignKeyConstraints::new
FN:389,ForeignKeyConstraints::with_foreign_key
FN:401,ForeignKeyConstraints::foreign_keys
FN:407,<impl Default for ForeignKeyConstraints>::default
FNF:12
FNDA:4,ForeignKey::new
FNDA:1,ForeignKey::foreign_key_attributes
FNDA:4,ForeignKey::referenced_relation_name
FNDA:1,ForeignKey::referenced_attributes
FNDA:4,ForeignKey::is_satisfied_by
FNDA:3,ForeignKey::would_violate_on_insert
FNDA:1,ForeignKey::would_violate_on_delete
FNDA:5,extract_keys
FNDA:4,ForeignKeyConstraints::new
FNDA:4,ForeignKeyConstraints::with_foreign_key
FNDA:4,ForeignKeyConstraints::foreign_keys
FNDA:0,<impl Default for ForeignKeyConstraints>::default
DA:143,4
DA:148,8
DA:149,1
DA:152,8
DA:153,1
DA:156,5
DA:157,4
DA:158,5
DA:159,5
DA:170,1
DA:171,1
DA:181,4
DA:182,4
DA:192,1
DA:193,1
DA:204,4
DA:210,8
DA:211,4
DA:212,1
DA:213,1
DA:219,8
DA:220,4
DA:221,1
DA:222,1
DA:228,5
DA:231,11
DA:234,11
DA:235,5
DA:236,5
DA:238,5
DA:239,6
DA:240,10
DA:241,5
DA:245,7
DA:246,4
DA:250,5
DA:261,3
DA:269,3
DA:270,8
DA:271,5
DA:272,8
DA:273,7
DA:274,3
DA:278,3
DA:279,3
DA:280,6
DA:281,3
DA:282,6
DA:283,3
DA:284,3
DA:285,2
DA:289,3
DA:290,3
DA:294,2
DA:305,1
DA:313,1
DA:314,2
DA:315,3
DA:316,4
DA:317,4
DA:318,1
DA:322,1
DA:323,1
DA:324,2
DA:325,1
DA:326,2
DA:327,1
DA:328,1
DA:329,1
DA:333,1
DA:334,1
DA:338,1
DA:343,5
DA:347,0
DA:349,8
DA:350,4
DA:351,4
DA:352,11
DA:353,7
DA:354,5
DA:355,6
DA:357,6
DA:376,4
DA:378,4
DA:389,4
DA:390,4
DA:391,4
DA:401,4
DA:402,4
DA:407,0
DA:408,0
LF:91
LH:88
end_of_record
TN:
SF:/app/relvar-core/src/constraints/key.rs
FN:128,CandidateKey::new
FN:143,CandidateKey::attributes
FN:154,CandidateKey::is_satisfied_by
FN:185,CandidateKey::would_violate
FN:203,CandidateKey::extract_key_value
FN:233,PrimaryKey::new
FN:246,PrimaryKey::attributes
FN:257,PrimaryKey::as_candidate_key
FN:268,PrimaryKey::is_satisfied_by
FN:279,PrimaryKey::would_violate
FN:303,KeyConstraints::new
FN:317,KeyConstraints::with_primary_key
FN:329,KeyConstraints::with_candidate_key
FN:341,KeyConstraints::primary_key
FN:352,KeyConstraints::candidate_keys
FN:363,KeyConstraints::are_satisfied_by
FN:388,KeyConstraints::would_violate_on_insert
FN:412,<impl Default for KeyConstraints>::default
FNF:18
FNDA:4,CandidateKey::new
FNDA:1,CandidateKey::attributes
FNDA:5,CandidateKey::is_satisfied_by
FNDA:3,CandidateKey::would_violate
FNDA:5,CandidateKey::extract_key_value
FNDA:4,PrimaryKey::new
FNDA:1,PrimaryKey::attributes
FNDA:0,PrimaryKey::as_candidate_key
FNDA:5,PrimaryKey::is_satisfied_by
FNDA:3,PrimaryKey::would_violate
FNDA:4,KeyConstraints::new
FNDA:4,KeyConstraints::with_primary_key
FNDA:1,KeyConstraints::with_candidate_key
FNDA:4,KeyConstraints::primary_key
FNDA:4,KeyConstraints::candidate_keys
FNDA:1,KeyConstraints::are_satisfied_by
FNDA:1,KeyConstraints::would_violate_on_insert
FNDA:0,<impl Default for KeyConstraints>::default
DA:128,4
DA:129,8
DA:130,1
DA:133,4
DA:143,1
DA:144,1
DA:154,5
DA:156,10
DA:157,5
DA:158,1
DA:159,1
DA:165,5
DA:167,14
DA:168,10
DA:169,10
DA:171,3
DA:175,4
DA:185,3
DA:190,3
DA:192,6
DA:193,6
DA:194,6
DA:195,2
DA:199,4
DA:203,5
DA:207,5
DA:208,10
DA:209,10
DA:210,10
DA:212,2
DA:215,5
DA:233,4
DA:234,4
DA:235,4
DA:246,1
DA:247,1
DA:257,0
DA:268,5
DA:269,5
DA:279,3
DA:284,3
DA:303,4
DA:306,4
DA:317,4
DA:318,8
DA:319,4
DA:329,1
DA:330,1
DA:331,1
DA:341,4
DA:342,5
DA:352,4
DA:353,4
DA:363,1
DA:365,1
DA:366,1
DA:368,0
DA:372,2
DA:373,1
DA:374,0
DA:378,1
DA:388,1
DA:394,1
DA:395,1
DA:397,1
DA:401,2
DA:402,1
DA:403,1
DA:407,0
DA:412,0
DA:413,0
LF:71
LH:65
end_of_record
TN:
SF:/app/relvar-core/src/constraints/manager.rs
FN:91,ConstraintManager::new
FN:102,ConstraintManager::remove_constraints_for_relation
FN:116,ConstraintManager::set_key_constraints
FN:144,ConstraintManager::set_foreign_key_constraints
FN:165,ConstraintManager::validate_foreign_keys_against_existing_data
FN:193,ConstraintManager::set_type_constraints
FN:224,ConstraintManager::validate_type_constraints_against_existing_data
FN:251,ConstraintManager::set_check_constraints
FN:274,ConstraintManager::validate_check_constraint_attributes
FN:295,ConstraintManager::validate_check_constraints_against_existing_data
FN:313,ConstraintManager::validate_tuple_type
FN:334,ConstraintManager::validate_type_constraints
FN:363,ConstraintManager::validate_check_constraints
FN:381,ConstraintManager::validate_key_constraints_single_tuple
FN:416,ConstraintManager::validate_tuple_content_constraints_bulk
FN:436,ConstraintManager::validate_tuple_content_constraints
FN:457,ConstraintManager::validate_foreign_keys_single_tuple
FN:491,ConstraintManager::validate_key_constraints_bulk
FN:522,ConstraintManager::get_key_constraints
FN:533,ConstraintManager::get_foreign_key_constraints
FN:547,ConstraintManager::validate_referencing_foreign_keys
FNF:21
FNDA:16,ConstraintManager::new
FNDA:2,ConstraintManager::remove_constraints_for_relation
FNDA:4,ConstraintManager::set_key_constraints
FNDA:5,ConstraintManager::set_foreign_key_constraints
FNDA:4,ConstraintManager::validate_foreign_keys_against_existing_data
FNDA:3,ConstraintManager::set_type_constraints
FNDA:3,ConstraintManager::validate_type_constraints_against_existing_data
FNDA:4,ConstraintManager::set_check_constraints
FNDA:4,ConstraintManager::validate_check_constraint_attributes
FNDA:3,ConstraintManager::validate_check_constraints_against_existing_data
FNDA:10,ConstraintManager::validate_tuple_type
FNDA:11,ConstraintManager::validate_type_constraints
FNDA:11,ConstraintManager::validate_check_constraints
FNDA:8,ConstraintManager::validate_key_constraints_single_tuple
FNDA:3,ConstraintManager::validate_tuple_content_constraints_bulk
FNDA:11,ConstraintManager::validate_tuple_content_constraints
FNDA:8,ConstraintManager::validate_foreign_keys_single_tuple
FNDA:4,ConstraintManager::validate_key_constraints_bulk
FNDA:4,ConstraintManager::get_key_constraints
FNDA:2,ConstraintManager::get_foreign_key_constraints
FNDA:3,ConstraintManager::validate_referencing_foreign_keys
DA:91,16
DA:92,18
DA:102,2
DA:103,2
DA:104,2
DA:105,2
DA:106,2
DA:116,4
DA:122,8
DA:123,1
DA:124,1
DA:129,8
DA:130,10
DA:132,0
DA:133,4
DA:134,4
DA:144,5
DA:150,10
DA:151,2
DA:152,2
DA:157,8
DA:158,9
DA:160,5
DA:161,5
DA:162,5
DA:165,4
DA:171,8
DA:172,4
DA:174,5
DA:175,5
DA:176,5
DA:178,2
DA:179,2
DA:183,5
DA:193,3
DA:200,7
DA:202,6
DA:203,0
DA:204,0
DA:205,0
DA:210,6
DA:211,8
DA:212,0
DA:213,0
DA:214,0
DA:217,4
DA:218,3
DA:220,3
DA:221,3
DA:224,3
DA:230,6
DA:231,6
DA:232,3
DA:233,3
DA:234,3
DA:236,1
DA:237,1
DA:241,3
DA:251,4
DA:257,8
DA:258,2
DA:259,2
DA:263,10
DA:266,3
DA:267,6
DA:269,3
DA:270,3
DA:271,3
DA:274,4
DA:281,4
DA:282,8
DA:284,11
DA:285,9
DA:286,2
DA:287,2
DA:288,2
DA:292,3
DA:295,3
DA:300,6
DA:301,5
DA:303,3
DA:313,10
DA:319,12
DA:320,21
DA:321,1
DA:323,11
DA:334,11
DA:339,11
DA:340,4
DA:341,2
DA:342,2
DA:343,0
DA:346,2
DA:353,11
DA:363,11
DA:368,11
DA:369,4
DA:371,8
DA:381,8
DA:387,10
DA:388,6
DA:389,3
DA:390,3
DA:391,3
DA:393,2
DA:396,6
DA:397,1
DA:398,1
DA:399,1
DA:401,1
DA:405,8
DA:416,3
DA:422,6
DA:423,3
DA:436,11
DA:442,11
DA:443,11
DA:444,10
DA:445,8
DA:457,8
DA:463,10
DA:464,0
DA:465,8
DA:466,16
DA:469,18
DA:470,3
DA:472,3
DA:473,4
DA:474,3
DA:476,2
DA:477,2
DA:481,10
DA:491,4
DA:496,4
DA:497,5
DA:498,5
DA:499,5
DA:501,3
DA:504,8
DA:505,1
DA:506,1
DA:507,1
DA:509,1
DA:512,5
DA:522,4
DA:523,4
DA:533,2
DA:537,2
DA:547,3
DA:554,8
DA:555,8
DA:556,4
DA:557,4
DA:559,3
DA:560,4
DA:561,3
DA:563,6
DA:564,0
DA:565,0
DA:571,2
LF:160
LH:149
end_of_record
TN:
SF:/app/relvar-core/src/constraints/prepared.rs
FN:58,PreparedConstraintExpression::evaluate
FN:104,PreparedConstraintExpression::evaluate_cmp
FN:121,<impl From for PreparedConstraintExpression>::from
FNF:3
FNDA:2,PreparedConstraintExpression::evaluate
FNDA:1,PreparedConstraintExpression::evaluate_cmp
FNDA:2,<impl From for PreparedConstraintExpression>::from
DA:58,2
DA:59,2
DA:60,2
DA:61,1
DA:64,1
DA:66,1
DA:67,3
DA:69,1
DA:70,2
DA:72,2
DA:73,1
DA:74,1
DA:75,1
DA:76,1
DA:77,1
DA:79,1
DA:80,1
DA:81,1
DA:82,1
DA:84,1
DA:85,1
DA:87,1
DA:88,1
DA:89,2
DA:95,1
DA:96,1
DA:97,1
DA:104,1
DA:109,1
DA:110,1
DA:111,1
DA:112,1
DA:113,1
DA:114,1
DA:115,1
DA:121,2
DA:122,2
DA:123,2
DA:127,3
DA:128,2
DA:131,3
DA:132,2
DA:134,1
DA:135,3
DA:137,1
DA:138,2
DA:139,1
DA:141,1
DA:142,2
DA:143,2
LF:50
LH:50
end_of_record
TN:
SF:/app/relvar-core/src/constraints/type_constraint.rs
FN:113,TypeConstraint::is_satisfied_by
FN:172,AttributeConstraints::new
FN:187,AttributeConstraints::with_constraint
FN:199,AttributeConstraints::attribute_name
FN:210,AttributeConstraints::scalar_type
FN:221,AttributeConstraints::constraints
FN:232,AttributeConstraints::is_satisfied_by
FNF:7
FNDA:3,TypeConstraint::is_satisfied_by
FNDA:3,AttributeConstraints::new
FNDA:3,AttributeConstraints::with_constraint
FNDA:0,AttributeConstraints::attribute_name
FNDA:0,AttributeConstraints::scalar_type
FNDA:0,AttributeConstraints::constraints
FNDA:3,AttributeConstraints::is_satisfied_by
DA:113,3
DA:114,3
DA:115,3
DA:117,4
DA:118,3
DA:120,1
DA:121,2
DA:122,3
DA:126,4
DA:128,1
DA:129,1
DA:131,1
DA:132,1
DA:133,2
DA:134,3
DA:139,1
DA:141,1
DA:142,3
DA:143,1
DA:144,2
DA:146,0
DA:147,0
DA:148,0
DA:172,3
DA:176,3
DA:187,3
DA:188,3
DA:189,3
DA:199,0
DA:200,0
DA:210,0
DA:211,0
DA:221,0
DA:222,0
DA:232,3
DA:234,4
DA:235,1
DA:236,1
DA:237,3
DA:242,6
DA:243,3
DA:244,3
DA:248,4
LF:43
LH:34
end_of_record
TN:
SF:/app/relvar-core/src/database/data.rs
FN:25,Database<E>::insert
FN:74,Database<E>::query
FN:142,Database<E>::delete
FN:243,Database<E>::update
FN:277,Database<E>::ensure_not_virtual
FN:287,Database<E>::validate_insert
FN:313,Database<E>::validate_relation_constraints
FNF:7
FNDA:10,Database<E>::insert
FNDA:9,Database<E>::query
FNDA:9,Database<E>::delete
FNDA:17,Database<E>::update
FNDA:9,Database<E>::ensure_not_virtual
FNDA:11,Database<E>::validate_insert
FNDA:3,Database<E>::validate_relation_constraints
DA:25,10
DA:26,16
DA:27,12
DA:30,10
DA:31,11
DA:74,9
DA:76,11
DA:77,2
DA:81,10
DA:142,9
DA:146,19
DA:149,8
DA:152,16
DA:153,0
DA:155,22
DA:156,0
DA:157,0
DA:158,0
DA:162,5
DA:163,5
DA:243,17
DA:253,35
DA:256,16
DA:259,33
DA:260,0
DA:262,38
DA:264,13
DA:265,0
DA:266,0
DA:267,0
DA:271,4
DA:272,4
DA:277,9
DA:278,17
DA:279,1
DA:280,1
DA:283,9
DA:287,11
DA:293,22
DA:294,11
DA:296,13
DA:297,0
DA:298,0
DA:299,0
DA:303,10
DA:304,20
DA:305,0
DA:306,0
DA:307,0
DA:310,8
DA:313,3
DA:319,3
DA:320,8
DA:321,5
DA:327,5
DA:328,0
DA:329,0
DA:330,0
DA:333,3
LF:59
LH:42
end_of_record
TN:
SF:/app/relvar-core/src/database/dml.rs
FN:10,compute_relation_after_delete
FN:36,compute_relation_after_update
FNF:2
FNDA:8,compute_relation_after_delete
FNDA:16,compute_relation_after_update
DA:10,8
DA:17,16
DA:18,8
DA:25,8
DA:26,8
DA:27,8
DA:28,24
DA:31,16
DA:33,8
DA:36,16
DA:45,32
DA:46,32
DA:47,32
DA:49,33
DA:50,32
DA:51,48
DA:52,32
DA:53,7
DA:54,7
DA:57,32
DA:59,32
DA:60,1
DA:63,15
DA:64,15
DA:71,15
DA:73,15
LF:26
LH:26
end_of_record
TN:
SF:/app/relvar-core/src/database/integrity.rs
FN:30,Database<E>::get_key_constraints
FN:65,Database<E>::get_foreign_key_constraints
FN:93,Database<E>::set_key_constraints
FN:136,Database<E>::set_foreign_key_constraints
FN:171,Database<E>::set_type_constraints
FN:217,Database<E>::set_check_constraints
FNF:6
FNDA:1,Database<E>::get_key_constraints
FNDA:1,Database<E>::get_foreign_key_constraints
FNDA:4,Database<E>::set_key_constraints
FNDA:5,Database<E>::set_foreign_key_constraints
FNDA:3,Database<E>::set_type_constraints
FNDA:4,Database<E>::set_check_constraints
DA:30,1
DA:31,1
DA:65,1
DA:69,1
DA:93,4
DA:98,9
DA:99,0
DA:100,5
DA:136,5
DA:141,7
DA:142,0
DA:143,0
DA:144,0
DA:171,3
DA:177,4
DA:178,0
DA:179,0
DA:180,0
DA:181,0
DA:217,4
DA:222,11
DA:223,0
DA:224,7
LF:23
LH:14
end_of_record
TN:
SF:/app/relvar-core/src/database/mod.rs
FN:166,Database<E>::new
FNF:1
FNDA:19,Database<E>::new
DA:166,19
DA:169,18
DA:172,15
LF:3
LH:3
end_of_record
TN:
SF:/app/relvar-core/src/database/schema.rs
FN:31,Database<E>::create_relvar
FN:71,Database<E>::drop_relvar
FN:96,Database<E>::relvar_exists
FN:125,Database<E>::list_relvars
FN:153,Database<E>::get_relvar_type
FN:205,Database<E>::define_virtual_relvar
FN:254,Database<E>::drop_virtual_relvar
FNF:7
FNDA:10,Database<E>::create_relvar
FNDA:2,Database<E>::drop_relvar
FNDA:3,Database<E>::relvar_exists
FNDA:0,Database<E>::list_relvars
FNDA:2,Database<E>::get_relvar_type
FNDA:3,Database<E>::define_virtual_relvar
FNDA:2,Database<E>::drop_virtual_relvar
DA:31,10
DA:36,36
DA:37,4
DA:40,10
DA:41,12
DA:71,2
DA:73,2
DA:76,2
DA:77,1
DA:96,3
DA:97,3
DA:125,0
DA:126,0
DA:127,0
DA:128,0
DA:153,2
DA:155,2
DA:156,2
DA:160,4
DA:161,1
DA:205,3
DA:211,6
DA:212,4
DA:215,6
DA:216,3
DA:217,3
DA:218,3
DA:219,0
DA:223,3
DA:254,2
DA:255,6
DA:256,2
DA:257,9
DA:258,1
LF:34
LH:29
end_of_record
TN:
SF:/app/relvar-core/src/database/tests.rs
FN:13,test_rel_type
FN:21,setup_parent_child_db
FNF:2
FNDA:1,test_rel_type
FNDA:1,setup_parent_child_db
DA:13,1
DA:15,1
DA:16,2
DA:17,1
DA:21,1
DA:23,1
DA:26,1
DA:27,1
DA:28,1
DA:31,1
DA:32,1
DA:33,1
DA:36,2
DA:37,1
DA:39,1
DA:40,2
DA:41,1
DA:44,1
LF:18
LH:18
end_of_record
TN:
SF:/app/relvar-core/src/database/transaction.rs
FN:32,Database<E>::begin
FN:67,Database<E>::commit
FN:100,Database<E>::rollback
FNF:3
FNDA:2,Database<E>::begin
FNDA:2,Database<E>::commit
FNDA:2,Database<E>::rollback
DA:32,2
DA:33,2
DA:34,2
DA:35,2
DA:39,4
DA:40,4
DA:41,2
DA:42,2
DA:67,2
DA:68,2
DA:69,2
DA:70,2
DA:74,2
DA:75,1
DA:78,1
DA:79,1
DA:100,2
DA:101,2
DA:102,2
DA:103,2
DA:107,4
DA:108,2
DA:111,2
DA:112,2
LF:24
LH:24
end_of_record
TN:
SF:/app/relvar-core/src/query/mod.rs
FN:197,Query::execute
FN:271,Query::explain
FN:275,Query::explain_recursive
FN:281,Query::format_explanation_node
FN:340,Query::scan
FN:359,Query::restrict
FN:374,Query::project
FN:389,Query::rename
FN:409,Query::join
FN:425,Query::summarize
FNF:10
FNDA:2,Query::execute
FNDA:1,Query::explain
FNDA:1,Query::explain_recursive
FNDA:1,Query::format_explanation_node
FNDA:2,Query::scan
FNDA:2,Query::restrict
FNDA:1,Query::project
FNDA:1,Query::rename
FNDA:1,Query::join
FNDA:1,Query::summarize
DA:197,2
DA:198,2
DA:199,3
DA:200,2
DA:201,4
DA:205,2
DA:208,2
DA:209,4
DA:210,2
DA:211,1
DA:212,1
DA:213,3
DA:214,1
DA:216,1
DA:221,2
DA:222,1
DA:225,1
DA:227,1
DA:228,3
DA:229,4
DA:230,1
DA:232,1
DA:233,2
DA:234,1
DA:236,3
DA:238,2
DA:240,1
DA:241,2
DA:242,2
DA:243,2
DA:245,1
DA:246,0
DA:247,0
DA:248,0
DA:249,0
DA:250,2
DA:252,4
DA:253,2
DA:254,2
DA:255,4
DA:271,1
DA:272,1
DA:275,1
DA:276,1
DA:277,2
DA:281,1
DA:282,1
DA:283,1
DA:284,1
DA:285,1
DA:289,2
DA:292,1
DA:293,1
DA:297,2
DA:300,1
DA:301,1
DA:305,2
DA:308,1
DA:309,1
DA:312,2
DA:313,2
DA:316,1
DA:321,1
DA:326,2
DA:340,2
DA:341,2
DA:359,2
DA:361,2
DA:374,1
DA:376,2
DA:377,4
DA:389,1
DA:391,2
DA:392,1
DA:409,1
DA:411,2
DA:412,1
DA:425,1
DA:431,2
DA:432,4
LF:80
LH:76
end_of_record
TN:
SF:/app/relvar-core/src/storage_engine/in_memory.rs
FN:64,InMemoryEngine::new
FN:74,<impl StorageEngine for InMemoryEngine>::create_relation
FN:96,<impl StorageEngine for InMemoryEngine>::drop_relation
FN:103,<impl StorageEngine for InMemoryEngine>::relation_exists
FN:107,<impl StorageEngine for InMemoryEngine>::get_relation_metadata
FN:114,<impl StorageEngine for InMemoryEngine>::list_relations
FN:118,<impl StorageEngine for InMemoryEngine>::load_relation
FN:125,<impl StorageEngine for InMemoryEngine>::store_relation
FN:143,<impl StorageEngine for InMemoryEngine>::insert_tuple
FN:157,<impl StorageEngine for InMemoryEngine>::begin_transaction
FN:168,<impl StorageEngine for InMemoryEngine>::rollback_transaction
FNF:11
FNDA:19,InMemoryEngine::new
FNDA:13,<impl StorageEngine for InMemoryEngine>::create_relation
FNDA:2,<impl StorageEngine for InMemoryEngine>::drop_relation
FNDA:11,<impl StorageEngine for InMemoryEngine>::relation_exists
FNDA:11,<impl StorageEngine for InMemoryEngine>::get_relation_metadata
FNDA:1,<impl StorageEngine for InMemoryEngine>::list_relations
FNDA:10,<impl StorageEngine for InMemoryEngine>::load_relation
FNDA:2,<impl StorageEngine for InMemoryEngine>::store_relation
FNDA:8,<impl StorageEngine for InMemoryEngine>::insert_tuple
FNDA:2,<impl StorageEngine for InMemoryEngine>::begin_transaction
FNDA:2,<impl StorageEngine for InMemoryEngine>::rollback_transaction
DA:64,19
DA:66,19
DA:74,13
DA:79,22
DA:80,2
DA:84,9
DA:85,13
DA:88,21
DA:91,20
DA:93,9
DA:96,2
DA:97,4
DA:98,2
DA:100,1
DA:103,11
DA:104,13
DA:107,11
DA:109,13
DA:110,33
DA:111,19
DA:114,1
DA:115,1
DA:118,10
DA:120,8
DA:121,27
DA:122,10
DA:125,2
DA:126,4
DA:128,2
DA:129,2
DA:132,2
DA:133,0
DA:139,4
DA:140,2
DA:143,8
DA:144,20
DA:146,13
DA:147,10
DA:149,19
DA:151,9
DA:152,8
DA:154,10
DA:157,2
DA:162,4
DA:165,2
DA:168,2
DA:170,4
DA:171,3
DA:172,1
DA:176,2
LF:50
LH:49
end_of_record
TN:
SF:/app/relvar-core/src/storage_engine/mod.rs
FN:143,StorageEngine::commit_transaction
FNF:1
FNDA:1,StorageEngine::commit_transaction
DA:143,1
DA:144,1
LF:2
LH:2
end_of_record
TN:
SF:/app/relvar-core/src/types/relation_type.rs
FN:101,RelationType::new
FN:123,RelationType::depth
FN:152,RelationType::heading
FN:184,RelationType::degree
FN:213,RelationType::tuple_type
FN:246,RelationType::has_attribute
FN:252,<impl Hash for RelationType>::hash
FNF:7
FNDA:31,RelationType::new
FNDA:6,RelationType::depth
FNDA:22,RelationType::heading
FNDA:5,RelationType::degree
FNDA:15,RelationType::tuple_type
FNDA:8,RelationType::has_attribute
FNDA:4,<impl Hash for RelationType>::hash
DA:101,31
DA:102,75
DA:103,2
DA:123,6
DA:124,7
DA:152,22
DA:184,5
DA:185,5
DA:213,15
DA:246,8
DA:247,8
DA:252,4
DA:254,3
LF:13
LH:13
end_of_record
TN:
SF:/app/relvar-core/src/types/scalar.rs
FN:247,ScalarType::name
FN:276,ScalarType::depth
FN:309,ScalarType::user_defined
FN:325,<impl Hash for ScalarType>::hash
FN:352,<impl PartialOrd for ScalarType>::partial_cmp
FN:358,<impl Ord for ScalarType>::cmp
FN:401,ScalarType::cmp_relation_types
FN:439,ScalarType::cmp_user_defined_types
FN:733,<impl TryFrom for ScalarType>::try_from
FNF:9
FNDA:5,ScalarType::name
FNDA:59,ScalarType::depth
FNDA:11,ScalarType::user_defined
FNDA:21,<impl Hash for ScalarType>::hash
FNDA:1,<impl PartialOrd for ScalarType>::partial_cmp
FNDA:5,<impl Ord for ScalarType>::cmp
FNDA:4,ScalarType::cmp_relation_types
FNDA:4,ScalarType::cmp_user_defined_types
FNDA:7,<impl TryFrom for ScalarType>::try_from
DA:247,5
DA:248,10
DA:249,5
DA:250,2
DA:251,4
DA:252,2
DA:253,2
DA:254,1
DA:255,2
DA:276,59
DA:277,59
DA:278,12
DA:279,16
DA:280,60
DA:309,11
DA:310,24
DA:311,2
DA:312,0
DA:313,0
DA:314,0
DA:318,12
DA:319,12
DA:325,21
DA:327,20
DA:330,23
DA:331,0
DA:332,0
DA:333,0
DA:334,0
DA:335,0
DA:336,6
DA:338,12
DA:340,3
DA:341,0
DA:342,0
DA:343,0
DA:344,3
DA:345,3
DA:352,1
DA:353,1
DA:358,5
DA:362,9
DA:372,4
DA:373,6
DA:374,3
DA:378,10
DA:379,4
DA:384,4
DA:385,3
DA:401,4
DA:406,4
DA:409,12
DA:414,12
DA:417,9
DA:419,4
DA:420,4
DA:421,12
DA:422,5
DA:424,2
DA:425,4
DA:426,4
DA:428,1
DA:430,3
DA:433,1
DA:435,2
DA:439,4
DA:446,4
DA:447,4
DA:448,1
DA:733,7
DA:734,7
DA:735,7
DA:736,1
DA:737,1
DA:738,1
DA:739,1
DA:740,2
DA:741,5
DA:746,15
DA:749,5
DA:754,14
DA:755,0
DA:757,0
DA:761,7
LF:84
LH:71
end_of_record
TN:
SF:/app/relvar-core/src/types/tuple_type.rs
FN:98,TupleType::new
FN:134,TupleType::with_attribute
FN:174,TupleType::get_attribute_type
FN:204,TupleType::has_attribute
FN:236,TupleType::attribute_names
FN:254,TupleType::depth
FN:289,TupleType::degree
FN:320,TupleType::attributes
FN:326,<impl Default for TupleType>::default
FN:332,<impl Hash for TupleType>::hash
FNF:10
FNDA:51,TupleType::new
FNDA:51,TupleType::with_attribute
FNDA:27,TupleType::get_attribute_type
FNDA:10,TupleType::has_attribute
FNDA:15,TupleType::attribute_names
FNDA:35,TupleType::depth
FNDA:26,TupleType::degree
FNDA:3,TupleType::attributes
FNDA:1,<impl Default for TupleType>::default
FNDA:20,<impl Hash for TupleType>::hash
DA:98,51
DA:100,50
DA:134,51
DA:135,104
DA:136,4
DA:137,0
DA:138,0
DA:139,0
DA:142,100
DA:143,50
DA:174,27
DA:175,27
DA:204,10
DA:205,12
DA:236,15
DA:237,18
DA:254,35
DA:255,38
DA:256,40
DA:257,112
DA:258,39
DA:259,35
DA:289,26
DA:290,28
DA:320,3
DA:326,1
DA:327,1
DA:332,20
DA:334,19
DA:338,39
DA:339,20
DA:340,20
LF:32
LH:29
end_of_record
TN:
SF:/app/relvar-core/src/utils/recursion.rs
FN:52,RecursionGuard::new
FN:66,<impl Drop for RecursionGuard>::drop
FN:80,deserialize_guarded
FNF:3
FNDA:10,RecursionGuard::new
FNDA:9,<impl Drop for RecursionGuard>::drop
FNDA:18,deserialize_guarded
DA:52,10
DA:53,19
DA:54,10
DA:55,20
DA:56,2
DA:58,19
DA:59,10
DA:66,9
DA:67,18
DA:68,9
DA:69,10
DA:70,9
DA:80,18
DA:85,36
DA:86,32
LF:15
LH:15
end_of_record
TN:
SF:/app/relvar-core/src/values/relation.rs
FN:155,<impl Hash for Relation>::hash
FN:178,<impl IntoIterator for Relation>::into_iter
FN:216,Relation::new
FN:239,Relation::with_capacity
FN:294,Relation::from_tuples
FN:341,Relation::from_tuples_unchecked
FN:365,Relation::from_body_unchecked
FN:400,Relation::relation_type
FN:435,Relation::cardinality
FN:469,Relation::degree
FN:520,Relation::insert
FN:565,Relation::contains
FN:606,Relation::tuples
FN:638,Relation::is_empty
FN:665,Relation::restrict_into
FNF:15
FNDA:4,<impl Hash for Relation>::hash
FNDA:5,<impl IntoIterator for Relation>::into_iter
FNDA:32,Relation::new
FNDA:0,Relation::with_capacity
FNDA:1,Relation::from_tuples
FNDA:33,Relation::from_tuples_unchecked
FNDA:2,Relation::from_body_unchecked
FNDA:15,Relation::relation_type
FNDA:9,Relation::cardinality
FNDA:4,Relation::degree
FNDA:16,Relation::insert
FNDA:2,Relation::contains
FNDA:11,Relation::tuples
FNDA:1,Relation::is_empty
FNDA:2,Relation::restrict_into
DA:155,4
DA:157,3
DA:160,4
DA:164,3
DA:165,7
DA:166,4
DA:167,3
DA:168,4
DA:170,3
DA:178,5
DA:179,6
DA:216,32
DA:219,27
DA:239,0
DA:242,0
DA:294,1
DA:298,2
DA:299,2
DA:301,1
DA:303,2
DA:307,1
DA:309,3
DA:310,2
DA:311,1
DA:314,2
DA:316,1
DA:317,1
DA:320,1
DA:323,1
DA:326,1
DA:327,1
DA:328,1
DA:341,33
DA:345,72
DA:346,71
DA:347,35
DA:349,104
DA:350,58
DA:365,2
DA:400,15
DA:401,16
DA:435,9
DA:436,9
DA:469,4
DA:470,4
DA:520,16
DA:522,38
DA:523,1
DA:526,38
DA:565,2
DA:566,1
DA:606,11
DA:607,12
DA:638,1
DA:639,1
DA:665,2
DA:669,6
DA:670,2
LF:58
LH:56
end_of_record
TN:
SF:/app/relvar-core/src/values/scalar.rs
FN:127,ScalarValue::select
FN:173,ScalarValue::scalar_type
FN:199,ScalarValue::is_type
FN:230,ScalarValue::observer
FN:240,ScalarValue::user_defined
FN:249,<impl Drop for ScalarValue>::drop
FN:271,<impl PartialEq for ScalarValue>::eq
FN:310,<impl Hash for ScalarValue>::hash
FN:349,<impl PartialOrd for ScalarValue>::partial_cmp
FN:358,<impl Ord for ScalarValue>::cmp
FN:362,<impl Ord for ScalarValue>::cmp::type_order
FN:403,ScalarValue::cmp_floats
FN:440,ScalarValue::cmp_relations
FN:452,ScalarValue::eq_user_defined_values
FN:487,ScalarValue::hash_user_defined_value
FN:515,ScalarValue::cmp_user_defined_values
FN:578,<impl TryFrom for ScalarValue>::try_from
FNF:17
FNDA:2,ScalarValue::select
FNDA:26,ScalarValue::scalar_type
FNDA:26,ScalarValue::is_type
FNDA:1,ScalarValue::observer
FNDA:1,ScalarValue::user_defined
FNDA:23,<impl Drop for ScalarValue>::drop
FNDA:7,<impl PartialEq for ScalarValue>::eq
FNDA:22,<impl Hash for ScalarValue>::hash
FNDA:6,<impl PartialOrd for ScalarValue>::partial_cmp
FNDA:6,<impl Ord for ScalarValue>::cmp
FNDA:7,<impl Ord for ScalarValue>::cmp::type_order
FNDA:3,ScalarValue::cmp_floats
FNDA:0,ScalarValue::cmp_relations
FNDA:2,ScalarValue::eq_user_defined_values
FNDA:2,ScalarValue::hash_user_defined_value
FNDA:1,ScalarValue::cmp_user_defined_values
FNDA:3,<impl TryFrom for ScalarValue>::try_from
DA:127,2
DA:131,2
DA:132,2
DA:133,6
DA:134,2
DA:135,4
DA:136,6
DA:139,1
DA:140,1
DA:141,1
DA:145,2
DA:146,1
DA:147,2
DA:148,3
DA:151,0
DA:173,26
DA:174,21
DA:175,21
DA:176,1
DA:177,13
DA:178,1
DA:179,1
DA:180,3
DA:181,3
DA:183,1
DA:199,26
DA:200,29
DA:230,1
DA:231,1
DA:232,2
DA:233,0
DA:240,1
DA:243,1
DA:249,23
DA:250,22
DA:252,3
DA:253,6
DA:254,6
DA:256,3
DA:258,6
DA:271,7
DA:272,7
DA:273,1
DA:276,14
DA:277,7
DA:278,2
DA:279,5
DA:280,1
DA:282,2
DA:285,2
DA:286,1
DA:287,1
DA:288,1
DA:289,2
DA:310,22
DA:311,21
DA:312,20
DA:313,22
DA:314,18
DA:316,1
DA:317,1
DA:318,1
DA:319,1
DA:321,1
DA:324,7
DA:325,7
DA:326,7
DA:328,0
DA:329,0
DA:330,0
DA:332,1
DA:333,1
DA:334,1
DA:336,5
DA:337,5
DA:338,5
DA:340,2
DA:341,4
DA:349,6
DA:350,6
DA:358,6
DA:362,7
DA:363,7
DA:374,7
DA:375,7
DA:376,0
DA:380,14
DA:381,7
DA:382,3
DA:383,1
DA:384,0
DA:385,0
DA:386,0
DA:387,1
DA:403,3
DA:406,3
DA:407,1
DA:408,1
DA:409,1
DA:413,3
DA:414,2
DA:415,2
DA:416,2
DA:418,2
DA:420,5
DA:421,2
DA:423,1
DA:427,2
DA:429,2
DA:433,2
DA:440,0
DA:446,0
DA:447,0
DA:448,0
DA:452,2
DA:458,2
DA:459,1
DA:462,2
DA:463,2
DA:464,3
DA:465,2
DA:466,1
DA:476,1
DA:477,0
DA:479,1
DA:480,1
DA:482,2
DA:487,2
DA:493,2
DA:494,2
DA:496,2
DA:497,0
DA:498,2
DA:499,1
DA:500,0
DA:501,0
DA:502,0
DA:503,1
DA:504,1
DA:505,1
DA:507,2
DA:508,2
DA:509,0
DA:515,1
DA:523,1
DA:526,1
DA:527,1
DA:528,2
DA:529,1
DA:530,1
DA:541,2
DA:542,2
DA:544,0
DA:546,1
DA:550,0
DA:578,3
DA:579,3
DA:580,1
DA:581,0
DA:582,2
DA:583,0
DA:584,1
DA:585,1
DA:586,3
DA:590,3
DA:591,2
DA:593,1
DA:595,2
DA:601,6
DA:604,4
DA:605,1
DA:607,2
DA:608,2
DA:612,1
DA:613,1
DA:614,1
LF:176
LH:153
end_of_record
TN:
SF:/app/relvar-core/src/values/tuple.rs
FN:49,arc_serde::serialize
FN:64,arc_serde::deserialize
FN:191,Tuple::new
FN:241,Tuple::new_unchecked
FN:257,Tuple::tuple_type
FN:272,Tuple::get
FN:287,Tuple::get_typed
FN:304,Tuple::attribute_names
FN:320,Tuple::values
FN:336,Tuple::into_values
FN:349,Tuple::degree
FN:368,Tuple::conforms_to
FN:402,Tuple::set
FN:424,<impl Hash for Tuple>::hash
FN:444,<impl TryFrom for &'astr>::try_from
FN:502,<impl From for ScalarValue>::from
FN:560,<impl TryFrom for i64>::try_from
FN:570,<impl TryFrom for f64>::try_from
FN:580,<impl TryFrom for String>::try_from
FN:590,<impl TryFrom for bool>::try_from
FN:600,<impl TryFrom for Vec<u8>>::try_from
FNF:21
FNDA:1,arc_serde::serialize
FNDA:1,arc_serde::deserialize
FNDA:24,Tuple::new
FNDA:6,Tuple::new_unchecked
FNDA:17,Tuple::tuple_type
FNDA:15,Tuple::get
FNDA:7,Tuple::get_typed
FNDA:0,Tuple::attribute_names
FNDA:4,Tuple::values
FNDA:2,Tuple::into_values
FNDA:1,Tuple::degree
FNDA:10,Tuple::conforms_to
FNDA:1,Tuple::set
FNDA:19,<impl Hash for Tuple>::hash
FNDA:1,<impl TryFrom for &'astr>::try_from
FNDA:0,<impl From for ScalarValue>::from
FNDA:5,<impl TryFrom for i64>::try_from
FNDA:1,<impl TryFrom for f64>::try_from
FNDA:1,<impl TryFrom for String>::try_from
FNDA:1,<impl TryFrom for bool>::try_from
FNDA:1,<impl TryFrom for Vec<u8>>::try_from
DA:49,1
DA:54,2
DA:64,1
DA:69,2
DA:70,2
DA:191,24
DA:196,55
DA:197,31
DA:200,116
DA:201,56
DA:202,58
DA:203,1
DA:204,1
DA:205,2
DA:206,3
DA:209,56
DA:211,1
DA:216,27
DA:217,1
DA:218,2
DA:219,1
DA:224,27
DA:225,30
DA:226,26
DA:241,6
DA:257,17
DA:258,16
DA:272,15
DA:273,15
DA:287,7
DA:291,21
DA:304,0
DA:305,0
DA:320,4
DA:321,3
DA:336,2
DA:337,3
DA:349,1
DA:350,1
DA:368,10
DA:370,23
DA:371,10
DA:372,1
DA:377,22
DA:378,22
DA:379,11
DA:380,1
DA:383,0
DA:387,11
DA:402,1
DA:404,4
DA:406,1
DA:407,4
DA:410,1
DA:411,1
DA:412,1
DA:413,2
DA:414,3
DA:418,2
DA:419,1
DA:424,19
DA:426,18
DA:429,19
DA:433,37
DA:434,17
DA:435,17
DA:444,1
DA:445,1
DA:446,0
DA:447,1
DA:457,563
DA:458,564
DA:461,1092
DA:462,1080
DA:463,2163
DA:466,565
DA:472,23
DA:473,18
DA:478,1
DA:479,1
DA:484,4
DA:485,4
DA:490,9
DA:491,9
DA:496,1
DA:497,1
DA:502,0
DA:503,0
DA:510,1
DA:511,1
DA:512,0
DA:513,1
DA:520,1
DA:521,1
DA:522,0
DA:523,1
DA:530,1
DA:531,1
DA:532,0
DA:533,1
DA:540,1
DA:541,1
DA:542,0
DA:543,1
DA:550,1
DA:551,1
DA:552,0
DA:553,1
DA:560,5
DA:561,5
DA:562,5
DA:563,1
DA:570,1
DA:571,1
DA:572,1
DA:573,1
DA:580,1
DA:581,1
DA:582,1
DA:583,1
DA:590,1
DA:591,1
DA:592,0
DA:593,1
DA:600,1
DA:601,1
DA:602,0
DA:603,1
LF:128
LH:115
end_of_record
TN:
SF:/app/relvar-core/tests/sentry_check_constraint_coverage.rs
FNF:0
DA:1,1
DA:6,3
DA:7,2
DA:10,1
DA:11,1
DA:13,1
DA:15,1
DA:17,2
DA:18,2
DA:19,1
DA:20,1
DA:21,2
LF:12
LH:12
end_of_record
TN:
SF:/app/relvar-core/tests/sentry_check_constraint_validation.rs
FNF:0
DA:1,1
DA:15,3
DA:16,1
DA:18,2
DA:19,1
DA:20,1
DA:24,1
DA:27,1
DA:28,1
DA:30,1
DA:32,1
DA:33,2
DA:36,1
DA:38,0
DA:39,2
DA:43,2
DA:44,1
DA:45,2
DA:46,1
DA:47,1
DA:48,0
DA:49,1
DA:52,1
DA:53,2
DA:54,2
LF:25
LH:23
end_of_record
TN:
SF:/app/relvar-core/tests/sentry_correctness.rs
FNF:0
DA:1,1
DA:6,2
DA:8,3
DA:9,1
DA:10,1
DA:13,2
DA:21,3
DA:22,1
DA:26,2
DA:27,1
DA:29,2
DA:32,3
DA:33,1
DA:34,1
DA:35,1
DA:37,3
DA:38,1
DA:40,2
DA:44,3
DA:48,1
DA:52,1
DA:53,1
DA:54,2
DA:55,1
DA:56,1
DA:57,0
DA:61,2
DA:62,2
DA:63,1
DA:66,1
DA:67,1
DA:69,1
DA:73,2
DA:74,2
DA:75,1
DA:76,2
DA:77,2
DA:80,3
DA:85,1
DA:86,1
DA:87,1
DA:89,1
DA:92,3
DA:93,1
DA:94,1
DA:95,1
DA:97,1
DA:99,1
DA:100,0
DA:103,1
DA:106,2
DA:107,2
DA:108,1
DA:109,2
LF:54
LH:52
end_of_record
TN:
SF:/app/relvar-core/tests/sentry_correctness_algebra.rs
FNF:0
DA:1,1
DA:10,3
DA:15,1
DA:16,1
DA:17,1
DA:19,1
DA:20,1
DA:22,2
DA:25,1
DA:27,2
DA:28,1
DA:29,1
DA:31,1
DA:33,1
DA:35,1
DA:36,2
DA:39,3
DA:44,1
DA:45,2
DA:47,2
DA:48,1
DA:49,1
DA:51,2
DA:52,1
DA:54,1
DA:55,1
DA:58,2
DA:62,3
DA:64,1
DA:66,1
DA:69,1
DA:72,2
DA:73,2
DA:76,3
DA:83,1
DA:84,2
DA:86,2
DA:87,1
DA:88,1
DA:90,2
DA:91,1
DA:93,1
DA:94,1
DA:97,2
DA:98,2
DA:102,2
DA:104,1
DA:106,1
DA:109,1
DA:111,2
DA:113,1
DA:124,2
DA:125,1
DA:126,0
DA:127,0
DA:129,0
DA:131,2
DA:134,3
DA:142,1
DA:144,1
DA:147,1
DA:149,1
DA:152,2
DA:153,2
DA:157,0
DA:158,1
DA:161,3
DA:164,3
DA:165,1
DA:166,1
DA:168,1
DA:169,1
DA:170,1
DA:171,1
DA:174,1
DA:175,2
DA:176,2
LF:77
LH:73
end_of_record
TN:
SF:/app/relvar-core/tests/sentry_database_data_coverage.rs
FNF:0
DA:1,1
DA:12,4
DA:13,4
DA:14,2
DA:15,4
DA:16,4
DA:17,2
DA:19,3
DA:20,1
DA:21,1
DA:22,3
DA:25,3
DA:26,1
DA:29,1
DA:30,1
DA:31,1
DA:32,1
DA:34,1
DA:36,1
DA:37,1
DA:38,2
DA:39,2
DA:40,1
DA:41,1
DA:43,2
DA:44,1
DA:45,1
DA:47,1
DA:48,1
DA:51,3
DA:52,2
DA:53,1
DA:54,2
DA:57,3
DA:58,1
DA:60,1
DA:61,1
DA:62,1
DA:64,1
DA:67,2
DA:69,1
DA:72,1
DA:74,2
DA:75,2
DA:78,2
DA:79,1
DA:80,2
DA:83,3
DA:84,1
DA:86,1
DA:87,1
DA:89,1
DA:91,4
DA:92,2
DA:93,1
DA:94,1
DA:95,2
DA:96,1
DA:99,1
DA:100,2
DA:101,1
DA:102,2
DA:105,3
DA:106,1
DA:108,1
DA:109,1
DA:110,1
DA:112,1
DA:115,2
DA:117,1
DA:120,1
DA:122,2
DA:123,1
DA:124,2
DA:127,3
DA:128,1
DA:130,2
DA:131,2
DA:132,1
DA:135,1
DA:136,2
DA:137,1
DA:138,2
DA:141,3
DA:142,1
DA:147,1
DA:148,1
DA:149,1
DA:150,1
DA:152,1
DA:154,1
DA:155,1
DA:156,2
DA:157,2
DA:158,1
DA:159,1
DA:161,2
DA:162,1
DA:163,1
DA:165,1
DA:166,1
DA:169,1
DA:171,2
DA:172,2
DA:174,2
DA:175,1
DA:176,2
DA:179,3
DA:180,1
DA:182,2
DA:183,2
DA:184,1
DA:186,1
DA:189,1
DA:191,2
DA:192,2
DA:194,2
DA:195,1
DA:196,2
DA:199,3
DA:200,1
DA:202,1
DA:203,1
DA:205,1
DA:207,4
DA:208,2
DA:209,1
DA:210,1
DA:211,2
DA:212,1
DA:215,1
DA:217,2
DA:218,2
DA:220,2
DA:221,1
DA:222,2
DA:225,3
DA:226,1
DA:228,1
DA:229,1
DA:230,1
DA:231,1
DA:233,1
DA:235,1
DA:236,1
DA:237,2
DA:238,2
DA:239,1
DA:240,1
DA:242,2
DA:243,1
DA:244,1
DA:247,1
DA:248,2
DA:249,1
DA:250,2
DA:253,3
DA:254,1
DA:256,1
DA:257,1
DA:258,1
DA:259,1
DA:261,1
DA:263,1
DA:264,1
DA:265,2
DA:266,2
DA:267,1
DA:268,1
DA:270,2
DA:271,1
DA:272,1
DA:274,1
DA:275,1
DA:278,1
DA:280,2
DA:281,2
DA:283,2
DA:284,1
DA:285,2
DA:288,3
DA:289,1
DA:291,1
DA:292,2
DA:293,2
DA:294,1
DA:295,1
DA:297,1
DA:299,1
DA:300,2
DA:301,1
DA:305,1
DA:307,2
DA:308,1
DA:309,1
DA:310,2
DA:311,1
DA:312,1
DA:313,1
DA:314,1
DA:317,2
DA:318,3
DA:319,3
DA:324,2
DA:327,3
DA:328,1
DA:331,1
DA:332,1
DA:333,1
DA:334,1
DA:336,1
DA:338,1
DA:339,1
DA:340,2
DA:341,2
DA:342,1
DA:343,1
DA:345,2
DA:346,1
DA:347,1
DA:349,1
DA:350,1
DA:353,1
DA:355,2
DA:356,1
DA:357,1
DA:358,2
DA:359,1
DA:360,1
DA:361,1
DA:362,1
DA:365,2
DA:366,3
DA:367,3
DA:372,2
DA:375,3
DA:376,1
DA:378,1
DA:379,1
DA:380,1
DA:381,1
DA:383,1
DA:385,1
DA:386,1
DA:387,2
DA:388,2
DA:389,1
DA:390,1
DA:392,2
DA:393,1
DA:394,1
DA:396,1
DA:397,1
DA:400,3
DA:402,2
DA:403,3
DA:404,3
DA:409,2
LF:258
LH:258
end_of_record
TN:
SF:/app/relvar-core/tests/sentry_database_dml_coverage.rs
FNF:0
DA:1,1
DA:8,3
DA:9,1
DA:10,1
DA:11,1
DA:12,1
DA:13,1
DA:15,1
DA:16,1
DA:19,1
DA:21,2
DA:22,2
DA:25,2
DA:26,1
DA:27,2
LF:15
LH:15
end_of_record
TN:
SF:/app/relvar-core/tests/sentry_database_integrity_coverage.rs
FNF:0
DA:1,1
DA:11,4
DA:12,4
DA:13,4
DA:14,4
DA:15,4
DA:16,4
DA:18,1
DA:19,1
DA:20,1
DA:21,1
DA:22,3
DA:25,3
DA:26,1
DA:28,2
DA:31,1
DA:32,2
DA:34,1
DA:35,2
DA:36,1
DA:37,2
DA:40,3
DA:41,1
DA:43,1
DA:44,1
DA:45,1
DA:46,1
DA:48,1
DA:51,1
DA:52,1
DA:54,1
DA:55,1
DA:56,2
DA:57,2
DA:58,1
DA:59,1
DA:60,2
DA:62,1
DA:63,2
DA:64,1
DA:65,2
DA:68,3
DA:69,1
DA:71,1
DA:72,1
DA:73,1
DA:77,2
DA:80,1
DA:81,2
DA:82,1
DA:83,2
DA:86,3
DA:87,1
DA:89,1
DA:90,1
DA:92,1
DA:98,4
DA:99,2
DA:100,1
DA:101,1
DA:102,2
DA:105,1
DA:106,2
DA:107,1
DA:108,2
DA:111,3
DA:112,1
DA:113,1
DA:114,1
DA:115,2
DA:116,3
DA:117,3
DA:122,2
DA:125,3
DA:126,1
DA:127,1
DA:128,1
DA:129,2
DA:130,3
DA:131,3
DA:136,2
DA:139,3
DA:140,1
DA:141,2
DA:142,1
DA:143,2
DA:145,1
DA:146,2
DA:149,3
DA:150,1
DA:151,1
DA:152,1
DA:153,2
DA:154,3
DA:155,3
DA:160,2
DA:163,3
DA:164,1
DA:165,2
DA:166,2
DA:167,1
DA:168,2
DA:169,2
DA:172,3
DA:173,1
DA:175,1
DA:176,1
DA:177,1
DA:178,1
DA:180,1
DA:182,1
DA:183,1
DA:185,1
DA:186,1
DA:187,2
DA:188,2
DA:189,1
DA:190,1
DA:191,2
DA:193,1
DA:194,2
DA:195,2
DA:198,3
DA:199,1
DA:201,1
DA:202,1
DA:203,1
DA:207,2
DA:209,1
DA:210,2
DA:211,2
DA:214,3
DA:215,1
DA:217,1
DA:218,1
DA:220,1
DA:226,4
DA:227,2
DA:228,1
DA:229,1
DA:230,2
DA:232,1
DA:233,2
DA:234,2
DA:237,3
DA:238,1
DA:241,2
DA:242,2
DA:243,1
DA:244,2
DA:245,1
DA:246,1
DA:247,1
DA:250,1
DA:251,2
DA:252,1
DA:253,1
DA:254,2
DA:255,2
DA:256,1
DA:257,1
DA:258,2
DA:259,1
DA:260,1
DA:261,1
DA:262,2
LF:166
LH:166
end_of_record
TN:
SF:/app/relvar-core/tests/sentry_database_schema_coverage.rs
FNF:0
DA:1,1
DA:7,3
DA:8,1
DA:9,1
DA:10,2
DA:11,1
DA:12,2
DA:15,3
DA:16,1
DA:17,1
DA:18,2
DA:19,1
DA:20,2
DA:23,3
DA:24,1
DA:25,2
DA:26,2
DA:27,0
DA:28,0
DA:30,0
DA:31,1
DA:33,1
DA:34,2
DA:35,1
DA:36,2
DA:39,3
DA:40,1
DA:41,2
DA:44,2
DA:47,1
DA:48,2
DA:49,2
DA:50,2
DA:53,2
DA:56,3
DA:57,1
DA:58,2
DA:61,2
DA:64,1
DA:65,0
DA:66,0
DA:68,0
DA:69,2
DA:70,2
DA:71,2
DA:74,2
DA:77,3
DA:78,1
DA:79,2
DA:81,2
DA:82,0
DA:83,0
DA:85,0
DA:86,1
DA:89,1
DA:90,0
DA:91,0
DA:93,0
DA:94,2
DA:95,2
DA:96,2
DA:99,2
DA:101,3
DA:102,1
DA:103,2
DA:105,2
DA:106,0
DA:107,0
DA:109,0
DA:110,1
DA:112,1
DA:113,2
DA:114,2
DA:115,2
DA:118,2
DA:121,3
DA:122,1
DA:123,1
DA:124,2
DA:125,1
DA:126,2
LF:81
LH:66
end_of_record
TN:
SF:/app/relvar-core/tests/sentry_database_transaction_coverage.rs
FNF:0
DA:1,1
DA:6,1
DA:7,1
DA:8,1
DA:9,1
DA:10,1
DA:12,1
DA:15,3
DA:16,1
DA:19,2
DA:20,3
DA:21,2
DA:22,2
DA:26,1
DA:27,3
DA:28,2
DA:29,2
DA:33,1
DA:34,1
DA:35,3
DA:36,2
DA:37,2
DA:41,1
DA:42,2
DA:45,3
DA:46,1
DA:49,3
DA:50,1
DA:51,1
DA:53,1
DA:54,1
DA:56,1
DA:57,3
DA:58,2
DA:59,2
DA:61,3
LF:36
LH:36
end_of_record
TN:
SF:/app/relvar-core/tests/sentry_database_update_fk_coverage.rs
FNF:0
DA:1,1
DA:10,3
DA:11,1
DA:14,1
DA:15,1
DA:16,1
DA:17,1
DA:19,1
DA:20,1
DA:21,2
DA:22,1
DA:25,1
DA:26,1
DA:27,1
DA:28,1
DA:30,1
DA:31,1
DA:32,1
DA:33,2
DA:34,2
DA:35,1
DA:36,1
DA:37,2
DA:38,1
DA:41,1
DA:42,1
DA:43,1
DA:44,1
DA:45,1
DA:46,1
DA:49,1
DA:51,2
DA:52,2
DA:54,2
DA:55,3
DA:56,3
DA:63,1
DA:64,1
DA:66,2
DA:67,2
DA:69,1
DA:70,1
DA:73,1
DA:74,1
DA:76,2
DA:77,2
DA:79,1
DA:80,1
DA:81,2
LF:49
LH:49
end_of_record
TN:
SF:/app/relvar-core/tests/sentry_delta_coverage.rs
FNF:0
DA:1,1
DA:7,3
DA:8,1
DA:9,1
DA:11,2
DA:12,1
DA:14,2
DA:15,1
DA:17,1
DA:18,2
DA:20,2
DA:21,0
DA:22,2
DA:24,1
DA:25,0
DA:27,2
LF:16
LH:14
end_of_record
TN:
SF:/app/relvar-core/tests/sentry_delta_error_paths.rs
FNF:0
DA:1,1
DA:6,4
DA:7,4
DA:8,4
DA:10,2
DA:11,2
DA:12,4
DA:15,3
DA:16,1
DA:17,2
DA:19,1
DA:20,1
DA:21,3
DA:24,3
DA:25,1
DA:26,2
DA:28,1
DA:29,1
DA:30,3
DA:33,3
DA:34,1
DA:35,2
DA:36,2
DA:38,2
DA:39,1
DA:40,1
DA:41,3
DA:44,3
DA:45,1
DA:46,2
DA:47,2
DA:48,2
DA:50,2
DA:51,2
DA:53,1
DA:54,1
DA:55,3
LF:37
LH:37
end_of_record
TN:
SF:/app/relvar-core/tests/sentry_extend_coverage.rs
FNF:0
DA:1,1
DA:9,3
DA:10,1
DA:11,1
DA:12,2
DA:15,2
DA:16,1
DA:17,2
DA:19,1
DA:20,1
DA:21,0
DA:22,2
DA:26,1
DA:27,0
DA:29,2
DA:32,3
DA:33,1
DA:34,1
DA:38,2
DA:40,2
DA:41,1
DA:42,2
DA:43,2
LF:23
LH:21
end_of_record
TN:
SF:/app/relvar-core/tests/sentry_group_coverage.rs
FNF:0
DA:1,1
DA:9,3
DA:10,1
DA:11,1
DA:12,1
DA:13,1
DA:14,2
DA:17,1
DA:18,1
DA:19,1
DA:20,0
DA:22,2
DA:25,3
DA:26,1
DA:27,1
DA:28,1
DA:29,1
DA:30,2
DA:33,1
DA:34,1
DA:35,1
DA:36,0
DA:38,2
DA:41,3
DA:42,1
DA:43,1
DA:44,1
DA:45,1
DA:46,2
DA:49,1
DA:50,1
DA:51,1
DA:52,0
DA:54,2
DA:57,3
DA:58,1
DA:59,1
DA:60,2
DA:62,1
DA:63,1
DA:64,1
DA:66,2
DA:68,2
DA:69,2
DA:71,1
DA:72,2
DA:73,1
DA:74,1
DA:75,1
DA:77,1
DA:78,1
DA:79,0
DA:80,0
DA:81,0
DA:82,0
DA:83,0
DA:84,0
DA:85,0
DA:87,0
DA:88,2
LF:60
LH:49
end_of_record
TN:
SF:/app/relvar-core/tests/sentry_project_coverage.rs
FNF:0
DA:1,1
DA:6,3
DA:7,1
DA:8,1
DA:9,1
DA:11,1
DA:12,2
DA:15,2
DA:16,1
DA:18,1
DA:19,1
DA:21,1
DA:23,2
DA:24,1
DA:25,2
DA:28,3
DA:29,1
DA:30,1
DA:31,1
DA:33,1
DA:35,2
DA:38,1
DA:39,2
DA:42,1
DA:43,1
DA:44,1
DA:45,1
DA:46,1
DA:47,2
DA:48,1
DA:49,2
DA:50,2
DA:53,3
DA:54,1
DA:55,1
DA:56,1
DA:57,1
DA:59,1
DA:62,2
DA:63,1
DA:66,1
DA:67,2
DA:70,1
DA:71,1
DA:72,1
DA:73,1
DA:74,1
DA:75,1
DA:77,2
DA:78,1
DA:79,1
DA:80,2
DA:81,2
DA:84,3
DA:85,1
DA:86,1
DA:87,1
DA:89,1
DA:90,2
DA:94,1
DA:95,2
DA:98,1
DA:99,1
DA:100,1
DA:101,1
DA:102,1
DA:103,2
DA:104,1
DA:105,2
DA:106,2
DA:109,3
DA:110,1
DA:111,1
DA:112,1
DA:114,1
DA:115,2
DA:117,1
DA:118,2
DA:120,1
DA:121,1
DA:122,1
DA:123,1
DA:124,1
DA:125,2
DA:126,1
DA:127,2
DA:128,2
DA:131,3
DA:132,1
DA:133,1
DA:134,1
DA:136,1
DA:137,2
DA:139,1
DA:140,2
DA:141,2
LF:96
LH:96
end_of_record
TN:
SF:/app/relvar-core/tests/sentry_relation_type_coverage.rs
FNF:0
DA:1,1
DA:7,4
DA:8,1
DA:11,3
DA:12,2
DA:15,1
DA:19,1
DA:20,1
LF:8
LH:8
end_of_record
TN:
SF:/app/relvar-core/tests/sentry_scalar_type_coverage.rs
FNF:0
DA:1,1
DA:6,3
DA:7,1
DA:8,2
DA:10,1
DA:11,1
DA:12,2
DA:13,1
DA:14,0
DA:16,2
DA:19,3
DA:20,1
DA:21,2
DA:23,1
DA:24,1
DA:25,2
DA:26,1
DA:27,0
DA:29,2
DA:32,3
DA:33,1
DA:35,1
DA:36,1
DA:37,1
DA:39,2
DA:40,2
DA:42,2
DA:43,1
DA:44,2
DA:47,3
DA:48,1
DA:50,2
DA:52,2
DA:53,2
DA:55,2
DA:56,1
DA:57,2
DA:60,3
DA:61,1
DA:63,2
DA:65,2
DA:66,2
DA:68,2
DA:69,1
DA:70,2
DA:73,3
DA:76,1
DA:77,2
DA:81,4
DA:82,1
DA:83,3
DA:85,2
DA:87,1
DA:91,4
DA:92,1
DA:93,3
DA:94,2
DA:95,1
DA:97,1
DA:101,4
DA:102,1
DA:103,3
DA:104,1
DA:105,2
DA:109,0
DA:110,1
DA:113,3
DA:115,1
DA:116,2
DA:119,1
DA:120,2
DA:123,1
DA:124,2
DA:127,1
DA:128,2
DA:131,1
DA:132,2
DA:135,1
DA:136,1
DA:138,2
DA:141,1
DA:142,2
DA:143,2
DA:146,3
DA:147,1
DA:148,1
DA:149,1
DA:151,1
DA:152,1
DA:153,1
DA:155,2
DA:156,2
DA:162,2
DA:163,1
DA:164,2
DA:167,3
DA:168,1
DA:169,1
DA:170,1
DA:171,1
DA:172,1
DA:174,1
DA:175,1
DA:177,2
DA:179,1
DA:180,2
DA:181,2
DA:184,3
DA:185,1
DA:186,1
DA:189,2
DA:190,1
DA:191,2
DA:194,3
DA:195,1
DA:196,1
DA:197,2
DA:201,4
DA:202,1
DA:203,3
DA:204,2
DA:206,1
DA:209,3
DA:213,1
DA:216,1
DA:217,1
DA:218,1
DA:219,1
DA:220,1
DA:221,2
DA:224,3
DA:225,1
DA:231,1
DA:232,2
DA:233,1
DA:234,1
DA:235,1
DA:236,1
DA:238,2
DA:239,1
DA:240,1
DA:241,0
DA:243,2
DA:246,3
DA:247,1
DA:248,1
DA:250,0
DA:252,1
DA:253,2
DA:254,2
DA:257,3
DA:261,1
DA:263,1
DA:264,1
DA:265,1
DA:267,1
DA:268,1
DA:269,1
DA:272,3
DA:273,1
DA:274,1
DA:275,1
DA:277,1
DA:278,1
DA:279,1
DA:281,2
DA:282,2
DA:286,2
DA:287,2
DA:290,3
DA:292,1
DA:293,3
DA:294,3
DA:297,0
DA:300,1
DA:301,2
DA:302,2
LF:177
LH:171
end_of_record
TN:
SF:/app/relvar-core/tests/sentry_semijoin_coverage.rs
FNF:0
DA:1,1
DA:6,3
DA:7,1
DA:8,1
DA:9,1
DA:10,1
DA:12,2
DA:13,2
DA:14,1
DA:16,1
DA:17,1
DA:18,1
DA:19,1
DA:21,1
DA:22,2
DA:23,2
DA:26,3
DA:27,1
DA:28,1
DA:29,1
DA:30,1
DA:32,2
DA:33,2
DA:34,1
DA:36,1
DA:37,1
DA:38,1
DA:39,1
DA:41,1
DA:42,2
DA:45,1
DA:46,2
DA:48,1
DA:49,2
DA:51,1
DA:53,2
DA:54,1
DA:55,1
DA:56,2
DA:57,2
DA:60,3
DA:61,1
DA:62,1
DA:63,1
DA:65,1
DA:66,1
DA:67,1
DA:68,1
DA:70,2
DA:72,2
DA:73,1
DA:74,2
DA:75,1
DA:78,1
DA:79,2
DA:80,1
DA:81,2
DA:82,1
DA:85,1
DA:86,2
DA:87,2
LF:61
LH:61
end_of_record
TN:
SF:/app/relvar-core/tests/sentry_stack_overflow.rs
FNF:0
DA:1,1
DA:7,3
DA:8,1
DA:9,1
DA:12,3
DA:13,1
DA:14,1
DA:15,1
DA:16,0
DA:18,2
DA:21,3
DA:22,1
DA:23,1
DA:24,1
DA:26,3
DA:27,1
DA:28,1
DA:29,1
DA:30,0
DA:31,1
DA:32,1
DA:33,1
DA:34,0
DA:37,1
DA:38,2
DA:41,3
DA:42,1
DA:43,1
DA:45,3
DA:46,1
DA:47,1
DA:48,1
DA:49,0
DA:52,1
DA:53,1
DA:54,1
DA:55,2
DA:58,3
DA:59,1
DA:60,1
DA:61,1
DA:63,3
DA:64,1
DA:65,1
DA:66,1
DA:67,0
DA:68,1
DA:69,1
DA:70,1
DA:71,0
DA:75,1
DA:76,2
LF:52
LH:46
end_of_record
TN:
SF:/app/relvar-core/tests/sentry_tclose_coverage.rs
FNF:0
DA:1,1
DA:9,3
DA:10,1
DA:11,1
DA:12,1
DA:13,1
DA:14,2
DA:16,1
DA:17,1
DA:18,1
DA:19,0
DA:21,2
DA:24,3
DA:25,1
DA:26,1
DA:27,1
DA:28,1
DA:29,2
DA:31,1
DA:32,1
DA:33,1
DA:34,0
DA:36,2
LF:23
LH:21
end_of_record
TN:
SF:/app/relvar-core/tests/sentry_tuple_type_coverage.rs
FNF:0
DA:1,1
DA:7,4
DA:8,1
DA:12,3
DA:13,2
DA:17,1
DA:21,1
DA:22,1
DA:25,3
DA:26,1
DA:27,2
DA:28,2
LF:12
LH:12
end_of_record
TN:
SF:/app/relvar-core/tests/warden_exploit_like.rs
FNF:0
DA:1,1
DA:5,3
DA:16,1
DA:17,1
DA:18,2
DA:20,2
DA:21,2
DA:24,2
DA:25,2
LF:9
LH:9
end_of_record
TN:
SF:/app/relvar-core/tests/warden_exploit_like_memory.rs
FNF:0
DA:1,1
DA:5,3
DA:10,1
DA:11,2
DA:13,2
DA:14,2
DA:16,2
DA:18,1
DA:19,2
DA:20,2
DA:21,3
DA:24,3
DA:27,2
DA:28,1
DA:30,1
DA:31,2
DA:33,2
DA:34,2
LF:18
LH:18
end_of_record
TN:
SF:/app/relvar-core/tests/warden_exploit_scalar_type_recursion.rs
FNF:0
DA:1,1
DA:5,3
DA:10,1
DA:17,3
DA:18,3
DA:20,2
DA:26,1
DA:29,2
DA:31,2
DA:33,1
DA:34,1
DA:40,0
DA:41,1
DA:42,2
DA:43,0
DA:47,3
DA:50,3
DA:54,1
DA:55,2
DA:58,2
DA:59,2
DA:64,2
DA:65,1
DA:66,2
DA:69,1
DA:70,2
DA:71,2
DA:76,1
DA:77,1
DA:80,1
DA:82,2
DA:83,1
DA:84,2
DA:86,0
DA:87,1
DA:88,2
DA:92,3
LF:37
LH:34
end_of_record
TN:
SF:/app/relvar-core/tests/warden_exploit_scalar_value_deserialization.rs
FNF:0
DA:1,1
DA:5,3
DA:9,1
DA:13,1
DA:15,3
DA:16,2
DA:24,1
DA:28,2
DA:32,1
DA:36,0
DA:40,0
DA:41,2
LF:12
LH:10
end_of_record
TN:
SF:/app/relvar-core/tests/warden_exploit_scalar_value_inconsistency.rs
FNF:0
DA:1,1
DA:5,3
DA:10,1
DA:17,1
DA:20,1
DA:21,0
DA:22,1
DA:23,1
DA:30,0
DA:31,2
DA:35,2
DA:37,2
LF:12
LH:10
end_of_record
TN:
SF:/app/relvar-core/tests/warden_exploit_scalar_value_mismatch.rs
FNF:0
DA:1,1
DA:5,3
DA:9,1
DA:21,1
DA:23,1
DA:24,0
DA:25,1
DA:26,1
DA:28,0
DA:29,2
DA:33,0
DA:34,2
DA:37,0
DA:38,2
DA:41,2
DA:43,2
LF:16
LH:12
end_of_record
TN:
SF:/app/relvar-core/tests/warden_exploit_scalar_value_recursion.rs
FNF:0
DA:1,1
DA:5,3
DA:7,1
DA:8,1
DA:14,3
DA:15,1
DA:16,1
DA:17,1
DA:18,0
DA:22,1
DA:25,2
DA:27,0
DA:28,2
DA:32,2
DA:38,0
DA:39,1
DA:40,2
DA:44,3
DA:47,3
DA:51,1
DA:52,1
DA:55,3
DA:56,1
DA:57,1
DA:58,1
DA:59,0
DA:63,1
DA:66,2
DA:68,0
DA:69,2
DA:73,2
DA:76,0
DA:77,2
DA:78,2
DA:82,3
LF:35
LH:29
end_of_record
TN:
SF:/app/relvar-core/tests/warden_exploit_serde_stack_overflow.rs
FNF:0
DA:1,1
DA:4,3
DA:5,1
DA:6,1
DA:9,2
DA:10,3
DA:13,1
DA:17,1
DA:20,1
DA:21,2
DA:25,1
DA:27,1
DA:28,0
DA:29,1
DA:30,1
DA:31,2
DA:32,0
DA:33,2
DA:35,2
DA:37,2
LF:20
LH:18
end_of_record
TN:
SF:/app/relvar-core/tests/warden_query_restrict_error.rs
FNF:0
DA:1,1
DA:10,3
DA:11,1
DA:13,1
DA:14,1
DA:15,1
DA:17,1
DA:18,1
DA:19,1
DA:20,1
DA:23,2
DA:24,1
DA:26,1
DA:27,1
DA:29,1
DA:30,2
DA:33,2
DA:34,1
DA:36,1
DA:37,1
DA:39,1
DA:40,2
DA:41,2
LF:23
LH:23
end_of_record
TN:
SF:/app/relvar-core/tests/warden_scalar_type_coverage.rs
FNF:0
DA:1,1
DA:4,3
DA:6,1
DA:18,1
DA:21,2
DA:22,1
DA:23,1
DA:24,1
DA:25,1
DA:26,1
DA:29,1
DA:30,2
DA:32,0
DA:36,1
DA:37,1
DA:38,1
DA:39,1
DA:41,2
DA:42,1
DA:44,0
DA:46,2
LF:21
LH:19
end_of_record
TN:
SF:/app/relvar-storage/src/persistent_engine.rs
FN:90,PersistentEngine::open
FNF:1
FNDA:0,PersistentEngine::open
DA:90,0
DA:91,0
DA:92,0
DA:95,0
DA:97,0
DA:100,0
DA:101,0
DA:105,0
DA:108,0
DA:111,0
DA:117,0
DA:119,0
LF:12
LH:0
end_of_record
TN:
SF:/app/relvar-storage/src/storage/catalog.rs
FNF:0
DA:170,0
DA:171,0
DA:174,0
DA:175,0
DA:176,0
DA:178,0
DA:179,0
DA:180,0
DA:184,0
DA:185,0
DA:188,0
DA:189,0
DA:190,0
DA:191,0
DA:193,0
DA:194,0
DA:195,0
DA:199,0
DA:221,0
DA:222,0
DA:223,0
DA:225,0
DA:229,0
DA:231,0
DA:232,0
DA:234,0
LF:26
LH:0
end_of_record
TN:
SF:/app/relvar-storage/src/storage/heap.rs
FN:36,deserialize_bounded
FN:40,serialize_compat
FN:45,serialized_size_compat
FNF:3
FNDA:0,deserialize_bounded
FNDA:0,serialize_compat
FNDA:0,serialized_size_compat
DA:36,0
DA:40,0
DA:41,0
DA:45,0
DA:46,0
DA:47,0
DA:48,0
DA:242,0
DA:243,0
DA:244,0
DA:245,0
DA:246,0
DA:274,0
DA:275,0
DA:276,0
DA:277,0
DA:278,0
DA:436,0
DA:437,0
DA:438,0
DA:440,0
DA:441,0
DA:442,0
DA:443,0
DA:456,0
DA:458,0
DA:459,0
DA:460,0
DA:461,0
DA:463,0
DA:475,0
DA:477,0
DA:478,0
DA:479,0
DA:480,0
DA:482,0
DA:533,0
DA:534,0
DA:535,0
DA:536,0
DA:537,0
DA:538,0
DA:539,0
DA:541,0
LF:44
LH:0
end_of_record
TN:
SF:/app/relvar-storage/src/storage/manager.rs
FN:33,StorageManager::new
FNF:1
FNDA:0,StorageManager::new
DA:33,0
DA:34,0
DA:36,0
DA:37,0
DA:38,0
DA:41,0
DA:43,0
DA:44,0
DA:46,0
DA:49,0
DA:50,0
DA:51,0
DA:52,0
DA:53,0
LF:14
LH:0
end_of_record
TN:
SF:/app/relvar-storage/src/storage/page.rs
FNF:0
DA:269,0
DA:270,0
DA:275,0
DA:276,0
DA:290,0
DA:291,0
DA:296,0
DA:297,0
LF:8
LH:0
end_of_record
TN:
SF:/app/relvar-storage/src/wal/iter.rs
FN:13,WalRecordIter<'a>::new
FN:19,WalRecordIter<'a>::read_lsn
FN:28,WalRecordIter<'a>::read_length
FN:50,<impl Iterator for WalRecordIter<'a>>::next
FNF:4
FNDA:0,WalRecordIter<'a>::new
FNDA:0,WalRecordIter<'a>::read_lsn
FNDA:0,WalRecordIter<'a>::read_length
FNDA:0,<impl Iterator for WalRecordIter<'a>>::next
DA:13,0
DA:19,0
DA:20,0
DA:23,0
DA:24,0
DA:25,0
DA:28,0
DA:29,0
DA:32,0
DA:33,0
DA:34,0
DA:35,0
DA:36,0
DA:37,0
DA:38,0
DA:42,0
DA:43,0
DA:50,0
DA:52,0
DA:53,0
DA:56,0
DA:58,0
DA:59,0
DA:60,0
DA:64,0
DA:65,0
DA:66,0
DA:67,0
DA:68,0
DA:69,0
DA:74,0
DA:78,0
DA:79,0
DA:80,0
DA:84,0
DA:85,0
DA:87,0
LF:37
LH:0
end_of_record
TN:
SF:/app/relvar-storage/src/wal/manager.rs
FN:72,WalManager::create
FN:99,WalManager::open
FNF:2
FNDA:0,WalManager::create
FNDA:0,WalManager::open
DA:72,0
DA:73,0
DA:78,0
DA:81,0
DA:82,0
DA:84,0
DA:85,0
DA:86,0
DA:87,0
DA:88,0
DA:89,0
DA:99,0
DA:100,0
DA:103,0
DA:105,0
DA:107,0
DA:108,0
DA:109,0
DA:110,0
DA:116,0
DA:118,0
DA:119,0
DA:120,0
DA:121,0
DA:122,0
DA:123,0
LF:26
LH:0
end_of_record
